2025-06-24 13:00:08 [ERROR]: Uncaught Exception - Spegnimento applicazione
Error: listen EADDRINUSE: address already in use :::3000
    at Server.setupListenHandle [as _listen2] (node:net:1937:16)
    at listenInCluster (node:net:1994:12)
    at Server.listen (node:net:2099:7)
    at Function.listen (C:\progetti\nexus-crm\node_modules\express\lib\application.js:635:24)
    at gracefulShutdown (C:\progetti\nexus-crm\app.js:192:22)
    at process.<anonymous> (C:\progetti\nexus-crm\app.js:216:28)
    at process.emit (node:events:536:35)
{
  "service": "nexus-crm",
  "error": "listen EADDRINUSE: address already in use :::3000"
}
2025-06-24 14:38:57 [ERROR]: Uncaught Exception - Spegnimento applicazione
Error: listen EADDRINUSE: address already in use :::3000
    at Server.setupListenHandle [as _listen2] (node:net:1937:16)
    at listenInCluster (node:net:1994:12)
    at Server.listen (node:net:2099:7)
    at Function.listen (C:\progetti\nexus-crm\node_modules\express\lib\application.js:635:24)
    at gracefulShutdown (C:\progetti\nexus-crm\app.js:192:22)
    at process.<anonymous> (C:\progetti\nexus-crm\app.js:216:28)
    at process.emit (node:events:536:35)
{
  "service": "nexus-crm",
  "error": "listen EADDRINUSE: address already in use :::3000"
}
2025-06-24 14:56:21 [ERROR]: Uncaught Exception - Spegnimento applicazione
Error: listen EADDRINUSE: address already in use :::3000
    at Server.setupListenHandle [as _listen2] (node:net:1937:16)
    at listenInCluster (node:net:1994:12)
    at Server.listen (node:net:2099:7)
    at Function.listen (C:\progetti\nexus-crm\node_modules\express\lib\application.js:635:24)
    at gracefulShutdown (C:\progetti\nexus-crm\app.js:196:22)
    at process.<anonymous> (C:\progetti\nexus-crm\app.js:220:28)
    at process.emit (node:events:536:35)
{
  "service": "nexus-crm",
  "error": "listen EADDRINUSE: address already in use :::3000"
}
2025-06-24 15:08:56 [ERROR]: Unhandled error
SyntaxError: Unexpected token '||' in C:\progetti\nexus-crm\views\clients\view.ejs while compiling ejs

If the above error is not helpful, you may want to try EJS-Lint:
https://github.com/RyanZim/EJS-Lint
Or, if you meant to create an async function, pass `async: true` as an option.
    at new Function (<anonymous>)
    at Template.compile (C:\progetti\nexus-crm\node_modules\ejs\lib\ejs.js:673:12)
    at Object.compile (C:\progetti\nexus-crm\node_modules\ejs\lib\ejs.js:398:16)
    at handleCache (C:\progetti\nexus-crm\node_modules\ejs\lib\ejs.js:235:18)
    at tryHandleCache (C:\progetti\nexus-crm\node_modules\ejs\lib\ejs.js:274:16)
    at exports.renderFile [as engine] (C:\progetti\nexus-crm\node_modules\ejs\lib\ejs.js:491:10)
    at View.render (C:\progetti\nexus-crm\node_modules\express\lib\view.js:135:8)
    at tryRender (C:\progetti\nexus-crm\node_modules\express\lib\application.js:657:10)
    at Function.render (C:\progetti\nexus-crm\node_modules\express\lib\application.js:609:3)
    at ServerResponse.render (C:\progetti\nexus-crm\node_modules\express\lib\response.js:1049:7)
{
  "service": "nexus-crm",
  "error": "Unexpected token '||' in C:\\progetti\\nexus-crm\\views\\clients\\view.ejs while compiling ejs\n\nIf the above error is not helpful, you may want to try EJS-Lint:\nhttps://github.com/RyanZim/EJS-Lint\nOr, if you meant to create an async function, pass `async: true` as an option.",
  "method": "GET",
  "url": "/clients/view/1",
  "ip": "::1",
  "userAgent": "Mozilla/5.0 (Windows NT 10.0; Win64; x64) AppleWebKit/537.36 (KHTML, like Gecko) Chrome/137.0.0.0 Safari/537.36",
  "userId": 1,
  "username": "admin",
  "body": {},
  "query": {},
  "params": {}
}
2025-06-24 15:08:56 [ERROR]: Errore non gestito nell'applicazione
SyntaxError: Unexpected token '||' in C:\progetti\nexus-crm\views\clients\view.ejs while compiling ejs

If the above error is not helpful, you may want to try EJS-Lint:
https://github.com/RyanZim/EJS-Lint
Or, if you meant to create an async function, pass `async: true` as an option.
    at new Function (<anonymous>)
    at Template.compile (C:\progetti\nexus-crm\node_modules\ejs\lib\ejs.js:673:12)
    at Object.compile (C:\progetti\nexus-crm\node_modules\ejs\lib\ejs.js:398:16)
    at handleCache (C:\progetti\nexus-crm\node_modules\ejs\lib\ejs.js:235:18)
    at tryHandleCache (C:\progetti\nexus-crm\node_modules\ejs\lib\ejs.js:274:16)
    at exports.renderFile [as engine] (C:\progetti\nexus-crm\node_modules\ejs\lib\ejs.js:491:10)
    at View.render (C:\progetti\nexus-crm\node_modules\express\lib\view.js:135:8)
    at tryRender (C:\progetti\nexus-crm\node_modules\express\lib\application.js:657:10)
    at Function.render (C:\progetti\nexus-crm\node_modules\express\lib\application.js:609:3)
    at ServerResponse.render (C:\progetti\nexus-crm\node_modules\express\lib\response.js:1049:7)
{
  "service": "nexus-crm",
  "error": "Unexpected token '||' in C:\\progetti\\nexus-crm\\views\\clients\\view.ejs while compiling ejs\n\nIf the above error is not helpful, you may want to try EJS-Lint:\nhttps://github.com/RyanZim/EJS-Lint\nOr, if you meant to create an async function, pass `async: true` as an option.",
  "url": "/clients/view/1",
  "method": "GET",
  "ip": "::1",
  "userId": 1,
  "userAgent": "Mozilla/5.0 (Windows NT 10.0; Win64; x64) AppleWebKit/537.36 (KHTML, like Gecko) Chrome/137.0.0.0 Safari/537.36"
}
2025-06-24 15:09:14 [ERROR]: Unhandled error
SyntaxError: Unexpected token '||' in C:\progetti\nexus-crm\views\clients\view.ejs while compiling ejs

If the above error is not helpful, you may want to try EJS-Lint:
https://github.com/RyanZim/EJS-Lint
Or, if you meant to create an async function, pass `async: true` as an option.
    at new Function (<anonymous>)
    at Template.compile (C:\progetti\nexus-crm\node_modules\ejs\lib\ejs.js:673:12)
    at Object.compile (C:\progetti\nexus-crm\node_modules\ejs\lib\ejs.js:398:16)
    at handleCache (C:\progetti\nexus-crm\node_modules\ejs\lib\ejs.js:235:18)
    at tryHandleCache (C:\progetti\nexus-crm\node_modules\ejs\lib\ejs.js:274:16)
    at exports.renderFile [as engine] (C:\progetti\nexus-crm\node_modules\ejs\lib\ejs.js:491:10)
    at View.render (C:\progetti\nexus-crm\node_modules\express\lib\view.js:135:8)
    at tryRender (C:\progetti\nexus-crm\node_modules\express\lib\application.js:657:10)
    at Function.render (C:\progetti\nexus-crm\node_modules\express\lib\application.js:609:3)
    at ServerResponse.render (C:\progetti\nexus-crm\node_modules\express\lib\response.js:1049:7)
{
  "service": "nexus-crm",
  "error": "Unexpected token '||' in C:\\progetti\\nexus-crm\\views\\clients\\view.ejs while compiling ejs\n\nIf the above error is not helpful, you may want to try EJS-Lint:\nhttps://github.com/RyanZim/EJS-Lint\nOr, if you meant to create an async function, pass `async: true` as an option.",
  "method": "GET",
  "url": "/clients/view/1",
  "ip": "::1",
  "userAgent": "Mozilla/5.0 (Windows NT 10.0; Win64; x64) AppleWebKit/537.36 (KHTML, like Gecko) Chrome/137.0.0.0 Safari/537.36",
  "userId": 1,
  "username": "admin",
  "body": {},
  "query": {},
  "params": {}
}
2025-06-24 15:09:14 [ERROR]: Errore non gestito nell'applicazione
SyntaxError: Unexpected token '||' in C:\progetti\nexus-crm\views\clients\view.ejs while compiling ejs

If the above error is not helpful, you may want to try EJS-Lint:
https://github.com/RyanZim/EJS-Lint
Or, if you meant to create an async function, pass `async: true` as an option.
    at new Function (<anonymous>)
    at Template.compile (C:\progetti\nexus-crm\node_modules\ejs\lib\ejs.js:673:12)
    at Object.compile (C:\progetti\nexus-crm\node_modules\ejs\lib\ejs.js:398:16)
    at handleCache (C:\progetti\nexus-crm\node_modules\ejs\lib\ejs.js:235:18)
    at tryHandleCache (C:\progetti\nexus-crm\node_modules\ejs\lib\ejs.js:274:16)
    at exports.renderFile [as engine] (C:\progetti\nexus-crm\node_modules\ejs\lib\ejs.js:491:10)
    at View.render (C:\progetti\nexus-crm\node_modules\express\lib\view.js:135:8)
    at tryRender (C:\progetti\nexus-crm\node_modules\express\lib\application.js:657:10)
    at Function.render (C:\progetti\nexus-crm\node_modules\express\lib\application.js:609:3)
    at ServerResponse.render (C:\progetti\nexus-crm\node_modules\express\lib\response.js:1049:7)
{
  "service": "nexus-crm",
  "error": "Unexpected token '||' in C:\\progetti\\nexus-crm\\views\\clients\\view.ejs while compiling ejs\n\nIf the above error is not helpful, you may want to try EJS-Lint:\nhttps://github.com/RyanZim/EJS-Lint\nOr, if you meant to create an async function, pass `async: true` as an option.",
  "url": "/clients/view/1",
  "method": "GET",
  "ip": "::1",
  "userId": 1,
  "userAgent": "Mozilla/5.0 (Windows NT 10.0; Win64; x64) AppleWebKit/537.36 (KHTML, like Gecko) Chrome/137.0.0.0 Safari/537.36"
}
2025-06-24 15:09:44 [ERROR]: Unhandled error
SyntaxError: Unexpected token '||' in C:\progetti\nexus-crm\views\clients\view.ejs while compiling ejs

If the above error is not helpful, you may want to try EJS-Lint:
https://github.com/RyanZim/EJS-Lint
Or, if you meant to create an async function, pass `async: true` as an option.
    at new Function (<anonymous>)
    at Template.compile (C:\progetti\nexus-crm\node_modules\ejs\lib\ejs.js:673:12)
    at Object.compile (C:\progetti\nexus-crm\node_modules\ejs\lib\ejs.js:398:16)
    at handleCache (C:\progetti\nexus-crm\node_modules\ejs\lib\ejs.js:235:18)
    at tryHandleCache (C:\progetti\nexus-crm\node_modules\ejs\lib\ejs.js:274:16)
    at exports.renderFile [as engine] (C:\progetti\nexus-crm\node_modules\ejs\lib\ejs.js:491:10)
    at View.render (C:\progetti\nexus-crm\node_modules\express\lib\view.js:135:8)
    at tryRender (C:\progetti\nexus-crm\node_modules\express\lib\application.js:657:10)
    at Function.render (C:\progetti\nexus-crm\node_modules\express\lib\application.js:609:3)
    at ServerResponse.render (C:\progetti\nexus-crm\node_modules\express\lib\response.js:1049:7)
{
  "service": "nexus-crm",
  "error": "Unexpected token '||' in C:\\progetti\\nexus-crm\\views\\clients\\view.ejs while compiling ejs\n\nIf the above error is not helpful, you may want to try EJS-Lint:\nhttps://github.com/RyanZim/EJS-Lint\nOr, if you meant to create an async function, pass `async: true` as an option.",
  "method": "GET",
  "url": "/clients/view/1",
  "ip": "::1",
  "userAgent": "Mozilla/5.0 (Windows NT 10.0; Win64; x64) AppleWebKit/537.36 (KHTML, like Gecko) Chrome/137.0.0.0 Safari/537.36",
  "userId": 1,
  "username": "admin",
  "body": {},
  "query": {},
  "params": {}
}
2025-06-24 15:09:44 [ERROR]: Errore non gestito nell'applicazione
SyntaxError: Unexpected token '||' in C:\progetti\nexus-crm\views\clients\view.ejs while compiling ejs

If the above error is not helpful, you may want to try EJS-Lint:
https://github.com/RyanZim/EJS-Lint
Or, if you meant to create an async function, pass `async: true` as an option.
    at new Function (<anonymous>)
    at Template.compile (C:\progetti\nexus-crm\node_modules\ejs\lib\ejs.js:673:12)
    at Object.compile (C:\progetti\nexus-crm\node_modules\ejs\lib\ejs.js:398:16)
    at handleCache (C:\progetti\nexus-crm\node_modules\ejs\lib\ejs.js:235:18)
    at tryHandleCache (C:\progetti\nexus-crm\node_modules\ejs\lib\ejs.js:274:16)
    at exports.renderFile [as engine] (C:\progetti\nexus-crm\node_modules\ejs\lib\ejs.js:491:10)
    at View.render (C:\progetti\nexus-crm\node_modules\express\lib\view.js:135:8)
    at tryRender (C:\progetti\nexus-crm\node_modules\express\lib\application.js:657:10)
    at Function.render (C:\progetti\nexus-crm\node_modules\express\lib\application.js:609:3)
    at ServerResponse.render (C:\progetti\nexus-crm\node_modules\express\lib\response.js:1049:7)
{
  "service": "nexus-crm",
  "error": "Unexpected token '||' in C:\\progetti\\nexus-crm\\views\\clients\\view.ejs while compiling ejs\n\nIf the above error is not helpful, you may want to try EJS-Lint:\nhttps://github.com/RyanZim/EJS-Lint\nOr, if you meant to create an async function, pass `async: true` as an option.",
  "url": "/clients/view/1",
  "method": "GET",
  "ip": "::1",
  "userId": 1,
  "userAgent": "Mozilla/5.0 (Windows NT 10.0; Win64; x64) AppleWebKit/537.36 (KHTML, like Gecko) Chrome/137.0.0.0 Safari/537.36"
}
2025-06-24 16:02:59 [ERROR]: Uncaught Exception - Spegnimento applicazione
Error: listen EADDRINUSE: address already in use :::3000
    at Server.setupListenHandle [as _listen2] (node:net:1937:16)
    at listenInCluster (node:net:1994:12)
    at Server.listen (node:net:2099:7)
    at Function.listen (C:\progetti\nexus-crm\node_modules\express\lib\application.js:635:24)
    at gracefulShutdown (C:\progetti\nexus-crm\app.js:196:22)
    at process.<anonymous> (C:\progetti\nexus-crm\app.js:220:28)
    at process.emit (node:events:536:35)
{
  "service": "nexus-crm",
  "error": "listen EADDRINUSE: address already in use :::3000"
}
2025-06-24 16:13:58 [ERROR]: Uncaught Exception - Spegnimento applicazione
Error: listen EADDRINUSE: address already in use :::3000
    at Server.setupListenHandle [as _listen2] (node:net:1937:16)
    at listenInCluster (node:net:1994:12)
    at Server.listen (node:net:2099:7)
    at Function.listen (C:\progetti\nexus-crm\node_modules\express\lib\application.js:635:24)
    at gracefulShutdown (C:\progetti\nexus-crm\app.js:200:22)
    at process.<anonymous> (C:\progetti\nexus-crm\app.js:224:28)
    at process.emit (node:events:536:35)
{
  "service": "nexus-crm",
  "error": "listen EADDRINUSE: address already in use :::3000"
}
