2025-06-23 13:22:00 [INFO]: Avvio NEXUS CRM
{
  "service": "nexus-crm",
  "port": 3000
}
2025-06-23 13:22:00 [INFO]: Server avviato con successo
{
  "service": "nexus-crm",
  "port": 3000
}
2025-06-23 13:22:00 [INFO]: Connesso al database SQLite
{
  "service": "nexus-crm",
  "dbPath": "C:\\progetti\\nexus-crm\\data\\nexus.db"
}
2025-06-23 13:22:01 [INFO]: Tabella users verificata/creata
{
  "service": "nexus-crm"
}
2025-06-23 13:22:01 [INFO]: Tabella clients verificata/creata
{
  "service": "nexus-crm"
}
2025-06-23 13:22:01 [INFO]: Tabella activities verificata/creata
{
  "service": "nexus-crm"
}
2025-06-23 13:22:01 [INFO]: Tabella products verificata/creata
{
  "service": "nexus-crm"
}
2025-06-23 13:22:01 [INFO]: Tabella contracts verificata/creata
{
  "service": "nexus-crm"
}
2025-06-23 13:22:01 [INFO]: Tabella user_sessions creata
{
  "service": "nexus-crm"
}
2025-06-23 13:22:01 [INFO]: Utente admin già esistente
{
  "service": "nexus-crm"
}
2025-06-23 13:22:27 [INFO]: HTTP Request
{
  "service": "nexus-crm",
  "method": "GET",
  "url": "/login",
  "ip": "::1",
  "userAgent": "Mozilla/5.0 (Windows NT 10.0; Win64; x64) AppleWebKit/537.36 (KHTML, like Gecko) Chrome/137.0.0.0 Safari/537.36",
  "statusCode": 200,
  "duration": "31ms",
  "contentLength": 2875
}
2025-06-23 13:22:35 [INFO]: HTTP Request
{
  "service": "nexus-crm",
  "method": "GET",
  "url": "/",
  "ip": "::1",
  "userAgent": "Mozilla/5.0 (Windows NT 10.0; Win64; x64) AppleWebKit/537.36 (KHTML, like Gecko) Chrome/137.0.0.0 Safari/537.36",
  "userId": 1,
  "username": "admin",
  "statusCode": 200,
  "duration": "12ms",
  "contentLength": 7803
}
2025-06-23 13:22:41 [INFO]: HTTP Request
{
  "service": "nexus-crm",
  "method": "GET",
  "url": "/contracts",
  "ip": "::1",
  "userAgent": "Mozilla/5.0 (Windows NT 10.0; Win64; x64) AppleWebKit/537.36 (KHTML, like Gecko) Chrome/137.0.0.0 Safari/537.36",
  "userId": 1,
  "username": "admin",
  "statusCode": 500,
  "duration": "22ms",
  "contentLength": 4991
}
2025-06-23 13:22:45 [INFO]: HTTP Request
{
  "service": "nexus-crm",
  "method": "GET",
  "url": "/contracts/stats",
  "ip": "::1",
  "userAgent": "Mozilla/5.0 (Windows NT 10.0; Win64; x64) AppleWebKit/537.36 (KHTML, like Gecko) Chrome/137.0.0.0 Safari/537.36",
  "userId": 1,
  "username": "admin",
  "statusCode": 200,
  "duration": "26ms",
  "contentLength": 8689
}
2025-06-23 13:22:47 [INFO]: HTTP Request
{
  "service": "nexus-crm",
  "method": "GET",
  "url": "/contracts",
  "ip": "::1",
  "userAgent": "Mozilla/5.0 (Windows NT 10.0; Win64; x64) AppleWebKit/537.36 (KHTML, like Gecko) Chrome/137.0.0.0 Safari/537.36",
  "userId": 1,
  "username": "admin",
  "statusCode": 500,
  "duration": "16ms",
  "contentLength": 4991
}
2025-06-23 13:22:48 [INFO]: HTTP Request
{
  "service": "nexus-crm",
  "method": "GET",
  "url": "/activities/date/2025-06-23",
  "ip": "::1",
  "userAgent": "Mozilla/5.0 (Windows NT 10.0; Win64; x64) AppleWebKit/537.36 (KHTML, like Gecko) Chrome/137.0.0.0 Safari/537.36",
  "userId": 1,
  "username": "admin",
  "statusCode": 200,
  "duration": "313ms",
  "contentLength": 6199
}
2025-06-23 13:22:49 [INFO]: HTTP Request
{
  "service": "nexus-crm",
  "method": "GET",
  "url": "/contracts",
  "ip": "::1",
  "userAgent": "Mozilla/5.0 (Windows NT 10.0; Win64; x64) AppleWebKit/537.36 (KHTML, like Gecko) Chrome/137.0.0.0 Safari/537.36",
  "userId": 1,
  "username": "admin",
  "statusCode": 500,
  "duration": "13ms",
  "contentLength": 4991
}
2025-06-23 13:22:51 [INFO]: HTTP Request
{
  "service": "nexus-crm",
  "method": "GET",
  "url": "/",
  "ip": "::1",
  "userAgent": "Mozilla/5.0 (Windows NT 10.0; Win64; x64) AppleWebKit/537.36 (KHTML, like Gecko) Chrome/137.0.0.0 Safari/537.36",
  "userId": 1,
  "username": "admin",
  "statusCode": 200,
  "duration": "6ms",
  "contentLength": 7803
}
2025-06-23 13:24:51 [INFO]: Ricevuto SIGINT, chiusura database...
{
  "service": "nexus-crm"
}
2025-06-23 13:25:43 [INFO]: Inizio migrazione: aggiunta colonna product_id alla tabella contracts
{
  "service": "nexus-crm"
}
2025-06-23 13:25:43 [INFO]: Backup di 1 contratti esistenti
{
  "service": "nexus-crm"
}
2025-06-23 13:25:43 [INFO]: Tabella di backup eliminata
{
  "service": "nexus-crm"
}
2025-06-23 13:25:50 [INFO]: Avvio NEXUS CRM
{
  "service": "nexus-crm",
  "port": 3000
}
2025-06-23 13:25:50 [INFO]: Server avviato con successo
{
  "service": "nexus-crm",
  "port": 3000
}
2025-06-23 13:25:50 [INFO]: Connesso al database SQLite
{
  "service": "nexus-crm",
  "dbPath": "C:\\progetti\\nexus-crm\\data\\nexus.db"
}
2025-06-23 13:25:50 [INFO]: Tabella users verificata/creata
{
  "service": "nexus-crm"
}
2025-06-23 13:25:50 [INFO]: Tabella clients verificata/creata
{
  "service": "nexus-crm"
}
2025-06-23 13:25:50 [INFO]: Tabella activities verificata/creata
{
  "service": "nexus-crm"
}
2025-06-23 13:25:50 [INFO]: Tabella products verificata/creata
{
  "service": "nexus-crm"
}
2025-06-23 13:25:50 [INFO]: Tabella contracts verificata/creata
{
  "service": "nexus-crm"
}
2025-06-23 13:25:50 [INFO]: Tabella user_sessions creata
{
  "service": "nexus-crm"
}
2025-06-23 13:25:50 [INFO]: Utente admin già esistente
{
  "service": "nexus-crm"
}
2025-06-23 13:25:59 [INFO]: HTTP Request
{
  "service": "nexus-crm",
  "method": "GET",
  "url": "/login",
  "ip": "::1",
  "userAgent": "Mozilla/5.0 (Windows NT 10.0; Win64; x64) AppleWebKit/537.36 (KHTML, like Gecko) Chrome/137.0.0.0 Safari/537.36",
  "statusCode": 200,
  "duration": "19ms",
  "contentLength": 2875
}
2025-06-23 13:26:06 [INFO]: HTTP Request
{
  "service": "nexus-crm",
  "method": "GET",
  "url": "/",
  "ip": "::1",
  "userAgent": "Mozilla/5.0 (Windows NT 10.0; Win64; x64) AppleWebKit/537.36 (KHTML, like Gecko) Chrome/137.0.0.0 Safari/537.36",
  "userId": 1,
  "username": "admin",
  "statusCode": 200,
  "duration": "14ms",
  "contentLength": 7803
}
2025-06-23 13:26:13 [INFO]: HTTP Request
{
  "service": "nexus-crm",
  "method": "GET",
  "url": "/contracts",
  "ip": "::1",
  "userAgent": "Mozilla/5.0 (Windows NT 10.0; Win64; x64) AppleWebKit/537.36 (KHTML, like Gecko) Chrome/137.0.0.0 Safari/537.36",
  "userId": 1,
  "username": "admin",
  "statusCode": 200,
  "duration": "99ms",
  "contentLength": 8443
}
2025-06-23 13:26:19 [INFO]: HTTP Request
{
  "service": "nexus-crm",
  "method": "GET",
  "url": "/clients",
  "ip": "::1",
  "userAgent": "Mozilla/5.0 (Windows NT 10.0; Win64; x64) AppleWebKit/537.36 (KHTML, like Gecko) Chrome/137.0.0.0 Safari/537.36",
  "userId": 1,
  "username": "admin",
  "statusCode": 200,
  "duration": "13ms",
  "contentLength": 7567
}
2025-06-23 13:26:21 [INFO]: HTTP Request
{
  "service": "nexus-crm",
  "method": "GET",
  "url": "/activities",
  "ip": "::1",
  "userAgent": "Mozilla/5.0 (Windows NT 10.0; Win64; x64) AppleWebKit/537.36 (KHTML, like Gecko) Chrome/137.0.0.0 Safari/537.36",
  "userId": 1,
  "username": "admin",
  "statusCode": 200,
  "duration": "15ms",
  "contentLength": 8295
}
2025-06-23 13:26:22 [INFO]: HTTP Request
{
  "service": "nexus-crm",
  "method": "GET",
  "url": "/activities/date/2025-06-23",
  "ip": "::1",
  "userAgent": "Mozilla/5.0 (Windows NT 10.0; Win64; x64) AppleWebKit/537.36 (KHTML, like Gecko) Chrome/137.0.0.0 Safari/537.36",
  "userId": 1,
  "username": "admin",
  "statusCode": 200,
  "duration": "17ms",
  "contentLength": 6199
}
2025-06-23 13:26:23 [INFO]: HTTP Request
{
  "service": "nexus-crm",
  "method": "GET",
  "url": "/contracts",
  "ip": "::1",
  "userAgent": "Mozilla/5.0 (Windows NT 10.0; Win64; x64) AppleWebKit/537.36 (KHTML, like Gecko) Chrome/137.0.0.0 Safari/537.36",
  "userId": 1,
  "username": "admin",
  "statusCode": 200,
  "duration": "14ms",
  "contentLength": 8443
}
2025-06-23 13:26:24 [INFO]: HTTP Request
{
  "service": "nexus-crm",
  "method": "GET",
  "url": "/contracts/stats",
  "ip": "::1",
  "userAgent": "Mozilla/5.0 (Windows NT 10.0; Win64; x64) AppleWebKit/537.36 (KHTML, like Gecko) Chrome/137.0.0.0 Safari/537.36",
  "userId": 1,
  "username": "admin",
  "statusCode": 200,
  "duration": "13ms",
  "contentLength": 8689
}
2025-06-23 13:26:26 [INFO]: HTTP Request
{
  "service": "nexus-crm",
  "method": "GET",
  "url": "/users",
  "ip": "::1",
  "userAgent": "Mozilla/5.0 (Windows NT 10.0; Win64; x64) AppleWebKit/537.36 (KHTML, like Gecko) Chrome/137.0.0.0 Safari/537.36",
  "userId": 1,
  "username": "admin",
  "statusCode": 200,
  "duration": "12ms",
  "contentLength": 7651
}
2025-06-23 13:26:27 [INFO]: HTTP Request
{
  "service": "nexus-crm",
  "method": "GET",
  "url": "/products",
  "ip": "::1",
  "userAgent": "Mozilla/5.0 (Windows NT 10.0; Win64; x64) AppleWebKit/537.36 (KHTML, like Gecko) Chrome/137.0.0.0 Safari/537.36",
  "userId": 1,
  "username": "admin",
  "statusCode": 200,
  "duration": "14ms",
  "contentLength": 7061
}
2025-06-23 13:26:28 [INFO]: HTTP Request
{
  "service": "nexus-crm",
  "method": "GET",
  "url": "/",
  "ip": "::1",
  "userAgent": "Mozilla/5.0 (Windows NT 10.0; Win64; x64) AppleWebKit/537.36 (KHTML, like Gecko) Chrome/137.0.0.0 Safari/537.36",
  "userId": 1,
  "username": "admin",
  "statusCode": 200,
  "duration": "7ms",
  "contentLength": 7803
}
2025-06-23 13:29:24 [INFO]: Ricevuto SIGINT, chiusura database...
{
  "service": "nexus-crm"
}
2025-06-23 13:47:31 [INFO]: Avvio NEXUS CRM
{
  "service": "nexus-crm",
  "port": 3000
}
2025-06-23 13:47:32 [INFO]: Server avviato con successo
{
  "service": "nexus-crm",
  "port": 3000,
  "nodeEnv": "development",
  "nodeVersion": "v22.13.1"
}
2025-06-23 13:47:32 [INFO]: Connesso al database SQLite
{
  "service": "nexus-crm",
  "dbPath": "C:\\progetti\\nexus-crm\\data\\nexus.db"
}
2025-06-23 13:47:32 [INFO]: Tabella users verificata/creata
{
  "service": "nexus-crm"
}
2025-06-23 13:47:32 [INFO]: Tabella clients verificata/creata
{
  "service": "nexus-crm"
}
2025-06-23 13:47:32 [INFO]: Tabella activities verificata/creata
{
  "service": "nexus-crm"
}
2025-06-23 13:47:32 [INFO]: Tabella products verificata/creata
{
  "service": "nexus-crm"
}
2025-06-23 13:47:32 [INFO]: Tabella contracts verificata/creata
{
  "service": "nexus-crm"
}
2025-06-23 13:47:32 [INFO]: Tabella user_sessions creata
{
  "service": "nexus-crm"
}
2025-06-23 13:47:32 [INFO]: Utente admin già esistente
{
  "service": "nexus-crm"
}
2025-06-23 13:47:40 [INFO]: HTTP Request
{
  "service": "nexus-crm",
  "method": "GET",
  "url": "/login",
  "ip": "::1",
  "userAgent": "Mozilla/5.0 (Windows NT 10.0; Win64; x64) AppleWebKit/537.36 (KHTML, like Gecko) Chrome/137.0.0.0 Safari/537.36",
  "statusCode": 200,
  "duration": "42ms",
  "contentLength": 2875
}
2025-06-23 13:47:49 [ERROR]: Uncaught Exception - Spegnimento applicazione
TypeError: callback is not a function
    at C:\progetti\nexus-crm\models\user.js:71:16
{
  "service": "nexus-crm",
  "error": "callback is not a function"
}
2025-06-23 13:49:42 [INFO]: Avvio NEXUS CRM
{
  "service": "nexus-crm",
  "port": 3000
}
2025-06-23 13:49:42 [INFO]: Server avviato con successo
{
  "service": "nexus-crm",
  "port": 3000,
  "nodeEnv": "development",
  "nodeVersion": "v22.13.1"
}
2025-06-23 13:49:42 [INFO]: Connesso al database SQLite
{
  "service": "nexus-crm",
  "dbPath": "C:\\progetti\\nexus-crm\\data\\nexus.db"
}
2025-06-23 13:49:43 [INFO]: Tabella users verificata/creata
{
  "service": "nexus-crm"
}
2025-06-23 13:49:43 [INFO]: Tabella clients verificata/creata
{
  "service": "nexus-crm"
}
2025-06-23 13:49:43 [INFO]: Tabella activities verificata/creata
{
  "service": "nexus-crm"
}
2025-06-23 13:49:43 [INFO]: Tabella products verificata/creata
{
  "service": "nexus-crm"
}
2025-06-23 13:49:43 [INFO]: Tabella contracts verificata/creata
{
  "service": "nexus-crm"
}
2025-06-23 13:49:43 [INFO]: Tabella user_sessions creata
{
  "service": "nexus-crm"
}
2025-06-23 13:49:43 [INFO]: Utente admin già esistente
{
  "service": "nexus-crm"
}
2025-06-23 13:49:49 [INFO]: HTTP Request
{
  "service": "nexus-crm",
  "method": "GET",
  "url": "/login",
  "ip": "::1",
  "userAgent": "Mozilla/5.0 (Windows NT 10.0; Win64; x64) AppleWebKit/537.36 (KHTML, like Gecko) Chrome/137.0.0.0 Safari/537.36",
  "statusCode": 200,
  "duration": "35ms",
  "contentLength": 2875
}
2025-06-23 13:49:56 [INFO]: Login riuscito
{
  "service": "nexus-crm",
  "userId": 1,
  "username": "admin",
  "role": "administrator",
  "ip": "::1",
  "userAgent": "Mozilla/5.0 (Windows NT 10.0; Win64; x64) AppleWebKit/537.36 (KHTML, like Gecko) Chrome/137.0.0.0 Safari/537.36"
}
2025-06-23 13:49:56 [INFO]: Login completato con successo
{
  "service": "nexus-crm",
  "userId": 1,
  "username": "admin",
  "role": "administrator",
  "ip": "::1",
  "sessionId": "8KolgKE9WUsb14hCVpINx5GVHewGp6zS"
}
2025-06-23 13:49:57 [ERROR]: Errore nel reset tentativi falliti
Error: SQLITE_ERROR: no such column: failed_login_attempts
{
  "service": "nexus-crm",
  "error": "SQLITE_ERROR: no such column: failed_login_attempts"
}
2025-06-23 13:49:57 [ERROR]: Errore nell'aggiornamento last_login
Error: SQLITE_ERROR: no such column: last_login
{
  "service": "nexus-crm",
  "error": "SQLITE_ERROR: no such column: last_login"
}
2025-06-23 13:49:57 [ERROR]: Uncaught Exception - Spegnimento applicazione
TypeError: Cannot read properties of undefined (reading 'lastID')
    at C:\progetti\nexus-crm\models\user.js:354:40
    at args.<computed> (C:\progetti\nexus-crm\middleware\logging.js:111:9)
{
  "service": "nexus-crm",
  "error": "Cannot read properties of undefined (reading 'lastID')"
}
2025-06-23 13:51:24 [INFO]: Inizio migrazione tabella users
{
  "service": "nexus-crm",
  "missingColumns": [
    "last_login",
    "failed_login_attempts",
    "account_locked",
    "updated_at"
  ]
}
2025-06-23 13:51:25 [INFO]: Migrazione tabella users completata
{
  "service": "nexus-crm",
  "migratedUsers": 2,
  "addedColumns": [
    "last_login",
    "failed_login_attempts",
    "account_locked",
    "updated_at"
  ]
}
2025-06-23 13:51:30 [INFO]: Avvio NEXUS CRM
{
  "service": "nexus-crm",
  "port": 3000
}
2025-06-23 13:51:31 [INFO]: Server avviato con successo
{
  "service": "nexus-crm",
  "port": 3000,
  "nodeEnv": "development",
  "nodeVersion": "v22.13.1"
}
2025-06-23 13:51:31 [INFO]: Connesso al database SQLite
{
  "service": "nexus-crm",
  "dbPath": "C:\\progetti\\nexus-crm\\data\\nexus.db"
}
2025-06-23 13:51:31 [INFO]: Tabella users verificata/creata
{
  "service": "nexus-crm"
}
2025-06-23 13:51:31 [INFO]: Tabella clients verificata/creata
{
  "service": "nexus-crm"
}
2025-06-23 13:51:31 [INFO]: Tabella activities verificata/creata
{
  "service": "nexus-crm"
}
2025-06-23 13:51:31 [INFO]: Tabella products verificata/creata
{
  "service": "nexus-crm"
}
2025-06-23 13:51:31 [INFO]: Tabella contracts verificata/creata
{
  "service": "nexus-crm"
}
2025-06-23 13:51:31 [INFO]: Tabella user_sessions creata
{
  "service": "nexus-crm"
}
2025-06-23 13:51:31 [INFO]: Utente admin già esistente
{
  "service": "nexus-crm"
}
2025-06-23 13:51:37 [INFO]: HTTP Request
{
  "service": "nexus-crm",
  "method": "GET",
  "url": "/login",
  "ip": "::1",
  "userAgent": "Mozilla/5.0 (Windows NT 10.0; Win64; x64) AppleWebKit/537.36 (KHTML, like Gecko) Chrome/137.0.0.0 Safari/537.36",
  "statusCode": 200,
  "duration": "31ms",
  "contentLength": 2875
}
2025-06-23 13:51:44 [INFO]: Login riuscito
{
  "service": "nexus-crm",
  "userId": 1,
  "username": "admin",
  "role": "administrator",
  "ip": "::1",
  "userAgent": "Mozilla/5.0 (Windows NT 10.0; Win64; x64) AppleWebKit/537.36 (KHTML, like Gecko) Chrome/137.0.0.0 Safari/537.36"
}
2025-06-23 13:51:44 [INFO]: Login completato con successo
{
  "service": "nexus-crm",
  "userId": 1,
  "username": "admin",
  "role": "administrator",
  "ip": "::1",
  "sessionId": "bNtzU_e6fHfX5HHe_Q4jWQsYkamNGTq5"
}
2025-06-23 13:51:44 [ERROR]: Uncaught Exception - Spegnimento applicazione
TypeError: Cannot read properties of undefined (reading 'lastID')
    at C:\progetti\nexus-crm\models\user.js:355:43
    at args.<computed> (C:\progetti\nexus-crm\middleware\logging.js:111:9)
{
  "service": "nexus-crm",
  "error": "Cannot read properties of undefined (reading 'lastID')"
}
2025-06-23 13:53:51 [INFO]: Avvio NEXUS CRM
{
  "service": "nexus-crm",
  "port": 3000
}
2025-06-23 13:53:51 [INFO]: Server avviato con successo
{
  "service": "nexus-crm",
  "port": 3000,
  "nodeEnv": "development",
  "nodeVersion": "v22.13.1"
}
2025-06-23 13:53:51 [INFO]: Connesso al database SQLite
{
  "service": "nexus-crm",
  "dbPath": "C:\\progetti\\nexus-crm\\data\\nexus.db"
}
2025-06-23 13:53:51 [INFO]: Tabella users verificata/creata
{
  "service": "nexus-crm"
}
2025-06-23 13:53:51 [INFO]: Tabella clients verificata/creata
{
  "service": "nexus-crm"
}
2025-06-23 13:53:51 [INFO]: Tabella activities verificata/creata
{
  "service": "nexus-crm"
}
2025-06-23 13:53:51 [INFO]: Tabella products verificata/creata
{
  "service": "nexus-crm"
}
2025-06-23 13:53:51 [INFO]: Tabella contracts verificata/creata
{
  "service": "nexus-crm"
}
2025-06-23 13:53:51 [INFO]: Tabella user_sessions creata
{
  "service": "nexus-crm"
}
2025-06-23 13:53:51 [INFO]: Utente admin già esistente
{
  "service": "nexus-crm"
}
2025-06-23 13:53:56 [INFO]: HTTP Request
{
  "service": "nexus-crm",
  "method": "GET",
  "url": "/login",
  "ip": "::1",
  "userAgent": "Mozilla/5.0 (Windows NT 10.0; Win64; x64) AppleWebKit/537.36 (KHTML, like Gecko) Chrome/137.0.0.0 Safari/537.36",
  "statusCode": 200,
  "duration": "21ms",
  "contentLength": 2875
}
2025-06-23 13:54:02 [INFO]: Login riuscito
{
  "service": "nexus-crm",
  "userId": 1,
  "username": "admin",
  "role": "administrator",
  "ip": "::1",
  "userAgent": "Mozilla/5.0 (Windows NT 10.0; Win64; x64) AppleWebKit/537.36 (KHTML, like Gecko) Chrome/137.0.0.0 Safari/537.36"
}
2025-06-23 13:54:02 [INFO]: Login completato con successo
{
  "service": "nexus-crm",
  "userId": 1,
  "username": "admin",
  "role": "administrator",
  "ip": "::1",
  "sessionId": "6RCduO3YLqLCcXqvyGHDhx5IStNPKFA1"
}
2025-06-23 13:54:02 [ERROR]: Uncaught Exception - Spegnimento applicazione
TypeError: Cannot read properties of undefined (reading 'lastID')
    at C:\progetti\nexus-crm\models\user.js:355:43
    at args.<computed> (C:\progetti\nexus-crm\middleware\logging.js:111:9)
{
  "service": "nexus-crm",
  "error": "Cannot read properties of undefined (reading 'lastID')"
}
2025-06-23 13:55:02 [INFO]: Avvio NEXUS CRM
{
  "service": "nexus-crm",
  "port": 3000
}
2025-06-23 13:55:02 [INFO]: Server avviato con successo
{
  "service": "nexus-crm",
  "port": 3000,
  "nodeEnv": "development",
  "nodeVersion": "v22.13.1"
}
2025-06-23 13:55:02 [INFO]: Connesso al database SQLite
{
  "service": "nexus-crm",
  "dbPath": "C:\\progetti\\nexus-crm\\data\\nexus.db"
}
2025-06-23 13:55:02 [INFO]: Tabella users verificata/creata
{
  "service": "nexus-crm"
}
2025-06-23 13:55:02 [INFO]: Tabella clients verificata/creata
{
  "service": "nexus-crm"
}
2025-06-23 13:55:02 [INFO]: Tabella activities verificata/creata
{
  "service": "nexus-crm"
}
2025-06-23 13:55:02 [INFO]: Tabella products verificata/creata
{
  "service": "nexus-crm"
}
2025-06-23 13:55:02 [INFO]: Tabella contracts verificata/creata
{
  "service": "nexus-crm"
}
2025-06-23 13:55:02 [INFO]: Tabella user_sessions creata
{
  "service": "nexus-crm"
}
2025-06-23 13:55:02 [INFO]: Utente admin già esistente
{
  "service": "nexus-crm"
}
2025-06-23 13:55:05 [INFO]: HTTP Request
{
  "service": "nexus-crm",
  "method": "GET",
  "url": "/login",
  "ip": "::1",
  "userAgent": "Mozilla/5.0 (Windows NT 10.0; Win64; x64) AppleWebKit/537.36 (KHTML, like Gecko) Chrome/137.0.0.0 Safari/537.36",
  "statusCode": 200,
  "duration": "23ms",
  "contentLength": 2875
}
2025-06-23 13:55:13 [INFO]: Login riuscito
{
  "service": "nexus-crm",
  "userId": 1,
  "username": "admin",
  "role": "administrator",
  "ip": "::1",
  "userAgent": "Mozilla/5.0 (Windows NT 10.0; Win64; x64) AppleWebKit/537.36 (KHTML, like Gecko) Chrome/137.0.0.0 Safari/537.36"
}
2025-06-23 13:55:13 [INFO]: Login completato con successo
{
  "service": "nexus-crm",
  "userId": 1,
  "username": "admin",
  "role": "administrator",
  "ip": "::1",
  "sessionId": "A85vSZUfp96tMTAfRojoG78tUdI2Fzlu"
}
2025-06-23 13:55:13 [INFO]: HTTP Request
{
  "service": "nexus-crm",
  "method": "GET",
  "url": "/",
  "ip": "::1",
  "userAgent": "Mozilla/5.0 (Windows NT 10.0; Win64; x64) AppleWebKit/537.36 (KHTML, like Gecko) Chrome/137.0.0.0 Safari/537.36",
  "userId": 1,
  "username": "admin",
  "statusCode": 200,
  "duration": "19ms",
  "contentLength": 7803
}
2025-06-23 13:55:21 [INFO]: HTTP Request
{
  "service": "nexus-crm",
  "method": "GET",
  "url": "/users",
  "ip": "::1",
  "userAgent": "Mozilla/5.0 (Windows NT 10.0; Win64; x64) AppleWebKit/537.36 (KHTML, like Gecko) Chrome/137.0.0.0 Safari/537.36",
  "userId": 1,
  "username": "admin",
  "statusCode": 200,
  "duration": "285ms",
  "contentLength": 7651
}
2025-06-23 13:55:25 [INFO]: HTTP Request
{
  "service": "nexus-crm",
  "method": "GET",
  "url": "/users/profile",
  "ip": "::1",
  "userAgent": "Mozilla/5.0 (Windows NT 10.0; Win64; x64) AppleWebKit/537.36 (KHTML, like Gecko) Chrome/137.0.0.0 Safari/537.36",
  "userId": 1,
  "username": "admin",
  "statusCode": 200,
  "duration": "40ms",
  "contentLength": 11388
}
2025-06-23 13:55:41 [INFO]: HTTP Request
{
  "service": "nexus-crm",
  "method": "GET",
  "url": "/",
  "ip": "::1",
  "userAgent": "Mozilla/5.0 (Windows NT 10.0; Win64; x64) AppleWebKit/537.36 (KHTML, like Gecko) Chrome/137.0.0.0 Safari/537.36",
  "userId": 1,
  "username": "admin",
  "statusCode": 200,
  "duration": "11ms",
  "contentLength": 7803
}
2025-06-23 13:57:57 [INFO]: Ricevuto SIGINT, chiusura database...
{
  "service": "nexus-crm"
}
2025-06-23 13:58:06 [INFO]: Avvio NEXUS CRM
{
  "service": "nexus-crm",
  "port": 3000
}
2025-06-23 13:58:07 [INFO]: Server avviato con successo
{
  "service": "nexus-crm",
  "port": 3000,
  "nodeEnv": "development",
  "nodeVersion": "v22.13.1"
}
2025-06-23 13:58:07 [INFO]: Connesso al database SQLite
{
  "service": "nexus-crm",
  "dbPath": "C:\\progetti\\nexus-crm\\data\\nexus.db"
}
2025-06-23 13:58:07 [INFO]: Tabella users verificata/creata
{
  "service": "nexus-crm"
}
2025-06-23 13:58:07 [INFO]: Tabella clients verificata/creata
{
  "service": "nexus-crm"
}
2025-06-23 13:58:07 [INFO]: Tabella activities verificata/creata
{
  "service": "nexus-crm"
}
2025-06-23 13:58:07 [INFO]: Tabella products verificata/creata
{
  "service": "nexus-crm"
}
2025-06-23 13:58:07 [INFO]: Tabella contracts verificata/creata
{
  "service": "nexus-crm"
}
2025-06-23 13:58:07 [INFO]: Tabella user_sessions creata
{
  "service": "nexus-crm"
}
2025-06-23 13:58:07 [INFO]: Utente admin già esistente
{
  "service": "nexus-crm"
}
2025-06-23 13:58:10 [INFO]: HTTP Request
{
  "service": "nexus-crm",
  "method": "GET",
  "url": "/login",
  "ip": "::1",
  "userAgent": "Mozilla/5.0 (Windows NT 10.0; Win64; x64) AppleWebKit/537.36 (KHTML, like Gecko) Chrome/137.0.0.0 Safari/537.36",
  "statusCode": 200,
  "duration": "20ms",
  "contentLength": 2875
}
2025-06-23 13:58:19 [INFO]: Login riuscito
{
  "service": "nexus-crm",
  "userId": 1,
  "username": "admin",
  "role": "administrator",
  "ip": "::1",
  "userAgent": "Mozilla/5.0 (Windows NT 10.0; Win64; x64) AppleWebKit/537.36 (KHTML, like Gecko) Chrome/137.0.0.0 Safari/537.36"
}
2025-06-23 13:58:19 [INFO]: Login completato con successo
{
  "service": "nexus-crm",
  "userId": 1,
  "username": "admin",
  "role": "administrator",
  "ip": "::1",
  "sessionId": "Q3Yx7gEP7x_IfYSWH55rjiTEAtBJ4RBu"
}
2025-06-23 13:58:19 [INFO]: HTTP Request
{
  "service": "nexus-crm",
  "method": "GET",
  "url": "/",
  "ip": "::1",
  "userAgent": "Mozilla/5.0 (Windows NT 10.0; Win64; x64) AppleWebKit/537.36 (KHTML, like Gecko) Chrome/137.0.0.0 Safari/537.36",
  "userId": 1,
  "username": "admin",
  "statusCode": 200,
  "duration": "16ms",
  "contentLength": 7803
}
2025-06-23 13:58:19 [INFO]: Sessione utente loggata
{
  "service": "nexus-crm",
  "userId": 1,
  "sessionLogId": 4,
  "ip": "::1"
}
2025-06-23 13:58:19 [DEBUG]: Session ID aggiornato
{
  "service": "nexus-crm",
  "sessionLogId": 4,
  "realSessionId": "Q3Yx7gEP7x_IfYSWH55rjiTEAtBJ4RBu"
}
2025-06-23 13:58:28 [INFO]: HTTP Request
{
  "service": "nexus-crm",
  "method": "GET",
  "url": "/users",
  "ip": "::1",
  "userAgent": "Mozilla/5.0 (Windows NT 10.0; Win64; x64) AppleWebKit/537.36 (KHTML, like Gecko) Chrome/137.0.0.0 Safari/537.36",
  "userId": 1,
  "username": "admin",
  "statusCode": 200,
  "duration": "101ms",
  "contentLength": 7651
}
2025-06-23 13:58:31 [INFO]: HTTP Request
{
  "service": "nexus-crm",
  "method": "GET",
  "url": "/users/edit/2",
  "ip": "::1",
  "userAgent": "Mozilla/5.0 (Windows NT 10.0; Win64; x64) AppleWebKit/537.36 (KHTML, like Gecko) Chrome/137.0.0.0 Safari/537.36",
  "userId": 1,
  "username": "admin",
  "statusCode": 200,
  "duration": "14ms",
  "contentLength": 6326
}
2025-06-23 13:58:35 [INFO]: HTTP Request
{
  "service": "nexus-crm",
  "method": "GET",
  "url": "/users",
  "ip": "::1",
  "userAgent": "Mozilla/5.0 (Windows NT 10.0; Win64; x64) AppleWebKit/537.36 (KHTML, like Gecko) Chrome/137.0.0.0 Safari/537.36",
  "userId": 1,
  "username": "admin",
  "statusCode": 200,
  "duration": "9ms",
  "contentLength": 7651
}
2025-06-23 13:58:37 [INFO]: HTTP Request
{
  "service": "nexus-crm",
  "method": "GET",
  "url": "/users/profile",
  "ip": "::1",
  "userAgent": "Mozilla/5.0 (Windows NT 10.0; Win64; x64) AppleWebKit/537.36 (KHTML, like Gecko) Chrome/137.0.0.0 Safari/537.36",
  "userId": 1,
  "username": "admin",
  "statusCode": 200,
  "duration": "19ms",
  "contentLength": 12078
}
2025-06-23 13:58:50 [INFO]: HTTP Request
{
  "service": "nexus-crm",
  "method": "GET",
  "url": "/users",
  "ip": "::1",
  "userAgent": "Mozilla/5.0 (Windows NT 10.0; Win64; x64) AppleWebKit/537.36 (KHTML, like Gecko) Chrome/137.0.0.0 Safari/537.36",
  "userId": 1,
  "username": "admin",
  "statusCode": 200,
  "duration": "12ms",
  "contentLength": 7651
}
2025-06-23 13:59:01 [INFO]: HTTP Request
{
  "service": "nexus-crm",
  "method": "GET",
  "url": "/login",
  "ip": "::1",
  "userAgent": "Mozilla/5.0 (Windows NT 10.0; Win64; x64) AppleWebKit/537.36 (KHTML, like Gecko) Chrome/137.0.0.0 Safari/537.36",
  "statusCode": 200,
  "duration": "5ms",
  "contentLength": 2875
}
2025-06-23 14:00:15 [INFO]: Ricevuto SIGINT, chiusura database...
{
  "service": "nexus-crm"
}
2025-06-23 14:21:03 [INFO]: Avvio NEXUS CRM
{
  "service": "nexus-crm",
  "port": 3000
}
2025-06-23 14:21:04 [INFO]: Server avviato con successo
{
  "service": "nexus-crm",
  "port": 3000,
  "nodeEnv": "development",
  "nodeVersion": "v22.13.1"
}
2025-06-23 14:21:04 [INFO]: Connesso al database SQLite
{
  "service": "nexus-crm",
  "dbPath": "C:\\progetti\\nexus-crm\\data\\nexus.db"
}
2025-06-23 14:21:04 [INFO]: Tabella users verificata/creata
{
  "service": "nexus-crm"
}
2025-06-23 14:21:04 [INFO]: Tabella clients verificata/creata
{
  "service": "nexus-crm"
}
2025-06-23 14:21:04 [INFO]: Tabella activities verificata/creata
{
  "service": "nexus-crm"
}
2025-06-23 14:21:04 [INFO]: Tabella products verificata/creata
{
  "service": "nexus-crm"
}
2025-06-23 14:21:04 [INFO]: Tabella contracts verificata/creata
{
  "service": "nexus-crm"
}
2025-06-23 14:21:04 [INFO]: Tabella user_sessions creata
{
  "service": "nexus-crm"
}
2025-06-23 14:21:04 [INFO]: Utente admin già esistente
{
  "service": "nexus-crm"
}
2025-06-23 14:21:11 [INFO]: HTTP Request
{
  "service": "nexus-crm",
  "method": "GET",
  "url": "/login",
  "ip": "::1",
  "userAgent": "Mozilla/5.0 (Windows NT 10.0; Win64; x64) AppleWebKit/537.36 (KHTML, like Gecko) Chrome/137.0.0.0 Safari/537.36",
  "statusCode": 200,
  "duration": "29ms",
  "contentLength": 2875
}
2025-06-23 14:21:18 [INFO]: Login riuscito
{
  "service": "nexus-crm",
  "userId": 1,
  "username": "admin",
  "role": "administrator",
  "ip": "::1",
  "userAgent": "Mozilla/5.0 (Windows NT 10.0; Win64; x64) AppleWebKit/537.36 (KHTML, like Gecko) Chrome/137.0.0.0 Safari/537.36"
}
2025-06-23 14:21:18 [INFO]: Login completato con successo
{
  "service": "nexus-crm",
  "userId": 1,
  "username": "admin",
  "role": "administrator",
  "ip": "::1",
  "sessionId": "WUyNq3DR1Gw3ifbfa7NJMLEXF1H5rKlV"
}
2025-06-23 14:21:18 [INFO]: Sessione utente loggata
{
  "service": "nexus-crm",
  "userId": 1,
  "sessionLogId": 5,
  "ip": "::1"
}
2025-06-23 14:21:18 [INFO]: HTTP Request
{
  "service": "nexus-crm",
  "method": "GET",
  "url": "/",
  "ip": "::1",
  "userAgent": "Mozilla/5.0 (Windows NT 10.0; Win64; x64) AppleWebKit/537.36 (KHTML, like Gecko) Chrome/137.0.0.0 Safari/537.36",
  "userId": 1,
  "username": "admin",
  "statusCode": 200,
  "duration": "45ms",
  "contentLength": 7803
}
2025-06-23 14:21:18 [DEBUG]: Session ID aggiornato
{
  "service": "nexus-crm",
  "sessionLogId": 5,
  "realSessionId": "WUyNq3DR1Gw3ifbfa7NJMLEXF1H5rKlV"
}
2025-06-23 14:21:22 [INFO]: HTTP Request
{
  "service": "nexus-crm",
  "method": "GET",
  "url": "/contracts",
  "ip": "::1",
  "userAgent": "Mozilla/5.0 (Windows NT 10.0; Win64; x64) AppleWebKit/537.36 (KHTML, like Gecko) Chrome/137.0.0.0 Safari/537.36",
  "userId": 1,
  "username": "admin",
  "statusCode": 200,
  "duration": "290ms",
  "contentLength": 8443
}
2025-06-23 14:21:23 [INFO]: HTTP Request
{
  "service": "nexus-crm",
  "method": "GET",
  "url": "/users",
  "ip": "::1",
  "userAgent": "Mozilla/5.0 (Windows NT 10.0; Win64; x64) AppleWebKit/537.36 (KHTML, like Gecko) Chrome/137.0.0.0 Safari/537.36",
  "userId": 1,
  "username": "admin",
  "statusCode": 200,
  "duration": "17ms",
  "contentLength": 7651
}
2025-06-23 14:21:25 [INFO]: HTTP Request
{
  "service": "nexus-crm",
  "method": "GET",
  "url": "/users/profile",
  "ip": "::1",
  "userAgent": "Mozilla/5.0 (Windows NT 10.0; Win64; x64) AppleWebKit/537.36 (KHTML, like Gecko) Chrome/137.0.0.0 Safari/537.36",
  "userId": 1,
  "username": "admin",
  "statusCode": 200,
  "duration": "31ms",
  "contentLength": 12768
}
2025-06-23 14:22:15 [INFO]: Ricevuto SIGINT, chiusura database...
{
  "service": "nexus-crm"
}
2025-06-23 14:29:06 [INFO]: Avvio NEXUS CRM
{
  "service": "nexus-crm",
  "port": 3000
}
2025-06-23 14:29:06 [INFO]: Server avviato con successo
{
  "service": "nexus-crm",
  "port": 3000,
  "nodeEnv": "development",
  "nodeVersion": "v22.13.1"
}
2025-06-23 14:29:06 [INFO]: Connesso al database SQLite
{
  "service": "nexus-crm",
  "dbPath": "C:\\progetti\\nexus-crm\\data\\nexus.db"
}
2025-06-23 14:29:07 [INFO]: Tabella users verificata/creata
{
  "service": "nexus-crm"
}
2025-06-23 14:29:07 [INFO]: Tabella clients verificata/creata
{
  "service": "nexus-crm"
}
2025-06-23 14:29:07 [INFO]: Tabella activities verificata/creata
{
  "service": "nexus-crm"
}
2025-06-23 14:29:07 [INFO]: Tabella products verificata/creata
{
  "service": "nexus-crm"
}
2025-06-23 14:29:07 [INFO]: Tabella contracts verificata/creata
{
  "service": "nexus-crm"
}
2025-06-23 14:29:07 [INFO]: Tabella user_sessions creata
{
  "service": "nexus-crm"
}
2025-06-23 14:29:07 [INFO]: Utente admin già esistente
{
  "service": "nexus-crm"
}
2025-06-23 14:29:13 [INFO]: HTTP Request
{
  "service": "nexus-crm",
  "method": "GET",
  "url": "/login",
  "ip": "::1",
  "userAgent": "Mozilla/5.0 (Windows NT 10.0; Win64; x64) AppleWebKit/537.36 (KHTML, like Gecko) Chrome/137.0.0.0 Safari/537.36",
  "statusCode": 200,
  "duration": "27ms",
  "contentLength": 2875
}
2025-06-23 14:29:21 [INFO]: Login riuscito
{
  "service": "nexus-crm",
  "userId": 1,
  "username": "admin",
  "role": "administrator",
  "ip": "::1",
  "userAgent": "Mozilla/5.0 (Windows NT 10.0; Win64; x64) AppleWebKit/537.36 (KHTML, like Gecko) Chrome/137.0.0.0 Safari/537.36"
}
2025-06-23 14:29:21 [INFO]: Login completato con successo
{
  "service": "nexus-crm",
  "userId": 1,
  "username": "admin",
  "role": "administrator",
  "ip": "::1",
  "sessionId": "toewj9oWi3VJta5wGXeIXpxWiDvwZN9P"
}
2025-06-23 14:29:21 [INFO]: Sessione utente loggata
{
  "service": "nexus-crm",
  "userId": 1,
  "sessionLogId": 6,
  "ip": "::1"
}
2025-06-23 14:29:21 [INFO]: HTTP Request
{
  "service": "nexus-crm",
  "method": "GET",
  "url": "/",
  "ip": "::1",
  "userAgent": "Mozilla/5.0 (Windows NT 10.0; Win64; x64) AppleWebKit/537.36 (KHTML, like Gecko) Chrome/137.0.0.0 Safari/537.36",
  "userId": 1,
  "username": "admin",
  "statusCode": 200,
  "duration": "23ms",
  "contentLength": 7803
}
2025-06-23 14:29:21 [DEBUG]: Session ID aggiornato
{
  "service": "nexus-crm",
  "sessionLogId": 6,
  "realSessionId": "toewj9oWi3VJta5wGXeIXpxWiDvwZN9P"
}
2025-06-23 14:29:25 [INFO]: HTTP Request
{
  "service": "nexus-crm",
  "method": "GET",
  "url": "/contracts",
  "ip": "::1",
  "userAgent": "Mozilla/5.0 (Windows NT 10.0; Win64; x64) AppleWebKit/537.36 (KHTML, like Gecko) Chrome/137.0.0.0 Safari/537.36",
  "userId": 1,
  "username": "admin",
  "statusCode": 200,
  "duration": "283ms",
  "contentLength": 8443
}
2025-06-23 14:29:27 [INFO]: HTTP Request
{
  "service": "nexus-crm",
  "method": "GET",
  "url": "/users",
  "ip": "::1",
  "userAgent": "Mozilla/5.0 (Windows NT 10.0; Win64; x64) AppleWebKit/537.36 (KHTML, like Gecko) Chrome/137.0.0.0 Safari/537.36",
  "userId": 1,
  "username": "admin",
  "statusCode": 200,
  "duration": "18ms",
  "contentLength": 7651
}
2025-06-23 14:29:31 [INFO]: HTTP Request
{
  "service": "nexus-crm",
  "method": "GET",
  "url": "/users/profile",
  "ip": "::1",
  "userAgent": "Mozilla/5.0 (Windows NT 10.0; Win64; x64) AppleWebKit/537.36 (KHTML, like Gecko) Chrome/137.0.0.0 Safari/537.36",
  "userId": 1,
  "username": "admin",
  "statusCode": 200,
  "duration": "30ms",
  "contentLength": 13458
}
2025-06-23 14:30:45 [INFO]: HTTP Request
{
  "service": "nexus-crm",
  "method": "GET",
  "url": "/change-password",
  "ip": "::1",
  "userAgent": "Mozilla/5.0 (Windows NT 10.0; Win64; x64) AppleWebKit/537.36 (KHTML, like Gecko) Chrome/137.0.0.0 Safari/537.36",
  "userId": 1,
  "username": "admin",
  "statusCode": 200,
  "duration": "15ms",
  "contentLength": 11652
}
2025-06-23 14:31:31 [INFO]: Password cambiata
{
  "service": "nexus-crm",
  "userId": 1,
  "username": "admin"
}
2025-06-23 14:31:31 [INFO]: Password cambiata con successo
{
  "service": "nexus-crm",
  "userId": 1,
  "username": "admin",
  "ip": "::1"
}
2025-06-23 14:31:31 [INFO]: HTTP Request
{
  "service": "nexus-crm",
  "method": "POST",
  "url": "/change-password",
  "ip": "::1",
  "userAgent": "Mozilla/5.0 (Windows NT 10.0; Win64; x64) AppleWebKit/537.36 (KHTML, like Gecko) Chrome/137.0.0.0 Safari/537.36",
  "userId": 1,
  "username": "admin",
  "statusCode": 200,
  "duration": "1194ms",
  "contentLength": 11854
}
2025-06-23 14:31:36 [INFO]: HTTP Request
{
  "service": "nexus-crm",
  "method": "GET",
  "url": "/login",
  "ip": "::1",
  "userAgent": "Mozilla/5.0 (Windows NT 10.0; Win64; x64) AppleWebKit/537.36 (KHTML, like Gecko) Chrome/137.0.0.0 Safari/537.36",
  "statusCode": 200,
  "duration": "9ms",
  "contentLength": 2875
}
2025-06-23 14:31:44 [INFO]: Login riuscito
{
  "service": "nexus-crm",
  "userId": 1,
  "username": "admin",
  "role": "administrator",
  "ip": "::1",
  "userAgent": "Mozilla/5.0 (Windows NT 10.0; Win64; x64) AppleWebKit/537.36 (KHTML, like Gecko) Chrome/137.0.0.0 Safari/537.36"
}
2025-06-23 14:31:44 [INFO]: Login completato con successo
{
  "service": "nexus-crm",
  "userId": 1,
  "username": "admin",
  "role": "administrator",
  "ip": "::1",
  "sessionId": "f6f1o6fneUfbDSV-qbWFfRgidNgRN0CQ"
}
2025-06-23 14:31:44 [INFO]: Sessione utente loggata
{
  "service": "nexus-crm",
  "userId": 1,
  "sessionLogId": 7,
  "ip": "::1"
}
2025-06-23 14:31:44 [INFO]: HTTP Request
{
  "service": "nexus-crm",
  "method": "GET",
  "url": "/",
  "ip": "::1",
  "userAgent": "Mozilla/5.0 (Windows NT 10.0; Win64; x64) AppleWebKit/537.36 (KHTML, like Gecko) Chrome/137.0.0.0 Safari/537.36",
  "userId": 1,
  "username": "admin",
  "statusCode": 200,
  "duration": "29ms",
  "contentLength": 7803
}
2025-06-23 14:31:44 [DEBUG]: Session ID aggiornato
{
  "service": "nexus-crm",
  "sessionLogId": 7,
  "realSessionId": "f6f1o6fneUfbDSV-qbWFfRgidNgRN0CQ"
}
2025-06-23 14:32:20 [INFO]: HTTP Request
{
  "service": "nexus-crm",
  "method": "GET",
  "url": "/clients",
  "ip": "::1",
  "userAgent": "Mozilla/5.0 (Windows NT 10.0; Win64; x64) AppleWebKit/537.36 (KHTML, like Gecko) Chrome/137.0.0.0 Safari/537.36",
  "userId": 1,
  "username": "admin",
  "statusCode": 200,
  "duration": "15ms",
  "contentLength": 7567
}
2025-06-23 14:32:22 [INFO]: HTTP Request
{
  "service": "nexus-crm",
  "method": "GET",
  "url": "/clients/view/1",
  "ip": "::1",
  "userAgent": "Mozilla/5.0 (Windows NT 10.0; Win64; x64) AppleWebKit/537.36 (KHTML, like Gecko) Chrome/137.0.0.0 Safari/537.36",
  "userId": 1,
  "username": "admin",
  "statusCode": 200,
  "duration": "33ms",
  "contentLength": 13723
}
2025-06-23 14:32:27 [INFO]: HTTP Request
{
  "service": "nexus-crm",
  "method": "GET",
  "url": "/clients/edit/1",
  "ip": "::1",
  "userAgent": "Mozilla/5.0 (Windows NT 10.0; Win64; x64) AppleWebKit/537.36 (KHTML, like Gecko) Chrome/137.0.0.0 Safari/537.36",
  "userId": 1,
  "username": "admin",
  "statusCode": 200,
  "duration": "20ms",
  "contentLength": 8257
}
2025-06-23 14:37:21 [INFO]: Ricevuto SIGINT, chiusura database...
{
  "service": "nexus-crm"
}
