2025-06-24 12:44:04 [INFO]: Inizio migrazione tabella clients
{
  "service": "nexus-crm",
  "missingColumns": [
    "fiscal_code",
    "company_fiscal_code",
    "company_legal_form",
    "legal_address",
    "legal_city",
    "legal_postal_code",
    "legal_province",
    "pec_email",
    "website",
    "fax",
    "reference_person",
    "birth_date",
    "birth_place",
    "gender",
    "electricity_pod",
    "electricity_power_kw",
    "electricity_voltage",
    "electricity_meter_type",
    "electricity_supplier",
    "electricity_last_bill_date",
    "gas_pdr",
    "gas_meter_type",
    "gas_supplier",
    "gas_last_bill_date",
    "gas_remi_code",
    "billing_address",
    "billing_city",
    "billing_postal_code",
    "billing_province",
    "notes_electricity",
    "notes_gas",
    "client_status",
    "acquisition_date",
    "last_contact_date",
    "province"
  ]
}
2025-06-24 12:44:04 [INFO]: Migrazione tabella clients completata
{
  "service": "nexus-crm",
  "migratedClients": 1,
  "addedColumns": [
    "fiscal_code",
    "company_fiscal_code",
    "company_legal_form",
    "legal_address",
    "legal_city",
    "legal_postal_code",
    "legal_province",
    "pec_email",
    "website",
    "fax",
    "reference_person",
    "birth_date",
    "birth_place",
    "gender",
    "electricity_pod",
    "electricity_power_kw",
    "electricity_voltage",
    "electricity_meter_type",
    "electricity_supplier",
    "electricity_last_bill_date",
    "gas_pdr",
    "gas_meter_type",
    "gas_supplier",
    "gas_last_bill_date",
    "gas_remi_code",
    "billing_address",
    "billing_city",
    "billing_postal_code",
    "billing_province",
    "notes_electricity",
    "notes_gas",
    "client_status",
    "acquisition_date",
    "last_contact_date",
    "province"
  ]
}
2025-06-24 12:44:09 [INFO]: Avvio NEXUS CRM
{
  "service": "nexus-crm",
  "port": 3000
}
2025-06-24 12:44:09 [INFO]: Server avviato con successo
{
  "service": "nexus-crm",
  "port": 3000,
  "nodeEnv": "development",
  "nodeVersion": "v22.13.1"
}
2025-06-24 12:44:09 [INFO]: Connesso al database SQLite
{
  "service": "nexus-crm",
  "dbPath": "C:\\progetti\\nexus-crm\\data\\nexus.db"
}
2025-06-24 12:44:10 [INFO]: Tabella users verificata/creata
{
  "service": "nexus-crm"
}
2025-06-24 12:44:10 [INFO]: Tabella clients verificata/creata
{
  "service": "nexus-crm"
}
2025-06-24 12:44:10 [INFO]: Tabella activities verificata/creata
{
  "service": "nexus-crm"
}
2025-06-24 12:44:10 [INFO]: Tabella products verificata/creata
{
  "service": "nexus-crm"
}
2025-06-24 12:44:10 [INFO]: Tabella contracts verificata/creata
{
  "service": "nexus-crm"
}
2025-06-24 12:44:10 [INFO]: Tabella user_sessions creata
{
  "service": "nexus-crm"
}
2025-06-24 12:44:10 [INFO]: Utente admin già esistente
{
  "service": "nexus-crm"
}
2025-06-24 12:44:19 [INFO]: HTTP Request
{
  "service": "nexus-crm",
  "method": "GET",
  "url": "/login",
  "ip": "::1",
  "userAgent": "Mozilla/5.0 (Windows NT 10.0; Win64; x64) AppleWebKit/537.36 (KHTML, like Gecko) Chrome/137.0.0.0 Safari/537.36",
  "statusCode": 200,
  "duration": "21ms",
  "contentLength": 2875
}
2025-06-24 12:44:25 [INFO]: Login riuscito
{
  "service": "nexus-crm",
  "userId": 1,
  "username": "admin",
  "role": "administrator",
  "ip": "::1",
  "userAgent": "Mozilla/5.0 (Windows NT 10.0; Win64; x64) AppleWebKit/537.36 (KHTML, like Gecko) Chrome/137.0.0.0 Safari/537.36"
}
2025-06-24 12:44:25 [INFO]: Login completato con successo
{
  "service": "nexus-crm",
  "userId": 1,
  "username": "admin",
  "role": "administrator",
  "ip": "::1",
  "sessionId": "uKCUb3tyQKPMjQiepBr-MdUAD_K3sOek"
}
2025-06-24 12:44:25 [INFO]: HTTP Request
{
  "service": "nexus-crm",
  "method": "GET",
  "url": "/",
  "ip": "::1",
  "userAgent": "Mozilla/5.0 (Windows NT 10.0; Win64; x64) AppleWebKit/537.36 (KHTML, like Gecko) Chrome/137.0.0.0 Safari/537.36",
  "userId": 1,
  "username": "admin",
  "statusCode": 200,
  "duration": "5ms",
  "contentLength": 7803
}
2025-06-24 12:44:25 [INFO]: Sessione utente loggata
{
  "service": "nexus-crm",
  "userId": 1,
  "sessionLogId": 8,
  "ip": "::1"
}
2025-06-24 12:44:25 [DEBUG]: Session ID aggiornato
{
  "service": "nexus-crm",
  "sessionLogId": 8,
  "realSessionId": "uKCUb3tyQKPMjQiepBr-MdUAD_K3sOek"
}
2025-06-24 12:44:28 [INFO]: HTTP Request
{
  "service": "nexus-crm",
  "method": "GET",
  "url": "/clients",
  "ip": "::1",
  "userAgent": "Mozilla/5.0 (Windows NT 10.0; Win64; x64) AppleWebKit/537.36 (KHTML, like Gecko) Chrome/137.0.0.0 Safari/537.36",
  "userId": 1,
  "username": "admin",
  "statusCode": 200,
  "duration": "7ms",
  "contentLength": 7567
}
2025-06-24 12:44:30 [INFO]: HTTP Request
{
  "service": "nexus-crm",
  "method": "GET",
  "url": "/clients/new",
  "ip": "::1",
  "userAgent": "Mozilla/5.0 (Windows NT 10.0; Win64; x64) AppleWebKit/537.36 (KHTML, like Gecko) Chrome/137.0.0.0 Safari/537.36",
  "userId": 1,
  "username": "admin",
  "statusCode": 200,
  "duration": "8ms",
  "contentLength": 25293
}
2025-06-24 12:48:46 [INFO]: HTTP Request
{
  "service": "nexus-crm",
  "method": "GET",
  "url": "/activities",
  "ip": "::1",
  "userAgent": "Mozilla/5.0 (Windows NT 10.0; Win64; x64) AppleWebKit/537.36 (KHTML, like Gecko) Chrome/137.0.0.0 Safari/537.36",
  "userId": 1,
  "username": "admin",
  "statusCode": 200,
  "duration": "95ms",
  "contentLength": 8295
}
2025-06-24 12:48:47 [INFO]: HTTP Request
{
  "service": "nexus-crm",
  "method": "GET",
  "url": "/activities/date/2025-06-24",
  "ip": "::1",
  "userAgent": "Mozilla/5.0 (Windows NT 10.0; Win64; x64) AppleWebKit/537.36 (KHTML, like Gecko) Chrome/137.0.0.0 Safari/537.36",
  "userId": 1,
  "username": "admin",
  "statusCode": 200,
  "duration": "9ms",
  "contentLength": 6200
}
2025-06-24 12:48:49 [INFO]: HTTP Request
{
  "service": "nexus-crm",
  "method": "GET",
  "url": "/clients",
  "ip": "::1",
  "userAgent": "Mozilla/5.0 (Windows NT 10.0; Win64; x64) AppleWebKit/537.36 (KHTML, like Gecko) Chrome/137.0.0.0 Safari/537.36",
  "userId": 1,
  "username": "admin",
  "statusCode": 200,
  "duration": "5ms",
  "contentLength": 7567
}
2025-06-24 12:48:51 [INFO]: HTTP Request
{
  "service": "nexus-crm",
  "method": "GET",
  "url": "/clients/view/1",
  "ip": "::1",
  "userAgent": "Mozilla/5.0 (Windows NT 10.0; Win64; x64) AppleWebKit/537.36 (KHTML, like Gecko) Chrome/137.0.0.0 Safari/537.36",
  "userId": 1,
  "username": "admin",
  "statusCode": 200,
  "duration": "15ms",
  "contentLength": 15927
}
2025-06-24 12:49:04 [INFO]: HTTP Request
{
  "service": "nexus-crm",
  "method": "GET",
  "url": "/contracts",
  "ip": "::1",
  "userAgent": "Mozilla/5.0 (Windows NT 10.0; Win64; x64) AppleWebKit/537.36 (KHTML, like Gecko) Chrome/137.0.0.0 Safari/537.36",
  "userId": 1,
  "username": "admin",
  "statusCode": 200,
  "duration": "7ms",
  "contentLength": 8443
}
2025-06-24 12:49:07 [INFO]: HTTP Request
{
  "service": "nexus-crm",
  "method": "GET",
  "url": "/contracts/view/1",
  "ip": "::1",
  "userAgent": "Mozilla/5.0 (Windows NT 10.0; Win64; x64) AppleWebKit/537.36 (KHTML, like Gecko) Chrome/137.0.0.0 Safari/537.36",
  "userId": 1,
  "username": "admin",
  "statusCode": 200,
  "duration": "8ms",
  "contentLength": 8004
}
2025-06-24 12:49:12 [INFO]: HTTP Request
{
  "service": "nexus-crm",
  "method": "GET",
  "url": "/contracts/edit/1",
  "ip": "::1",
  "userAgent": "Mozilla/5.0 (Windows NT 10.0; Win64; x64) AppleWebKit/537.36 (KHTML, like Gecko) Chrome/137.0.0.0 Safari/537.36",
  "userId": 1,
  "username": "admin",
  "statusCode": 200,
  "duration": "8ms",
  "contentLength": 10466
}
2025-06-24 12:49:45 [INFO]: HTTP Request
{
  "service": "nexus-crm",
  "method": "GET",
  "url": "/contracts/stats",
  "ip": "::1",
  "userAgent": "Mozilla/5.0 (Windows NT 10.0; Win64; x64) AppleWebKit/537.36 (KHTML, like Gecko) Chrome/137.0.0.0 Safari/537.36",
  "userId": 1,
  "username": "admin",
  "statusCode": 200,
  "duration": "7ms",
  "contentLength": 8689
}
2025-06-24 12:49:47 [INFO]: HTTP Request
{
  "service": "nexus-crm",
  "method": "GET",
  "url": "/",
  "ip": "::1",
  "userAgent": "Mozilla/5.0 (Windows NT 10.0; Win64; x64) AppleWebKit/537.36 (KHTML, like Gecko) Chrome/137.0.0.0 Safari/537.36",
  "userId": 1,
  "username": "admin",
  "statusCode": 200,
  "duration": "7ms",
  "contentLength": 7803
}
2025-06-24 12:54:03 [INFO]: HTTP Request
{
  "service": "nexus-crm",
  "method": "GET",
  "url": "/contracts",
  "ip": "::1",
  "userAgent": "Mozilla/5.0 (Windows NT 10.0; Win64; x64) AppleWebKit/537.36 (KHTML, like Gecko) Chrome/137.0.0.0 Safari/537.36",
  "userId": 1,
  "username": "admin",
  "statusCode": 200,
  "duration": "29ms",
  "contentLength": 8443
}
2025-06-24 13:00:08 [INFO]: Ricevuto SIGINT, chiusura database...
{
  "service": "nexus-crm"
}
2025-06-24 13:00:10 [INFO]: Inizio migrazione completa
{
  "service": "nexus-crm",
  "missingColumns": [],
  "needsUtilitiesTables": true
}
2025-06-24 13:00:10 [INFO]: Migrazione completa completata
{
  "service": "nexus-crm",
  "migratedClients": 1,
  "addedClientColumns": [],
  "createdUtilitiesTables": true
}
2025-06-24 13:00:15 [INFO]: Avvio NEXUS CRM
{
  "service": "nexus-crm",
  "port": 3000
}
2025-06-24 13:00:15 [INFO]: Server avviato con successo
{
  "service": "nexus-crm",
  "port": 3000,
  "nodeEnv": "development",
  "nodeVersion": "v22.13.1"
}
2025-06-24 13:00:15 [INFO]: Connesso al database SQLite
{
  "service": "nexus-crm",
  "dbPath": "C:\\progetti\\nexus-crm\\data\\nexus.db"
}
2025-06-24 13:00:15 [INFO]: Tabella users verificata/creata
{
  "service": "nexus-crm"
}
2025-06-24 13:00:15 [INFO]: Tabella clients verificata/creata
{
  "service": "nexus-crm"
}
2025-06-24 13:00:15 [INFO]: Tabella activities verificata/creata
{
  "service": "nexus-crm"
}
2025-06-24 13:00:15 [INFO]: Tabella products verificata/creata
{
  "service": "nexus-crm"
}
2025-06-24 13:00:15 [INFO]: Tabella contracts verificata/creata
{
  "service": "nexus-crm"
}
2025-06-24 13:00:15 [INFO]: Tabella user_sessions creata
{
  "service": "nexus-crm"
}
2025-06-24 13:00:15 [INFO]: Utente admin già esistente
{
  "service": "nexus-crm"
}
2025-06-24 13:00:18 [INFO]: HTTP Request
{
  "service": "nexus-crm",
  "method": "GET",
  "url": "/login",
  "ip": "::1",
  "userAgent": "Mozilla/5.0 (Windows NT 10.0; Win64; x64) AppleWebKit/537.36 (KHTML, like Gecko) Chrome/137.0.0.0 Safari/537.36",
  "statusCode": 200,
  "duration": "10ms",
  "contentLength": 2875
}
2025-06-24 13:00:25 [INFO]: Login riuscito
{
  "service": "nexus-crm",
  "userId": 1,
  "username": "admin",
  "role": "administrator",
  "ip": "::1",
  "userAgent": "Mozilla/5.0 (Windows NT 10.0; Win64; x64) AppleWebKit/537.36 (KHTML, like Gecko) Chrome/137.0.0.0 Safari/537.36"
}
2025-06-24 13:00:25 [INFO]: Login completato con successo
{
  "service": "nexus-crm",
  "userId": 1,
  "username": "admin",
  "role": "administrator",
  "ip": "::1",
  "sessionId": "N4RFJ8tJ2C5Ph8dZ9psd0aQ7WVfi2jjZ"
}
2025-06-24 13:00:25 [INFO]: HTTP Request
{
  "service": "nexus-crm",
  "method": "GET",
  "url": "/",
  "ip": "::1",
  "userAgent": "Mozilla/5.0 (Windows NT 10.0; Win64; x64) AppleWebKit/537.36 (KHTML, like Gecko) Chrome/137.0.0.0 Safari/537.36",
  "userId": 1,
  "username": "admin",
  "statusCode": 200,
  "duration": "7ms",
  "contentLength": 7803
}
2025-06-24 13:00:25 [INFO]: Sessione utente loggata
{
  "service": "nexus-crm",
  "userId": 1,
  "sessionLogId": 9,
  "ip": "::1"
}
2025-06-24 13:00:25 [DEBUG]: Session ID aggiornato
{
  "service": "nexus-crm",
  "sessionLogId": 9,
  "realSessionId": "N4RFJ8tJ2C5Ph8dZ9psd0aQ7WVfi2jjZ"
}
2025-06-24 13:00:26 [INFO]: HTTP Request
{
  "service": "nexus-crm",
  "method": "GET",
  "url": "/clients",
  "ip": "::1",
  "userAgent": "Mozilla/5.0 (Windows NT 10.0; Win64; x64) AppleWebKit/537.36 (KHTML, like Gecko) Chrome/137.0.0.0 Safari/537.36",
  "userId": 1,
  "username": "admin",
  "statusCode": 200,
  "duration": "5ms",
  "contentLength": 7567
}
2025-06-24 13:00:27 [INFO]: HTTP Request
{
  "service": "nexus-crm",
  "method": "GET",
  "url": "/clients/new",
  "ip": "::1",
  "userAgent": "Mozilla/5.0 (Windows NT 10.0; Win64; x64) AppleWebKit/537.36 (KHTML, like Gecko) Chrome/137.0.0.0 Safari/537.36",
  "userId": 1,
  "username": "admin",
  "statusCode": 200,
  "duration": "6ms",
  "contentLength": 20713
}
2025-06-24 13:00:47 [INFO]: HTTP Request
{
  "service": "nexus-crm",
  "method": "GET",
  "url": "/clients",
  "ip": "::1",
  "userAgent": "Mozilla/5.0 (Windows NT 10.0; Win64; x64) AppleWebKit/537.36 (KHTML, like Gecko) Chrome/137.0.0.0 Safari/537.36",
  "userId": 1,
  "username": "admin",
  "statusCode": 200,
  "duration": "5ms",
  "contentLength": 7567
}
2025-06-24 13:00:52 [INFO]: HTTP Request
{
  "service": "nexus-crm",
  "method": "GET",
  "url": "/clients/edit/1",
  "ip": "::1",
  "userAgent": "Mozilla/5.0 (Windows NT 10.0; Win64; x64) AppleWebKit/537.36 (KHTML, like Gecko) Chrome/137.0.0.0 Safari/537.36",
  "userId": 1,
  "username": "admin",
  "statusCode": 200,
  "duration": "11ms",
  "contentLength": 21109
}
2025-06-24 13:00:57 [WARN]: Pagina non trovata
{
  "service": "nexus-crm",
  "url": "/clients/1/utilities",
  "method": "GET",
  "ip": "::1",
  "userAgent": "Mozilla/5.0 (Windows NT 10.0; Win64; x64) AppleWebKit/537.36 (KHTML, like Gecko) Chrome/137.0.0.0 Safari/537.36",
  "userId": 1,
  "referer": "http://localhost:3000/clients/edit/1"
}
2025-06-24 13:00:57 [INFO]: HTTP Request
{
  "service": "nexus-crm",
  "method": "GET",
  "url": "/clients/1/utilities",
  "ip": "::1",
  "userAgent": "Mozilla/5.0 (Windows NT 10.0; Win64; x64) AppleWebKit/537.36 (KHTML, like Gecko) Chrome/137.0.0.0 Safari/537.36",
  "userId": 1,
  "username": "admin",
  "statusCode": 404,
  "duration": "6ms",
  "contentLength": 4958
}
2025-06-24 14:38:57 [INFO]: Ricevuto SIGINT, chiusura database...
{
  "service": "nexus-crm"
}
2025-06-24 14:49:50 [INFO]: Avvio NEXUS CRM
{
  "service": "nexus-crm",
  "port": 3000
}
2025-06-24 14:49:50 [INFO]: Server avviato con successo
{
  "service": "nexus-crm",
  "port": 3000,
  "nodeEnv": "development",
  "nodeVersion": "v22.13.1"
}
2025-06-24 14:49:50 [INFO]: Connesso al database SQLite
{
  "service": "nexus-crm",
  "dbPath": "C:\\progetti\\nexus-crm\\data\\nexus.db"
}
2025-06-24 14:49:50 [INFO]: Tabella users verificata/creata
{
  "service": "nexus-crm"
}
2025-06-24 14:49:50 [INFO]: Tabella clients verificata/creata
{
  "service": "nexus-crm"
}
2025-06-24 14:49:50 [INFO]: Tabella activities verificata/creata
{
  "service": "nexus-crm"
}
2025-06-24 14:49:50 [INFO]: Tabella products verificata/creata
{
  "service": "nexus-crm"
}
2025-06-24 14:49:50 [INFO]: Tabella contracts verificata/creata
{
  "service": "nexus-crm"
}
2025-06-24 14:49:50 [INFO]: Tabella user_sessions creata
{
  "service": "nexus-crm"
}
2025-06-24 14:49:50 [INFO]: Utente admin già esistente
{
  "service": "nexus-crm"
}
2025-06-24 14:49:55 [INFO]: HTTP Request
{
  "service": "nexus-crm",
  "method": "GET",
  "url": "/login",
  "ip": "::1",
  "userAgent": "Mozilla/5.0 (Windows NT 10.0; Win64; x64) AppleWebKit/537.36 (KHTML, like Gecko) Chrome/137.0.0.0 Safari/537.36",
  "statusCode": 200,
  "duration": "19ms",
  "contentLength": 2847
}
2025-06-24 14:50:02 [INFO]: Login riuscito
{
  "service": "nexus-crm",
  "userId": 1,
  "username": "admin",
  "role": "administrator",
  "ip": "::1",
  "userAgent": "Mozilla/5.0 (Windows NT 10.0; Win64; x64) AppleWebKit/537.36 (KHTML, like Gecko) Chrome/137.0.0.0 Safari/537.36"
}
2025-06-24 14:50:02 [INFO]: Login completato con successo
{
  "service": "nexus-crm",
  "userId": 1,
  "username": "admin",
  "role": "administrator",
  "ip": "::1",
  "sessionId": "UCt97Pnd44FeBaUqZoZGXn2hwLvs5MHt"
}
2025-06-24 14:50:02 [INFO]: Sessione utente loggata
{
  "service": "nexus-crm",
  "userId": 1,
  "sessionLogId": 10,
  "ip": "::1"
}
2025-06-24 14:50:02 [INFO]: HTTP Request
{
  "service": "nexus-crm",
  "method": "GET",
  "url": "/",
  "ip": "::1",
  "userAgent": "Mozilla/5.0 (Windows NT 10.0; Win64; x64) AppleWebKit/537.36 (KHTML, like Gecko) Chrome/137.0.0.0 Safari/537.36",
  "userId": 1,
  "username": "admin",
  "statusCode": 200,
  "duration": "30ms",
  "contentLength": 7926
}
2025-06-24 14:50:02 [DEBUG]: Session ID aggiornato
{
  "service": "nexus-crm",
  "sessionLogId": 10,
  "realSessionId": "UCt97Pnd44FeBaUqZoZGXn2hwLvs5MHt"
}
2025-06-24 14:50:04 [INFO]: HTTP Request
{
  "service": "nexus-crm",
  "method": "GET",
  "url": "/contracts",
  "ip": "::1",
  "userAgent": "Mozilla/5.0 (Windows NT 10.0; Win64; x64) AppleWebKit/537.36 (KHTML, like Gecko) Chrome/137.0.0.0 Safari/537.36",
  "userId": 1,
  "username": "admin",
  "statusCode": 200,
  "duration": "93ms",
  "contentLength": 8566
}
2025-06-24 14:50:06 [INFO]: HTTP Request
{
  "service": "nexus-crm",
  "method": "GET",
  "url": "/contracts/edit/1",
  "ip": "::1",
  "userAgent": "Mozilla/5.0 (Windows NT 10.0; Win64; x64) AppleWebKit/537.36 (KHTML, like Gecko) Chrome/137.0.0.0 Safari/537.36",
  "userId": 1,
  "username": "admin",
  "statusCode": 200,
  "duration": "9ms",
  "contentLength": 10589
}
2025-06-24 14:50:14 [INFO]: HTTP Request
{
  "service": "nexus-crm",
  "method": "GET",
  "url": "/clients",
  "ip": "::1",
  "userAgent": "Mozilla/5.0 (Windows NT 10.0; Win64; x64) AppleWebKit/537.36 (KHTML, like Gecko) Chrome/137.0.0.0 Safari/537.36",
  "userId": 1,
  "username": "admin",
  "statusCode": 200,
  "duration": "6ms",
  "contentLength": 7690
}
2025-06-24 14:50:18 [INFO]: HTTP Request
{
  "service": "nexus-crm",
  "method": "GET",
  "url": "/clients/edit/1",
  "ip": "::1",
  "userAgent": "Mozilla/5.0 (Windows NT 10.0; Win64; x64) AppleWebKit/537.36 (KHTML, like Gecko) Chrome/137.0.0.0 Safari/537.36",
  "userId": 1,
  "username": "admin",
  "statusCode": 200,
  "duration": "8ms",
  "contentLength": 21903
}
2025-06-24 14:50:21 [INFO]: HTTP Request
{
  "service": "nexus-crm",
  "method": "GET",
  "url": "/clients/1/utilities",
  "ip": "::1",
  "userAgent": "Mozilla/5.0 (Windows NT 10.0; Win64; x64) AppleWebKit/537.36 (KHTML, like Gecko) Chrome/137.0.0.0 Safari/537.36",
  "userId": 1,
  "username": "admin",
  "statusCode": 200,
  "duration": "15ms",
  "contentLength": 6026
}
2025-06-24 14:50:35 [INFO]: HTTP Request
{
  "service": "nexus-crm",
  "method": "GET",
  "url": "/clients/1/utilities/electric/new",
  "ip": "::1",
  "userAgent": "Mozilla/5.0 (Windows NT 10.0; Win64; x64) AppleWebKit/537.36 (KHTML, like Gecko) Chrome/137.0.0.0 Safari/537.36",
  "userId": 1,
  "username": "admin",
  "statusCode": 200,
  "duration": "19ms",
  "contentLength": 12749
}
2025-06-24 14:51:11 [INFO]: HTTP Request
{
  "service": "nexus-crm",
  "method": "GET",
  "url": "/clients/1/utilities",
  "ip": "::1",
  "userAgent": "Mozilla/5.0 (Windows NT 10.0; Win64; x64) AppleWebKit/537.36 (KHTML, like Gecko) Chrome/137.0.0.0 Safari/537.36",
  "userId": 1,
  "username": "admin",
  "statusCode": 200,
  "duration": "11ms",
  "contentLength": 6026
}
2025-06-24 14:51:20 [INFO]: HTTP Request
{
  "service": "nexus-crm",
  "method": "GET",
  "url": "/clients/1/utilities/gas/new",
  "ip": "::1",
  "userAgent": "Mozilla/5.0 (Windows NT 10.0; Win64; x64) AppleWebKit/537.36 (KHTML, like Gecko) Chrome/137.0.0.0 Safari/537.36",
  "userId": 1,
  "username": "admin",
  "statusCode": 200,
  "duration": "6ms",
  "contentLength": 11967
}
2025-06-24 14:52:58 [INFO]: HTTP Request
{
  "service": "nexus-crm",
  "method": "GET",
  "url": "/clients/1/utilities",
  "ip": "::1",
  "userAgent": "Mozilla/5.0 (Windows NT 10.0; Win64; x64) AppleWebKit/537.36 (KHTML, like Gecko) Chrome/137.0.0.0 Safari/537.36",
  "userId": 1,
  "username": "admin",
  "statusCode": 200,
  "duration": "62ms",
  "contentLength": 6026
}
2025-06-24 14:54:53 [WARN]: Pagina non trovata
{
  "service": "nexus-crm",
  "url": "/clients/1",
  "method": "GET",
  "ip": "::1",
  "userAgent": "Mozilla/5.0 (Windows NT 10.0; Win64; x64) AppleWebKit/537.36 (KHTML, like Gecko) Chrome/137.0.0.0 Safari/537.36",
  "userId": 1,
  "referer": "http://localhost:3000/clients/1/utilities"
}
2025-06-24 14:54:53 [INFO]: HTTP Request
{
  "service": "nexus-crm",
  "method": "GET",
  "url": "/clients/1",
  "ip": "::1",
  "userAgent": "Mozilla/5.0 (Windows NT 10.0; Win64; x64) AppleWebKit/537.36 (KHTML, like Gecko) Chrome/137.0.0.0 Safari/537.36",
  "userId": 1,
  "username": "admin",
  "statusCode": 404,
  "duration": "22ms",
  "contentLength": 5081
}
2025-06-24 14:54:58 [WARN]: Pagina non trovata
{
  "service": "nexus-crm",
  "url": "/clients/1",
  "method": "GET",
  "ip": "::1",
  "userAgent": "Mozilla/5.0 (Windows NT 10.0; Win64; x64) AppleWebKit/537.36 (KHTML, like Gecko) Chrome/137.0.0.0 Safari/537.36",
  "userId": 1,
  "referer": "http://localhost:3000/clients/1/utilities"
}
2025-06-24 14:54:58 [INFO]: HTTP Request
{
  "service": "nexus-crm",
  "method": "GET",
  "url": "/clients/1",
  "ip": "::1",
  "userAgent": "Mozilla/5.0 (Windows NT 10.0; Win64; x64) AppleWebKit/537.36 (KHTML, like Gecko) Chrome/137.0.0.0 Safari/537.36",
  "userId": 1,
  "username": "admin",
  "statusCode": 404,
  "duration": "6ms",
  "contentLength": 5081
}
2025-06-24 14:54:59 [INFO]: HTTP Request
{
  "service": "nexus-crm",
  "method": "GET",
  "url": "/",
  "ip": "::1",
  "userAgent": "Mozilla/5.0 (Windows NT 10.0; Win64; x64) AppleWebKit/537.36 (KHTML, like Gecko) Chrome/137.0.0.0 Safari/537.36",
  "userId": 1,
  "username": "admin",
  "statusCode": 200,
  "duration": "4ms",
  "contentLength": 7926
}
2025-06-24 14:55:01 [INFO]: HTTP Request
{
  "service": "nexus-crm",
  "method": "GET",
  "url": "/clients",
  "ip": "::1",
  "userAgent": "Mozilla/5.0 (Windows NT 10.0; Win64; x64) AppleWebKit/537.36 (KHTML, like Gecko) Chrome/137.0.0.0 Safari/537.36",
  "userId": 1,
  "username": "admin",
  "statusCode": 200,
  "duration": "8ms",
  "contentLength": 7690
}
2025-06-24 14:55:03 [INFO]: HTTP Request
{
  "service": "nexus-crm",
  "method": "GET",
  "url": "/clients/edit/1",
  "ip": "::1",
  "userAgent": "Mozilla/5.0 (Windows NT 10.0; Win64; x64) AppleWebKit/537.36 (KHTML, like Gecko) Chrome/137.0.0.0 Safari/537.36",
  "userId": 1,
  "username": "admin",
  "statusCode": 200,
  "duration": "13ms",
  "contentLength": 21903
}
2025-06-24 14:55:06 [INFO]: HTTP Request
{
  "service": "nexus-crm",
  "method": "GET",
  "url": "/clients/1/utilities",
  "ip": "::1",
  "userAgent": "Mozilla/5.0 (Windows NT 10.0; Win64; x64) AppleWebKit/537.36 (KHTML, like Gecko) Chrome/137.0.0.0 Safari/537.36",
  "userId": 1,
  "username": "admin",
  "statusCode": 200,
  "duration": "7ms",
  "contentLength": 6026
}
2025-06-24 14:55:08 [WARN]: Pagina non trovata
{
  "service": "nexus-crm",
  "url": "/clients/1",
  "method": "GET",
  "ip": "::1",
  "userAgent": "Mozilla/5.0 (Windows NT 10.0; Win64; x64) AppleWebKit/537.36 (KHTML, like Gecko) Chrome/137.0.0.0 Safari/537.36",
  "userId": 1,
  "referer": "http://localhost:3000/clients/1/utilities"
}
2025-06-24 14:55:08 [INFO]: HTTP Request
{
  "service": "nexus-crm",
  "method": "GET",
  "url": "/clients/1",
  "ip": "::1",
  "userAgent": "Mozilla/5.0 (Windows NT 10.0; Win64; x64) AppleWebKit/537.36 (KHTML, like Gecko) Chrome/137.0.0.0 Safari/537.36",
  "userId": 1,
  "username": "admin",
  "statusCode": 404,
  "duration": "3ms",
  "contentLength": 5081
}
2025-06-24 14:55:44 [WARN]: Pagina non trovata
{
  "service": "nexus-crm",
  "url": "/clients/1",
  "method": "GET",
  "ip": "::1",
  "userAgent": "Mozilla/5.0 (Windows NT 10.0; Win64; x64) AppleWebKit/537.36 (KHTML, like Gecko) Chrome/137.0.0.0 Safari/537.36",
  "userId": 1,
  "referer": "http://localhost:3000/clients/1/utilities"
}
2025-06-24 14:55:44 [INFO]: HTTP Request
{
  "service": "nexus-crm",
  "method": "GET",
  "url": "/clients/1",
  "ip": "::1",
  "userAgent": "Mozilla/5.0 (Windows NT 10.0; Win64; x64) AppleWebKit/537.36 (KHTML, like Gecko) Chrome/137.0.0.0 Safari/537.36",
  "userId": 1,
  "username": "admin",
  "statusCode": 404,
  "duration": "4ms",
  "contentLength": 5081
}
2025-06-24 14:55:49 [WARN]: Pagina non trovata
{
  "service": "nexus-crm",
  "url": "/clients/1",
  "method": "GET",
  "ip": "::1",
  "userAgent": "Mozilla/5.0 (Windows NT 10.0; Win64; x64) AppleWebKit/537.36 (KHTML, like Gecko) Chrome/137.0.0.0 Safari/537.36",
  "userId": 1,
  "referer": "http://localhost:3000/clients/1/utilities"
}
2025-06-24 14:55:49 [INFO]: HTTP Request
{
  "service": "nexus-crm",
  "method": "GET",
  "url": "/clients/1",
  "ip": "::1",
  "userAgent": "Mozilla/5.0 (Windows NT 10.0; Win64; x64) AppleWebKit/537.36 (KHTML, like Gecko) Chrome/137.0.0.0 Safari/537.36",
  "userId": 1,
  "username": "admin",
  "statusCode": 404,
  "duration": "3ms",
  "contentLength": 5081
}
2025-06-24 14:56:20 [INFO]: Ricevuto SIGINT, chiusura database...
{
  "service": "nexus-crm"
}
