2025-06-27 09:36:43 [INFO]: Avvio NEXUS CRM
{
  "service": "nexus-crm",
  "port": 3000
}
2025-06-27 09:36:43 [INFO]: Server avviato con successo
{
  "service": "nexus-crm",
  "port": 3000,
  "nodeEnv": "development",
  "nodeVersion": "v22.13.1"
}
2025-06-27 09:36:43 [INFO]: Connesso al database SQLite
{
  "service": "nexus-crm",
  "dbPath": "C:\\progetti\\nexus-crm\\data\\nexus.db"
}
2025-06-27 09:36:43 [INFO]: Tabella users verificata/creata
{
  "service": "nexus-crm"
}
2025-06-27 09:36:43 [INFO]: Tabella clients verificata/creata
{
  "service": "nexus-crm"
}
2025-06-27 09:36:43 [INFO]: Tabella activities verificata/creata
{
  "service": "nexus-crm"
}
2025-06-27 09:36:43 [INFO]: Tabella products verificata/creata
{
  "service": "nexus-crm"
}
2025-06-27 09:36:43 [INFO]: Tabella contracts verificata/creata
{
  "service": "nexus-crm"
}
2025-06-27 09:36:43 [INFO]: Tabella user_sessions creata
{
  "service": "nexus-crm"
}
2025-06-27 09:36:43 [INFO]: Tabella electricity_utilities verificata/creata
{
  "service": "nexus-crm"
}
2025-06-27 09:36:43 [INFO]: Tabella gas_utilities verificata/creata
{
  "service": "nexus-crm"
}
2025-06-27 09:36:43 [INFO]: Utente admin già esistente
{
  "service": "nexus-crm"
}
2025-06-27 09:36:47 [ERROR]: Errore connessione SMTP:
Error: Invalid login: 535 5.7.1 Authentication failed
    at SMTPConnection._formatError (C:\progetti\nexus-crm\node_modules\nodemailer\lib\smtp-connection\index.js:790:19)
    at SMTPConnection._actionAUTHComplete (C:\progetti\nexus-crm\node_modules\nodemailer\lib\smtp-connection\index.js:1564:34)
    at SMTPConnection.<anonymous> (C:\progetti\nexus-crm\node_modules\nodemailer\lib\smtp-connection\index.js:546:26)
    at SMTPConnection._processResponse (C:\progetti\nexus-crm\node_modules\nodemailer\lib\smtp-connection\index.js:969:20)
    at SMTPConnection._onData (C:\progetti\nexus-crm\node_modules\nodemailer\lib\smtp-connection\index.js:755:14)
    at SMTPConnection._onSocketData (C:\progetti\nexus-crm\node_modules\nodemailer\lib\smtp-connection\index.js:193:44)
    at TLSSocket.emit (node:events:524:28)
    at addChunk (node:internal/streams/readable:561:12)
    at readableAddChunkPushByteMode (node:internal/streams/readable:512:3)
    at Readable.push (node:internal/streams/readable:392:5)
{
  "service": "nexus-crm",
  "error": "Invalid login: 535 5.7.1 Authentication failed"
}
2025-06-27 09:36:47 [WARN]: ⚠️ Servizio email non configurato - controlla variabili ambiente SMTP
{
  "service": "nexus-crm"
}
2025-06-27 09:36:48 [INFO]: HTTP Request
{
  "service": "nexus-crm",
  "method": "GET",
  "url": "/login",
  "ip": "::1",
  "userAgent": "Mozilla/5.0 (Windows NT 10.0; Win64; x64) AppleWebKit/537.36 (KHTML, like Gecko) Chrome/137.0.0.0 Safari/537.36",
  "statusCode": 200,
  "duration": "10ms",
  "contentLength": 4680
}
2025-06-27 09:36:55 [INFO]: Login riuscito
{
  "service": "nexus-crm",
  "userId": 1,
  "username": "admin",
  "role": "administrator",
  "ip": "::1",
  "userAgent": "Mozilla/5.0 (Windows NT 10.0; Win64; x64) AppleWebKit/537.36 (KHTML, like Gecko) Chrome/137.0.0.0 Safari/537.36"
}
2025-06-27 09:36:55 [INFO]: Login completato con successo
{
  "service": "nexus-crm",
  "userId": 1,
  "username": "admin",
  "role": "administrator",
  "ip": "::1",
  "sessionId": "sFNxK4ldN8uiVE_jDprFLeMkRowprFm3"
}
2025-06-27 09:36:55 [INFO]: Sessione utente loggata
{
  "service": "nexus-crm",
  "userId": 1,
  "sessionLogId": 51,
  "ip": "::1"
}
2025-06-27 09:36:55 [DEBUG]: Session ID aggiornato
{
  "service": "nexus-crm",
  "sessionLogId": 51,
  "realSessionId": "sFNxK4ldN8uiVE_jDprFLeMkRowprFm3"
}
2025-06-27 09:36:55 [INFO]: HTTP Request
{
  "service": "nexus-crm",
  "method": "GET",
  "url": "/dashboard",
  "ip": "::1",
  "userAgent": "Mozilla/5.0 (Windows NT 10.0; Win64; x64) AppleWebKit/537.36 (KHTML, like Gecko) Chrome/137.0.0.0 Safari/537.36",
  "userId": 1,
  "username": "admin",
  "statusCode": 200,
  "duration": "147ms",
  "contentLength": 17561
}
2025-06-27 09:37:02 [INFO]: HTTP Request
{
  "service": "nexus-crm",
  "method": "GET",
  "url": "/contracts",
  "ip": "::1",
  "userAgent": "Mozilla/5.0 (Windows NT 10.0; Win64; x64) AppleWebKit/537.36 (KHTML, like Gecko) Chrome/137.0.0.0 Safari/537.36",
  "userId": 1,
  "username": "admin",
  "statusCode": 200,
  "duration": "8ms",
  "contentLength": 12445
}
2025-06-27 09:37:03 [INFO]: HTTP Request
{
  "service": "nexus-crm",
  "method": "GET",
  "url": "/contracts",
  "ip": "::1",
  "userAgent": "Mozilla/5.0 (Windows NT 10.0; Win64; x64) AppleWebKit/537.36 (KHTML, like Gecko) Chrome/137.0.0.0 Safari/537.36",
  "userId": 1,
  "username": "admin",
  "statusCode": 200,
  "duration": "5ms",
  "contentLength": 12445
}
2025-06-27 09:37:09 [INFO]: HTTP Request
{
  "service": "nexus-crm",
  "method": "GET",
  "url": "/notifications",
  "ip": "::1",
  "userAgent": "Mozilla/5.0 (Windows NT 10.0; Win64; x64) AppleWebKit/537.36 (KHTML, like Gecko) Chrome/137.0.0.0 Safari/537.36",
  "userId": 1,
  "username": "admin",
  "statusCode": 200,
  "duration": "20ms",
  "contentLength": 20068
}
2025-06-27 09:37:14 [ERROR]: Errore connessione SMTP:
Error: Invalid login: 535 5.7.1 Authentication failed
    at SMTPConnection._formatError (C:\progetti\nexus-crm\node_modules\nodemailer\lib\smtp-connection\index.js:790:19)
    at SMTPConnection._actionAUTHComplete (C:\progetti\nexus-crm\node_modules\nodemailer\lib\smtp-connection\index.js:1564:34)
    at SMTPConnection.<anonymous> (C:\progetti\nexus-crm\node_modules\nodemailer\lib\smtp-connection\index.js:546:26)
    at SMTPConnection._processResponse (C:\progetti\nexus-crm\node_modules\nodemailer\lib\smtp-connection\index.js:969:20)
    at SMTPConnection._onData (C:\progetti\nexus-crm\node_modules\nodemailer\lib\smtp-connection\index.js:755:14)
    at SMTPConnection._onSocketData (C:\progetti\nexus-crm\node_modules\nodemailer\lib\smtp-connection\index.js:193:44)
    at TLSSocket.emit (node:events:524:28)
    at addChunk (node:internal/streams/readable:561:12)
    at readableAddChunkPushByteMode (node:internal/streams/readable:512:3)
    at Readable.push (node:internal/streams/readable:392:5)
{
  "service": "nexus-crm",
  "error": "Invalid login: 535 5.7.1 Authentication failed"
}
2025-06-27 09:37:14 [INFO]: HTTP Request
{
  "service": "nexus-crm",
  "method": "GET",
  "url": "/notifications/email-status",
  "ip": "::1",
  "userAgent": "Mozilla/5.0 (Windows NT 10.0; Win64; x64) AppleWebKit/537.36 (KHTML, like Gecko) Chrome/137.0.0.0 Safari/537.36",
  "userId": 1,
  "username": "admin",
  "statusCode": 200,
  "duration": "4546ms",
  "contentLength": 80
}
2025-06-27 09:37:18 [ERROR]: Errore invio email:
Error: Invalid login: 535 5.7.1 Authentication failed
    at SMTPConnection._formatError (C:\progetti\nexus-crm\node_modules\nodemailer\lib\smtp-connection\index.js:790:19)
    at SMTPConnection._actionAUTHComplete (C:\progetti\nexus-crm\node_modules\nodemailer\lib\smtp-connection\index.js:1564:34)
    at SMTPConnection.<anonymous> (C:\progetti\nexus-crm\node_modules\nodemailer\lib\smtp-connection\index.js:546:26)
    at SMTPConnection._processResponse (C:\progetti\nexus-crm\node_modules\nodemailer\lib\smtp-connection\index.js:969:20)
    at SMTPConnection._onData (C:\progetti\nexus-crm\node_modules\nodemailer\lib\smtp-connection\index.js:755:14)
    at SMTPConnection._onSocketData (C:\progetti\nexus-crm\node_modules\nodemailer\lib\smtp-connection\index.js:193:44)
    at TLSSocket.emit (node:events:524:28)
    at addChunk (node:internal/streams/readable:561:12)
    at readableAddChunkPushByteMode (node:internal/streams/readable:512:3)
    at Readable.push (node:internal/streams/readable:392:5)
{
  "service": "nexus-crm",
  "error": "Invalid login: 535 5.7.1 Authentication failed",
  "to": "admin@nexus.it",
  "subject": "🧪 Test Email - NEXUS CRM System"
}
2025-06-27 09:37:18 [INFO]: HTTP Request
{
  "service": "nexus-crm",
  "method": "POST",
  "url": "/notifications/test-email",
  "ip": "::1",
  "userAgent": "Mozilla/5.0 (Windows NT 10.0; Win64; x64) AppleWebKit/537.36 (KHTML, like Gecko) Chrome/137.0.0.0 Safari/537.36",
  "userId": 1,
  "username": "admin",
  "statusCode": 500,
  "duration": "3406ms",
  "contentLength": 102
}
2025-06-27 09:39:02 [ERROR]: Errore invio email:
Error: Invalid login: 535 5.7.1 Authentication failed
    at SMTPConnection._formatError (C:\progetti\nexus-crm\node_modules\nodemailer\lib\smtp-connection\index.js:790:19)
    at SMTPConnection._actionAUTHComplete (C:\progetti\nexus-crm\node_modules\nodemailer\lib\smtp-connection\index.js:1564:34)
    at SMTPConnection.<anonymous> (C:\progetti\nexus-crm\node_modules\nodemailer\lib\smtp-connection\index.js:546:26)
    at SMTPConnection._processResponse (C:\progetti\nexus-crm\node_modules\nodemailer\lib\smtp-connection\index.js:969:20)
    at SMTPConnection._onData (C:\progetti\nexus-crm\node_modules\nodemailer\lib\smtp-connection\index.js:755:14)
    at SMTPConnection._onSocketData (C:\progetti\nexus-crm\node_modules\nodemailer\lib\smtp-connection\index.js:193:44)
    at TLSSocket.emit (node:events:524:28)
    at addChunk (node:internal/streams/readable:561:12)
    at readableAddChunkPushByteMode (node:internal/streams/readable:512:3)
    at Readable.push (node:internal/streams/readable:392:5)
{
  "service": "nexus-crm",
  "error": "Invalid login: 535 5.7.1 Authentication failed",
  "to": "admin@nexus.it",
  "subject": "🧪 Test Email - NEXUS CRM System"
}
2025-06-27 09:39:02 [INFO]: HTTP Request
{
  "service": "nexus-crm",
  "method": "POST",
  "url": "/notifications/test-email",
  "ip": "::1",
  "userAgent": "Mozilla/5.0 (Windows NT 10.0; Win64; x64) AppleWebKit/537.36 (KHTML, like Gecko) Chrome/137.0.0.0 Safari/537.36",
  "userId": 1,
  "username": "admin",
  "statusCode": 500,
  "duration": "2545ms",
  "contentLength": 102
}
2025-06-27 09:39:09 [ERROR]: Errore invio email:
Error: Invalid login: 535 5.7.1 Authentication failed
    at SMTPConnection._formatError (C:\progetti\nexus-crm\node_modules\nodemailer\lib\smtp-connection\index.js:790:19)
    at SMTPConnection._actionAUTHComplete (C:\progetti\nexus-crm\node_modules\nodemailer\lib\smtp-connection\index.js:1564:34)
    at SMTPConnection.<anonymous> (C:\progetti\nexus-crm\node_modules\nodemailer\lib\smtp-connection\index.js:546:26)
    at SMTPConnection._processResponse (C:\progetti\nexus-crm\node_modules\nodemailer\lib\smtp-connection\index.js:969:20)
    at SMTPConnection._onData (C:\progetti\nexus-crm\node_modules\nodemailer\lib\smtp-connection\index.js:755:14)
    at SMTPConnection._onSocketData (C:\progetti\nexus-crm\node_modules\nodemailer\lib\smtp-connection\index.js:193:44)
    at TLSSocket.emit (node:events:524:28)
    at addChunk (node:internal/streams/readable:561:12)
    at readableAddChunkPushByteMode (node:internal/streams/readable:512:3)
    at Readable.push (node:internal/streams/readable:392:5)
{
  "service": "nexus-crm",
  "error": "Invalid login: 535 5.7.1 Authentication failed",
  "to": "admin@nexus.it",
  "subject": "🧪 Test Email - NEXUS CRM System"
}
2025-06-27 09:39:09 [INFO]: HTTP Request
{
  "service": "nexus-crm",
  "method": "POST",
  "url": "/notifications/test-email",
  "ip": "::1",
  "userAgent": "Mozilla/5.0 (Windows NT 10.0; Win64; x64) AppleWebKit/537.36 (KHTML, like Gecko) Chrome/137.0.0.0 Safari/537.36",
  "userId": 1,
  "username": "admin",
  "statusCode": 500,
  "duration": "3602ms",
  "contentLength": 102
}
2025-06-27 09:41:51 [INFO]: HTTP Request
{
  "service": "nexus-crm",
  "method": "GET",
  "url": "/clients",
  "ip": "::1",
  "userAgent": "Mozilla/5.0 (Windows NT 10.0; Win64; x64) AppleWebKit/537.36 (KHTML, like Gecko) Chrome/137.0.0.0 Safari/537.36",
  "userId": 1,
  "username": "admin",
  "statusCode": 200,
  "duration": "33ms",
  "contentLength": 13319
}
2025-06-27 09:42:54 [INFO]: Ricevuto SIGINT, chiusura database...
{
  "service": "nexus-crm"
}
2025-06-27 09:43:15 [INFO]: Avvio NEXUS CRM
{
  "service": "nexus-crm",
  "port": 3000
}
2025-06-27 09:43:15 [INFO]: Server avviato con successo
{
  "service": "nexus-crm",
  "port": 3000,
  "nodeEnv": "development",
  "nodeVersion": "v22.13.1"
}
2025-06-27 09:43:15 [INFO]: Connesso al database SQLite
{
  "service": "nexus-crm",
  "dbPath": "C:\\progetti\\nexus-crm\\data\\nexus.db"
}
2025-06-27 09:43:16 [INFO]: Tabella users verificata/creata
{
  "service": "nexus-crm"
}
2025-06-27 09:43:16 [INFO]: Tabella clients verificata/creata
{
  "service": "nexus-crm"
}
2025-06-27 09:43:16 [INFO]: Tabella activities verificata/creata
{
  "service": "nexus-crm"
}
2025-06-27 09:43:16 [INFO]: Tabella products verificata/creata
{
  "service": "nexus-crm"
}
2025-06-27 09:43:16 [INFO]: Tabella contracts verificata/creata
{
  "service": "nexus-crm"
}
2025-06-27 09:43:16 [INFO]: Tabella user_sessions creata
{
  "service": "nexus-crm"
}
2025-06-27 09:43:16 [INFO]: Tabella electricity_utilities verificata/creata
{
  "service": "nexus-crm"
}
2025-06-27 09:43:16 [INFO]: Tabella gas_utilities verificata/creata
{
  "service": "nexus-crm"
}
2025-06-27 09:43:16 [INFO]: Utente admin già esistente
{
  "service": "nexus-crm"
}
2025-06-27 09:43:19 [INFO]: HTTP Request
{
  "service": "nexus-crm",
  "method": "GET",
  "url": "/login",
  "ip": "::1",
  "userAgent": "Mozilla/5.0 (Windows NT 10.0; Win64; x64) AppleWebKit/537.36 (KHTML, like Gecko) Chrome/137.0.0.0 Safari/537.36",
  "statusCode": 200,
  "duration": "19ms",
  "contentLength": 4680
}
2025-06-27 09:43:25 [INFO]: Login riuscito
{
  "service": "nexus-crm",
  "userId": 1,
  "username": "admin",
  "role": "administrator",
  "ip": "::1",
  "userAgent": "Mozilla/5.0 (Windows NT 10.0; Win64; x64) AppleWebKit/537.36 (KHTML, like Gecko) Chrome/137.0.0.0 Safari/537.36"
}
2025-06-27 09:43:25 [INFO]: Login completato con successo
{
  "service": "nexus-crm",
  "userId": 1,
  "username": "admin",
  "role": "administrator",
  "ip": "::1",
  "sessionId": "jNkBdGj-6-02UpxYgySQgZr7qhZbfzWW"
}
2025-06-27 09:43:25 [INFO]: Sessione utente loggata
{
  "service": "nexus-crm",
  "userId": 1,
  "sessionLogId": 52,
  "ip": "::1"
}
2025-06-27 09:43:25 [DEBUG]: Session ID aggiornato
{
  "service": "nexus-crm",
  "sessionLogId": 52,
  "realSessionId": "jNkBdGj-6-02UpxYgySQgZr7qhZbfzWW"
}
2025-06-27 09:43:25 [INFO]: HTTP Request
{
  "service": "nexus-crm",
  "method": "GET",
  "url": "/dashboard",
  "ip": "::1",
  "userAgent": "Mozilla/5.0 (Windows NT 10.0; Win64; x64) AppleWebKit/537.36 (KHTML, like Gecko) Chrome/137.0.0.0 Safari/537.36",
  "userId": 1,
  "username": "admin",
  "statusCode": 200,
  "duration": "73ms",
  "contentLength": 17561
}
2025-06-27 09:43:25 [ERROR]: Errore connessione SMTP:
Error: Timeout connessione SMTP
    at Timeout._onTimeout (C:\progetti\nexus-crm\services\emailService.js:58:33)
    at listOnTimeout (node:internal/timers:594:17)
    at process.processTimers (node:internal/timers:529:7)
{
  "service": "nexus-crm",
  "error": "Timeout connessione SMTP"
}
2025-06-27 09:43:25 [WARN]: ⚠️ Servizio email non configurato - controlla variabili ambiente SMTP
{
  "service": "nexus-crm"
}
2025-06-27 09:43:29 [INFO]: HTTP Request
{
  "service": "nexus-crm",
  "method": "GET",
  "url": "/notifications",
  "ip": "::1",
  "userAgent": "Mozilla/5.0 (Windows NT 10.0; Win64; x64) AppleWebKit/537.36 (KHTML, like Gecko) Chrome/137.0.0.0 Safari/537.36",
  "userId": 1,
  "username": "admin",
  "statusCode": 200,
  "duration": "15ms",
  "contentLength": 20068
}
2025-06-27 09:43:32 [WARN]: Pagina non trovata
{
  "service": "nexus-crm",
  "url": "/notifications/scheduler-status",
  "method": "GET",
  "ip": "::1",
  "userAgent": "Mozilla/5.0 (Windows NT 10.0; Win64; x64) AppleWebKit/537.36 (KHTML, like Gecko) Chrome/137.0.0.0 Safari/537.36",
  "userId": 1,
  "referer": "http://localhost:3000/notifications"
}
2025-06-27 09:43:32 [INFO]: HTTP Request
{
  "service": "nexus-crm",
  "method": "GET",
  "url": "/notifications/scheduler-status",
  "ip": "::1",
  "userAgent": "Mozilla/5.0 (Windows NT 10.0; Win64; x64) AppleWebKit/537.36 (KHTML, like Gecko) Chrome/137.0.0.0 Safari/537.36",
  "userId": 1,
  "username": "admin",
  "statusCode": 404,
  "duration": "4ms",
  "contentLength": 8960
}
2025-06-27 09:43:39 [ERROR]: Errore connessione SMTP:
Error: Timeout connessione SMTP
    at Timeout._onTimeout (C:\progetti\nexus-crm\services\emailService.js:58:33)
    at listOnTimeout (node:internal/timers:594:17)
    at process.processTimers (node:internal/timers:529:7)
{
  "service": "nexus-crm",
  "error": "Timeout connessione SMTP"
}
2025-06-27 09:43:39 [INFO]: HTTP Request
{
  "service": "nexus-crm",
  "method": "GET",
  "url": "/notifications/email-status",
  "ip": "::1",
  "userAgent": "Mozilla/5.0 (Windows NT 10.0; Win64; x64) AppleWebKit/537.36 (KHTML, like Gecko) Chrome/137.0.0.0 Safari/537.36",
  "userId": 1,
  "username": "admin",
  "statusCode": 200,
  "duration": "10016ms",
  "contentLength": 80
}
2025-06-27 09:43:45 [ERROR]: Errore connessione SMTP:
Error: Timeout connessione SMTP
    at Timeout._onTimeout (C:\progetti\nexus-crm\services\emailService.js:58:33)
    at listOnTimeout (node:internal/timers:594:17)
    at process.processTimers (node:internal/timers:529:7)
{
  "service": "nexus-crm",
  "error": "Timeout connessione SMTP"
}
2025-06-27 09:43:49 [ERROR]: Errore invio email:
Error: Impossibile stabilire connessione SMTP con nessuna configurazione
    at EmailService.sendEmail (C:\progetti\nexus-crm\services\emailService.js:157:17)
    at process.processTicksAndRejections (node:internal/process/task_queues:105:5)
    at async C:\progetti\nexus-crm\routes\notifications.js:24:5
{
  "service": "nexus-crm",
  "error": "Impossibile stabilire connessione SMTP con nessuna configurazione",
  "to": "admin@nexus.it",
  "subject": "🧪 Test Email - NEXUS CRM System (OVH Configuration)"
}
2025-06-27 09:43:49 [INFO]: HTTP Request
{
  "service": "nexus-crm",
  "method": "POST",
  "url": "/notifications/test-email",
  "ip": "::1",
  "userAgent": "Mozilla/5.0 (Windows NT 10.0; Win64; x64) AppleWebKit/537.36 (KHTML, like Gecko) Chrome/137.0.0.0 Safari/537.36",
  "userId": 1,
  "username": "admin",
  "statusCode": 500,
  "duration": "14804ms",
  "contentLength": 121
}
2025-06-27 09:44:47 [INFO]: Ricevuto SIGINT, chiusura database...
{
  "service": "nexus-crm"
}
2025-06-27 10:04:27 [INFO]: Connessione SMTP verificata con successo
{
  "service": "nexus-crm"
}
2025-06-27 10:04:30 [INFO]: Connessione SMTP verificata con successo
{
  "service": "nexus-crm"
}
2025-06-27 10:04:32 [INFO]: Email inviata con successo
{
  "service": "nexus-crm",
  "to": "nexus@metodi.pro",
  "subject": "🧪 Test Email - NEXUS CRM System (Enhanced)",
  "messageId": "<eb492aa4-1065-1242-8843-743dd1930ce5@metodi.pro>"
}
2025-06-27 10:05:01 [INFO]: Avvio NEXUS CRM
{
  "service": "nexus-crm",
  "port": 3000
}
2025-06-27 10:05:01 [INFO]: Server avviato con successo
{
  "service": "nexus-crm",
  "port": 3000,
  "nodeEnv": "development",
  "nodeVersion": "v22.13.1"
}
2025-06-27 10:05:01 [INFO]: Connesso al database SQLite
{
  "service": "nexus-crm",
  "dbPath": "C:\\progetti\\nexus-crm\\data\\nexus.db"
}
2025-06-27 10:05:01 [INFO]: Tabella users verificata/creata
{
  "service": "nexus-crm"
}
2025-06-27 10:05:01 [INFO]: Tabella clients verificata/creata
{
  "service": "nexus-crm"
}
2025-06-27 10:05:01 [INFO]: Tabella activities verificata/creata
{
  "service": "nexus-crm"
}
2025-06-27 10:05:01 [INFO]: Tabella products verificata/creata
{
  "service": "nexus-crm"
}
2025-06-27 10:05:01 [INFO]: Tabella contracts verificata/creata
{
  "service": "nexus-crm"
}
2025-06-27 10:05:01 [INFO]: Tabella user_sessions creata
{
  "service": "nexus-crm"
}
2025-06-27 10:05:01 [INFO]: Tabella electricity_utilities verificata/creata
{
  "service": "nexus-crm"
}
2025-06-27 10:05:01 [INFO]: Tabella gas_utilities verificata/creata
{
  "service": "nexus-crm"
}
2025-06-27 10:05:01 [INFO]: Utente admin già esistente
{
  "service": "nexus-crm"
}
2025-06-27 10:05:20 [ERROR]: Errore connessione SMTP dopo tutti i tentativi:
Error: connect ECONNREFUSED 127.0.0.1:25
    at TCPConnectWrap.afterConnect [as oncomplete] (node:net:1634:16)
{
  "service": "nexus-crm",
  "error": "connect ECONNREFUSED 127.0.0.1:25"
}
2025-06-27 10:05:20 [WARN]: ⚠️ Servizio email non configurato - controlla variabili ambiente SMTP
{
  "service": "nexus-crm"
}
2025-06-27 10:06:55 [INFO]: Ricevuto SIGINT, chiusura database...
{
  "service": "nexus-crm"
}
2025-06-27 10:06:57 [INFO]: Avvio NEXUS CRM
{
  "service": "nexus-crm",
  "port": 3000,
  "nodeEnv": "development"
}
2025-06-27 10:06:57 [INFO]: Avvio scheduler notifiche NEXUS CRM
{
  "service": "nexus-crm"
}
2025-06-27 10:06:57 [INFO]: ✅ Scheduler controlli orari attivato (9-18, lun-ven)
{
  "service": "nexus-crm"
}
2025-06-27 10:06:57 [INFO]: ✅ Scheduler digest settimanale attivato (lunedì 08:00)
{
  "service": "nexus-crm"
}
2025-06-27 10:06:57 [INFO]: ✅ Scheduler controllo giornaliero attivato (09:00)
{
  "service": "nexus-crm"
}
2025-06-27 10:06:57 [INFO]: ✅ Scheduler pulizia log attivato (domenica 23:00)
{
  "service": "nexus-crm"
}
2025-06-27 10:06:57 [INFO]: Tutti gli scheduler sono stati avviati
{
  "service": "nexus-crm"
}
2025-06-27 10:06:57 [INFO]: ✅ Scheduler notifiche avviato
{
  "service": "nexus-crm"
}
2025-06-27 10:06:57 [INFO]: Server avviato con successo
{
  "service": "nexus-crm",
  "port": 3000,
  "nodeEnv": "development",
  "nodeVersion": "v22.13.1"
}
2025-06-27 10:06:57 [INFO]: Connesso al database SQLite
{
  "service": "nexus-crm",
  "dbPath": "C:\\progetti\\nexus-crm\\data\\nexus.db"
}
2025-06-27 10:06:58 [INFO]: Tabella users verificata/creata
{
  "service": "nexus-crm"
}
2025-06-27 10:06:58 [INFO]: Tabella clients verificata/creata
{
  "service": "nexus-crm"
}
2025-06-27 10:06:58 [INFO]: Tabella activities verificata/creata
{
  "service": "nexus-crm"
}
2025-06-27 10:06:58 [INFO]: Tabella products verificata/creata
{
  "service": "nexus-crm"
}
2025-06-27 10:06:58 [INFO]: Tabella contracts verificata/creata
{
  "service": "nexus-crm"
}
2025-06-27 10:06:58 [INFO]: Tabella user_sessions creata
{
  "service": "nexus-crm"
}
2025-06-27 10:06:58 [INFO]: Tabella electricity_utilities verificata/creata
{
  "service": "nexus-crm"
}
2025-06-27 10:06:58 [INFO]: Tabella gas_utilities verificata/creata
{
  "service": "nexus-crm"
}
2025-06-27 10:06:58 [INFO]: Utente admin già esistente
{
  "service": "nexus-crm"
}
2025-06-27 10:06:59 [INFO]: Connessione SMTP verificata con successo
{
  "service": "nexus-crm"
}
2025-06-27 10:06:59 [INFO]: Connessione SMTP verificata con successo
{
  "service": "nexus-crm"
}
2025-06-27 10:06:59 [INFO]: ✅ Servizio email configurato correttamente
{
  "service": "nexus-crm"
}
2025-06-27 10:07:05 [INFO]: HTTP Request
{
  "service": "nexus-crm",
  "method": "GET",
  "url": "/login",
  "ip": "::1",
  "userAgent": "Mozilla/5.0 (Windows NT 10.0; Win64; x64) AppleWebKit/537.36 (KHTML, like Gecko) Chrome/137.0.0.0 Safari/537.36",
  "statusCode": 200,
  "duration": "7ms",
  "contentLength": 4680
}
2025-06-27 10:07:11 [INFO]: Login riuscito
{
  "service": "nexus-crm",
  "userId": 1,
  "username": "admin",
  "role": "administrator",
  "ip": "::1",
  "userAgent": "Mozilla/5.0 (Windows NT 10.0; Win64; x64) AppleWebKit/537.36 (KHTML, like Gecko) Chrome/137.0.0.0 Safari/537.36"
}
2025-06-27 10:07:11 [INFO]: Login completato con successo
{
  "service": "nexus-crm",
  "userId": 1,
  "username": "admin",
  "role": "administrator",
  "ip": "::1",
  "sessionId": "K4u-F08BXastYY58jOcIDK5hPQlNOHGg"
}
2025-06-27 10:07:11 [INFO]: HTTP Request
{
  "service": "nexus-crm",
  "method": "GET",
  "url": "/dashboard",
  "ip": "::1",
  "userAgent": "Mozilla/5.0 (Windows NT 10.0; Win64; x64) AppleWebKit/537.36 (KHTML, like Gecko) Chrome/137.0.0.0 Safari/537.36",
  "userId": 1,
  "username": "admin",
  "statusCode": 200,
  "duration": "67ms",
  "contentLength": 17561
}
2025-06-27 10:07:11 [INFO]: Sessione utente loggata
{
  "service": "nexus-crm",
  "userId": 1,
  "sessionLogId": 53,
  "ip": "::1"
}
2025-06-27 10:07:11 [DEBUG]: Session ID aggiornato
{
  "service": "nexus-crm",
  "sessionLogId": 53,
  "realSessionId": "K4u-F08BXastYY58jOcIDK5hPQlNOHGg"
}
2025-06-27 10:07:13 [INFO]: Connessione SMTP verificata con successo
{
  "service": "nexus-crm"
}
2025-06-27 10:07:13 [INFO]: HTTP Request
{
  "service": "nexus-crm",
  "method": "GET",
  "url": "/notifications",
  "ip": "::1",
  "userAgent": "Mozilla/5.0 (Windows NT 10.0; Win64; x64) AppleWebKit/537.36 (KHTML, like Gecko) Chrome/137.0.0.0 Safari/537.36",
  "userId": 1,
  "username": "admin",
  "statusCode": 200,
  "duration": "611ms",
  "contentLength": 19839
}
2025-06-27 10:07:16 [INFO]: Connessione SMTP verificata con successo
{
  "service": "nexus-crm"
}
2025-06-27 10:07:16 [INFO]: HTTP Request
{
  "service": "nexus-crm",
  "method": "GET",
  "url": "/notifications/email-status",
  "ip": "::1",
  "userAgent": "Mozilla/5.0 (Windows NT 10.0; Win64; x64) AppleWebKit/537.36 (KHTML, like Gecko) Chrome/137.0.0.0 Safari/537.36",
  "userId": 1,
  "username": "admin",
  "statusCode": 200,
  "duration": "2740ms",
  "contentLength": 233
}
2025-06-27 10:07:26 [INFO]: Email inviata con successo
{
  "service": "nexus-crm",
  "to": "admin@nexus.it",
  "subject": "🧪 Test Email - NEXUS CRM System (Enhanced)",
  "messageId": "<09c667de-44ff-8390-cff7-d02b03bbd5b2@metodi.pro>"
}
2025-06-27 10:07:26 [INFO]: HTTP Request
{
  "service": "nexus-crm",
  "method": "POST",
  "url": "/notifications/test-email",
  "ip": "::1",
  "userAgent": "Mozilla/5.0 (Windows NT 10.0; Win64; x64) AppleWebKit/537.36 (KHTML, like Gecko) Chrome/137.0.0.0 Safari/537.36",
  "userId": 1,
  "username": "admin",
  "statusCode": 200,
  "duration": "3887ms",
  "contentLength": 153
}
2025-06-27 10:07:30 [INFO]: HTTP Request
{
  "service": "nexus-crm",
  "method": "GET",
  "url": "/notifications/scheduler-status",
  "ip": "::1",
  "userAgent": "Mozilla/5.0 (Windows NT 10.0; Win64; x64) AppleWebKit/537.36 (KHTML, like Gecko) Chrome/137.0.0.0 Safari/537.36",
  "userId": 1,
  "username": "admin",
  "statusCode": 200,
  "duration": "5ms",
  "contentLength": 56
}
2025-06-27 10:09:43 [INFO]: Ricevuto SIGINT, chiusura database...
{
  "service": "nexus-crm"
}
2025-06-27 10:15:35 [INFO]: Avvio NEXUS CRM
{
  "service": "nexus-crm",
  "port": 3000,
  "nodeEnv": "development"
}
2025-06-27 10:15:35 [INFO]: Avvio scheduler notifiche NEXUS CRM
{
  "service": "nexus-crm"
}
2025-06-27 10:15:35 [INFO]: ✅ Scheduler controlli orari attivato (9-18, lun-ven)
{
  "service": "nexus-crm"
}
2025-06-27 10:15:35 [INFO]: ✅ Scheduler digest settimanale attivato (lunedì 08:00)
{
  "service": "nexus-crm"
}
2025-06-27 10:15:35 [INFO]: ✅ Scheduler controllo giornaliero attivato (09:00)
{
  "service": "nexus-crm"
}
2025-06-27 10:15:35 [INFO]: ✅ Scheduler pulizia log attivato (domenica 23:00)
{
  "service": "nexus-crm"
}
2025-06-27 10:15:35 [INFO]: Tutti gli scheduler sono stati avviati
{
  "service": "nexus-crm"
}
2025-06-27 10:15:35 [INFO]: ✅ Scheduler notifiche avviato
{
  "service": "nexus-crm"
}
2025-06-27 10:15:35 [INFO]: Server avviato con successo
{
  "service": "nexus-crm",
  "port": 3000,
  "nodeEnv": "development",
  "nodeVersion": "v22.13.1"
}
2025-06-27 10:15:35 [INFO]: Connesso al database SQLite
{
  "service": "nexus-crm",
  "dbPath": "C:\\progetti\\nexus-crm\\data\\nexus.db"
}
2025-06-27 10:15:35 [INFO]: Tabella users verificata/creata
{
  "service": "nexus-crm"
}
2025-06-27 10:15:35 [INFO]: Tabella clients verificata/creata
{
  "service": "nexus-crm"
}
2025-06-27 10:15:35 [INFO]: Tabella activities verificata/creata
{
  "service": "nexus-crm"
}
2025-06-27 10:15:35 [INFO]: Tabella products verificata/creata
{
  "service": "nexus-crm"
}
2025-06-27 10:15:35 [INFO]: Tabella contracts verificata/creata
{
  "service": "nexus-crm"
}
2025-06-27 10:15:35 [INFO]: Tabella user_sessions creata
{
  "service": "nexus-crm"
}
2025-06-27 10:15:35 [INFO]: Tabella electricity_utilities verificata/creata
{
  "service": "nexus-crm"
}
2025-06-27 10:15:35 [INFO]: HTTP Request
{
  "service": "nexus-crm",
  "method": "GET",
  "url": "/login",
  "ip": "::1",
  "userAgent": "Mozilla/5.0 (Windows NT 10.0; Win64; x64) AppleWebKit/537.36 (KHTML, like Gecko) Chrome/137.0.0.0 Safari/537.36",
  "statusCode": 200,
  "duration": "14ms",
  "contentLength": 4680
}
2025-06-27 10:15:35 [INFO]: Tabella gas_utilities verificata/creata
{
  "service": "nexus-crm"
}
2025-06-27 10:15:35 [INFO]: Utente admin già esistente
{
  "service": "nexus-crm"
}
2025-06-27 10:15:37 [INFO]: Connessione SMTP verificata con successo
{
  "service": "nexus-crm"
}
2025-06-27 10:15:37 [INFO]: Connessione SMTP verificata con successo
{
  "service": "nexus-crm"
}
2025-06-27 10:15:37 [INFO]: ✅ Servizio email configurato correttamente
{
  "service": "nexus-crm"
}
2025-06-27 10:15:44 [INFO]: Login riuscito
{
  "service": "nexus-crm",
  "userId": 1,
  "username": "admin",
  "role": "administrator",
  "ip": "::1",
  "userAgent": "Mozilla/5.0 (Windows NT 10.0; Win64; x64) AppleWebKit/537.36 (KHTML, like Gecko) Chrome/137.0.0.0 Safari/537.36"
}
2025-06-27 10:15:44 [INFO]: Login completato con successo
{
  "service": "nexus-crm",
  "userId": 1,
  "username": "admin",
  "role": "administrator",
  "ip": "::1",
  "sessionId": "6TQ6pfZix1KsxostuMDh-bRioZfJHI0_"
}
2025-06-27 10:15:44 [INFO]: HTTP Request
{
  "service": "nexus-crm",
  "method": "GET",
  "url": "/dashboard",
  "ip": "::1",
  "userAgent": "Mozilla/5.0 (Windows NT 10.0; Win64; x64) AppleWebKit/537.36 (KHTML, like Gecko) Chrome/137.0.0.0 Safari/537.36",
  "userId": 1,
  "username": "admin",
  "statusCode": 200,
  "duration": "31ms",
  "contentLength": 17561
}
2025-06-27 10:15:44 [INFO]: Sessione utente loggata
{
  "service": "nexus-crm",
  "userId": 1,
  "sessionLogId": 54,
  "ip": "::1"
}
2025-06-27 10:15:44 [DEBUG]: Session ID aggiornato
{
  "service": "nexus-crm",
  "sessionLogId": 54,
  "realSessionId": "6TQ6pfZix1KsxostuMDh-bRioZfJHI0_"
}
2025-06-27 10:15:49 [INFO]: HTTP Request
{
  "service": "nexus-crm",
  "method": "GET",
  "url": "/products",
  "ip": "::1",
  "userAgent": "Mozilla/5.0 (Windows NT 10.0; Win64; x64) AppleWebKit/537.36 (KHTML, like Gecko) Chrome/137.0.0.0 Safari/537.36",
  "userId": 1,
  "username": "admin",
  "statusCode": 200,
  "duration": "7ms",
  "contentLength": 11063
}
2025-06-27 10:15:54 [INFO]: HTTP Request
{
  "service": "nexus-crm",
  "method": "GET",
  "url": "/contracts",
  "ip": "::1",
  "userAgent": "Mozilla/5.0 (Windows NT 10.0; Win64; x64) AppleWebKit/537.36 (KHTML, like Gecko) Chrome/137.0.0.0 Safari/537.36",
  "userId": 1,
  "username": "admin",
  "statusCode": 200,
  "duration": "8ms",
  "contentLength": 12445
}
2025-06-27 10:15:56 [INFO]: HTTP Request
{
  "service": "nexus-crm",
  "method": "GET",
  "url": "/contracts/new",
  "ip": "::1",
  "userAgent": "Mozilla/5.0 (Windows NT 10.0; Win64; x64) AppleWebKit/537.36 (KHTML, like Gecko) Chrome/137.0.0.0 Safari/537.36",
  "userId": 1,
  "username": "admin",
  "statusCode": 200,
  "duration": "9ms",
  "contentLength": 14498
}
2025-06-27 10:16:02 [INFO]: HTTP Request
{
  "service": "nexus-crm",
  "method": "GET",
  "url": "/supply-points",
  "ip": "::1",
  "userAgent": "Mozilla/5.0 (Windows NT 10.0; Win64; x64) AppleWebKit/537.36 (KHTML, like Gecko) Chrome/137.0.0.0 Safari/537.36",
  "userId": 1,
  "username": "admin",
  "statusCode": 200,
  "duration": "13ms",
  "contentLength": 15533
}
2025-06-27 10:16:05 [INFO]: HTTP Request
{
  "service": "nexus-crm",
  "method": "GET",
  "url": "/products",
  "ip": "::1",
  "userAgent": "Mozilla/5.0 (Windows NT 10.0; Win64; x64) AppleWebKit/537.36 (KHTML, like Gecko) Chrome/137.0.0.0 Safari/537.36",
  "userId": 1,
  "username": "admin",
  "statusCode": 200,
  "duration": "6ms",
  "contentLength": 11063
}
2025-06-27 10:16:07 [INFO]: HTTP Request
{
  "service": "nexus-crm",
  "method": "GET",
  "url": "/products/new",
  "ip": "::1",
  "userAgent": "Mozilla/5.0 (Windows NT 10.0; Win64; x64) AppleWebKit/537.36 (KHTML, like Gecko) Chrome/137.0.0.0 Safari/537.36",
  "userId": 1,
  "username": "admin",
  "statusCode": 200,
  "duration": "5ms",
  "contentLength": 11331
}
2025-06-27 10:34:17 [INFO]: HTTP Request
{
  "service": "nexus-crm",
  "method": "GET",
  "url": "/contracts",
  "ip": "::1",
  "userAgent": "Mozilla/5.0 (Windows NT 10.0; Win64; x64) AppleWebKit/537.36 (KHTML, like Gecko) Chrome/137.0.0.0 Safari/537.36",
  "userId": 1,
  "username": "admin",
  "statusCode": 200,
  "duration": "80ms",
  "contentLength": 12445
}
2025-06-27 10:34:21 [INFO]: HTTP Request
{
  "service": "nexus-crm",
  "method": "GET",
  "url": "/contracts/new",
  "ip": "::1",
  "userAgent": "Mozilla/5.0 (Windows NT 10.0; Win64; x64) AppleWebKit/537.36 (KHTML, like Gecko) Chrome/137.0.0.0 Safari/537.36",
  "userId": 1,
  "username": "admin",
  "statusCode": 200,
  "duration": "12ms",
  "contentLength": 14498
}
2025-06-27 11:00:00 [INFO]: Esecuzione controlli notifiche orari
{
  "service": "nexus-crm"
}
2025-06-27 11:00:00 [INFO]: Avvio controlli notifiche automatiche
{
  "service": "nexus-crm"
}
2025-06-27 11:00:00 [INFO]: Controlli notifiche completati
{
  "service": "nexus-crm",
  "contractNotifications": 0,
  "activityReminders": 0
}
2025-06-27 11:00:00 [INFO]: Controlli orari completati
{
  "service": "nexus-crm",
  "contractNotifications": 0,
  "activityReminders": 0,
  "success": true
}
2025-06-27 11:09:20 [INFO]: Ricevuto SIGINT, chiusura database...
{
  "service": "nexus-crm"
}
2025-06-27 11:37:16 [INFO]: Avvio NEXUS CRM
{
  "service": "nexus-crm",
  "port": 3000,
  "nodeEnv": "development"
}
2025-06-27 11:37:17 [INFO]: Avvio scheduler notifiche NEXUS CRM
{
  "service": "nexus-crm"
}
2025-06-27 11:37:17 [INFO]: ✅ Scheduler controlli orari attivato (9-18, lun-ven)
{
  "service": "nexus-crm"
}
2025-06-27 11:37:17 [INFO]: ✅ Scheduler digest settimanale attivato (lunedì 08:00)
{
  "service": "nexus-crm"
}
2025-06-27 11:37:17 [INFO]: ✅ Scheduler controllo giornaliero attivato (09:00)
{
  "service": "nexus-crm"
}
2025-06-27 11:37:17 [INFO]: ✅ Scheduler pulizia log attivato (domenica 23:00)
{
  "service": "nexus-crm"
}
2025-06-27 11:37:17 [INFO]: Tutti gli scheduler sono stati avviati
{
  "service": "nexus-crm"
}
2025-06-27 11:37:17 [INFO]: ✅ Scheduler notifiche avviato
{
  "service": "nexus-crm"
}
2025-06-27 11:37:17 [INFO]: Server avviato con successo
{
  "service": "nexus-crm",
  "port": 3000,
  "nodeEnv": "development",
  "nodeVersion": "v22.13.1"
}
2025-06-27 11:37:17 [INFO]: Connesso al database SQLite
{
  "service": "nexus-crm",
  "dbPath": "C:\\progetti\\nexus-crm\\data\\nexus.db"
}
2025-06-27 11:37:17 [INFO]: Tabella users verificata/creata
{
  "service": "nexus-crm"
}
2025-06-27 11:37:17 [INFO]: Tabella clients verificata/creata
{
  "service": "nexus-crm"
}
2025-06-27 11:37:17 [INFO]: Tabella activities verificata/creata
{
  "service": "nexus-crm"
}
2025-06-27 11:37:17 [INFO]: Tabella products verificata/creata
{
  "service": "nexus-crm"
}
2025-06-27 11:37:17 [INFO]: Tabella contracts verificata/creata
{
  "service": "nexus-crm"
}
2025-06-27 11:37:17 [INFO]: Tabella user_sessions creata
{
  "service": "nexus-crm"
}
2025-06-27 11:37:17 [INFO]: Tabella electricity_utilities verificata/creata
{
  "service": "nexus-crm"
}
2025-06-27 11:37:17 [INFO]: Tabella gas_utilities verificata/creata
{
  "service": "nexus-crm"
}
2025-06-27 11:37:17 [INFO]: Utente admin già esistente
{
  "service": "nexus-crm"
}
2025-06-27 11:37:18 [INFO]: Connessione SMTP verificata con successo
{
  "service": "nexus-crm"
}
2025-06-27 11:37:20 [INFO]: Connessione SMTP verificata con successo
{
  "service": "nexus-crm"
}
2025-06-27 11:37:20 [INFO]: ✅ Servizio email configurato correttamente
{
  "service": "nexus-crm"
}
2025-06-27 11:37:32 [INFO]: HTTP Request
{
  "service": "nexus-crm",
  "method": "GET",
  "url": "/login",
  "ip": "::1",
  "userAgent": "Mozilla/5.0 (Windows NT 10.0; Win64; x64) AppleWebKit/537.36 (KHTML, like Gecko) Chrome/137.0.0.0 Safari/537.36",
  "statusCode": 200,
  "duration": "9ms",
  "contentLength": 6300
}
2025-06-27 11:37:37 [INFO]: Login riuscito
{
  "service": "nexus-crm",
  "userId": 1,
  "username": "admin",
  "role": "administrator",
  "ip": "::1",
  "userAgent": "Mozilla/5.0 (Windows NT 10.0; Win64; x64) AppleWebKit/537.36 (KHTML, like Gecko) Chrome/137.0.0.0 Safari/537.36"
}
2025-06-27 11:37:37 [INFO]: Login completato con successo
{
  "service": "nexus-crm",
  "userId": 1,
  "username": "admin",
  "role": "administrator",
  "ip": "::1",
  "sessionId": "eDE4MuCr_u0AYFqqfxT_eayWew_AISxR"
}
2025-06-27 11:37:38 [INFO]: Sessione utente loggata
{
  "service": "nexus-crm",
  "userId": 1,
  "sessionLogId": 55,
  "ip": "::1"
}
2025-06-27 11:37:38 [DEBUG]: Session ID aggiornato
{
  "service": "nexus-crm",
  "sessionLogId": 55,
  "realSessionId": "eDE4MuCr_u0AYFqqfxT_eayWew_AISxR"
}
2025-06-27 11:37:38 [INFO]: HTTP Request
{
  "service": "nexus-crm",
  "method": "GET",
  "url": "/dashboard",
  "ip": "::1",
  "userAgent": "Mozilla/5.0 (Windows NT 10.0; Win64; x64) AppleWebKit/537.36 (KHTML, like Gecko) Chrome/137.0.0.0 Safari/537.36",
  "userId": 1,
  "username": "admin",
  "statusCode": 200,
  "duration": "33ms",
  "contentLength": 19525
}
2025-06-27 11:37:46 [INFO]: HTTP Request
{
  "service": "nexus-crm",
  "method": "GET",
  "url": "/products",
  "ip": "::1",
  "userAgent": "Mozilla/5.0 (Windows NT 10.0; Win64; x64) AppleWebKit/537.36 (KHTML, like Gecko) Chrome/137.0.0.0 Safari/537.36",
  "userId": 1,
  "username": "admin",
  "statusCode": 200,
  "duration": "11ms",
  "contentLength": 33279
}
2025-06-27 11:37:46 [INFO]: HTTP Request
{
  "service": "nexus-crm",
  "method": "GET",
  "url": "/products",
  "ip": "::1",
  "userAgent": "Mozilla/5.0 (Windows NT 10.0; Win64; x64) AppleWebKit/537.36 (KHTML, like Gecko) Chrome/137.0.0.0 Safari/537.36",
  "userId": 1,
  "username": "admin",
  "statusCode": 200,
  "duration": "10ms",
  "contentLength": 33279
}
2025-06-27 11:37:48 [INFO]: HTTP Request
{
  "service": "nexus-crm",
  "method": "GET",
  "url": "/products",
  "ip": "::1",
  "userAgent": "Mozilla/5.0 (Windows NT 10.0; Win64; x64) AppleWebKit/537.36 (KHTML, like Gecko) Chrome/137.0.0.0 Safari/537.36",
  "userId": 1,
  "username": "admin",
  "statusCode": 200,
  "duration": "8ms",
  "contentLength": 33279
}
2025-06-27 11:37:58 [INFO]: HTTP Request
{
  "service": "nexus-crm",
  "method": "GET",
  "url": "/products/edit/4",
  "ip": "::1",
  "userAgent": "Mozilla/5.0 (Windows NT 10.0; Win64; x64) AppleWebKit/537.36 (KHTML, like Gecko) Chrome/137.0.0.0 Safari/537.36",
  "userId": 1,
  "username": "admin",
  "statusCode": 200,
  "duration": "8ms",
  "contentLength": 26519
}
2025-06-27 11:38:13 [INFO]: HTTP Request
{
  "service": "nexus-crm",
  "method": "GET",
  "url": "/products/attachments",
  "ip": "::1",
  "userAgent": "Mozilla/5.0 (Windows NT 10.0; Win64; x64) AppleWebKit/537.36 (KHTML, like Gecko) Chrome/137.0.0.0 Safari/537.36",
  "userId": 1,
  "username": "admin",
  "statusCode": 200,
  "duration": "6ms",
  "contentLength": 15896
}
2025-06-27 11:38:16 [INFO]: HTTP Request
{
  "service": "nexus-crm",
  "method": "GET",
  "url": "/products/new",
  "ip": "::1",
  "userAgent": "Mozilla/5.0 (Windows NT 10.0; Win64; x64) AppleWebKit/537.36 (KHTML, like Gecko) Chrome/137.0.0.0 Safari/537.36",
  "userId": 1,
  "username": "admin",
  "statusCode": 200,
  "duration": "5ms",
  "contentLength": 26424
}
2025-06-27 11:38:23 [INFO]: HTTP Request
{
  "service": "nexus-crm",
  "method": "GET",
  "url": "/products",
  "ip": "::1",
  "userAgent": "Mozilla/5.0 (Windows NT 10.0; Win64; x64) AppleWebKit/537.36 (KHTML, like Gecko) Chrome/137.0.0.0 Safari/537.36",
  "userId": 1,
  "username": "admin",
  "statusCode": 200,
  "duration": "7ms",
  "contentLength": 33279
}
2025-06-27 11:38:25 [INFO]: HTTP Request
{
  "service": "nexus-crm",
  "method": "GET",
  "url": "/products/new",
  "ip": "::1",
  "userAgent": "Mozilla/5.0 (Windows NT 10.0; Win64; x64) AppleWebKit/537.36 (KHTML, like Gecko) Chrome/137.0.0.0 Safari/537.36",
  "userId": 1,
  "username": "admin",
  "statusCode": 200,
  "duration": "4ms",
  "contentLength": 26424
}
2025-06-27 11:38:32 [INFO]: HTTP Request
{
  "service": "nexus-crm",
  "method": "GET",
  "url": "/notifications/settings",
  "ip": "::1",
  "userAgent": "Mozilla/5.0 (Windows NT 10.0; Win64; x64) AppleWebKit/537.36 (KHTML, like Gecko) Chrome/137.0.0.0 Safari/537.36",
  "userId": 1,
  "username": "admin",
  "statusCode": 500,
  "duration": "6ms",
  "contentLength": 11080
}
2025-06-27 11:38:40 [INFO]: HTTP Request
{
  "service": "nexus-crm",
  "method": "GET",
  "url": "/notifications/settings",
  "ip": "::1",
  "userAgent": "Mozilla/5.0 (Windows NT 10.0; Win64; x64) AppleWebKit/537.36 (KHTML, like Gecko) Chrome/137.0.0.0 Safari/537.36",
  "userId": 1,
  "username": "admin",
  "statusCode": 500,
  "duration": "4ms",
  "contentLength": 11080
}
2025-06-27 11:38:40 [INFO]: Connessione SMTP verificata con successo
{
  "service": "nexus-crm"
}
2025-06-27 11:38:40 [INFO]: HTTP Request
{
  "service": "nexus-crm",
  "method": "GET",
  "url": "/notifications",
  "ip": "::1",
  "userAgent": "Mozilla/5.0 (Windows NT 10.0; Win64; x64) AppleWebKit/537.36 (KHTML, like Gecko) Chrome/137.0.0.0 Safari/537.36",
  "userId": 1,
  "username": "admin",
  "statusCode": 200,
  "duration": "1199ms",
  "contentLength": 21803
}
2025-06-27 11:38:44 [INFO]: HTTP Request
{
  "service": "nexus-crm",
  "method": "GET",
  "url": "/utilities/expiring-contracts",
  "ip": "::1",
  "userAgent": "Mozilla/5.0 (Windows NT 10.0; Win64; x64) AppleWebKit/537.36 (KHTML, like Gecko) Chrome/137.0.0.0 Safari/537.36",
  "userId": 1,
  "username": "admin",
  "statusCode": 200,
  "duration": "10ms",
  "contentLength": 9103
}
2025-06-27 11:38:46 [INFO]: HTTP Request
{
  "service": "nexus-crm",
  "method": "GET",
  "url": "/dashboard",
  "ip": "::1",
  "userAgent": "Mozilla/5.0 (Windows NT 10.0; Win64; x64) AppleWebKit/537.36 (KHTML, like Gecko) Chrome/137.0.0.0 Safari/537.36",
  "userId": 1,
  "username": "admin",
  "statusCode": 200,
  "duration": "11ms",
  "contentLength": 19525
}
2025-06-27 11:38:53 [INFO]: HTTP Request
{
  "service": "nexus-crm",
  "method": "GET",
  "url": "/products",
  "ip": "::1",
  "userAgent": "Mozilla/5.0 (Windows NT 10.0; Win64; x64) AppleWebKit/537.36 (KHTML, like Gecko) Chrome/137.0.0.0 Safari/537.36",
  "userId": 1,
  "username": "admin",
  "statusCode": 200,
  "duration": "5ms",
  "contentLength": 33279
}
2025-06-27 11:38:55 [INFO]: HTTP Request
{
  "service": "nexus-crm",
  "method": "GET",
  "url": "/contracts",
  "ip": "::1",
  "userAgent": "Mozilla/5.0 (Windows NT 10.0; Win64; x64) AppleWebKit/537.36 (KHTML, like Gecko) Chrome/137.0.0.0 Safari/537.36",
  "userId": 1,
  "username": "admin",
  "statusCode": 500,
  "duration": "8ms",
  "contentLength": 10957
}
2025-06-27 11:39:25 [INFO]: Ricevuto SIGINT, chiusura database...
{
  "service": "nexus-crm"
}
2025-06-27 11:40:06 [INFO]: Avvio NEXUS CRM
{
  "service": "nexus-crm",
  "port": 3000,
  "nodeEnv": "development"
}
2025-06-27 11:40:06 [INFO]: Avvio scheduler notifiche NEXUS CRM
{
  "service": "nexus-crm"
}
2025-06-27 11:40:06 [INFO]: ✅ Scheduler controlli orari attivato (9-18, lun-ven)
{
  "service": "nexus-crm"
}
2025-06-27 11:40:06 [INFO]: ✅ Scheduler digest settimanale attivato (lunedì 08:00)
{
  "service": "nexus-crm"
}
2025-06-27 11:40:06 [INFO]: ✅ Scheduler controllo giornaliero attivato (09:00)
{
  "service": "nexus-crm"
}
2025-06-27 11:40:06 [INFO]: ✅ Scheduler pulizia log attivato (domenica 23:00)
{
  "service": "nexus-crm"
}
2025-06-27 11:40:06 [INFO]: Tutti gli scheduler sono stati avviati
{
  "service": "nexus-crm"
}
2025-06-27 11:40:06 [INFO]: ✅ Scheduler notifiche avviato
{
  "service": "nexus-crm"
}
2025-06-27 11:40:06 [INFO]: Server avviato con successo
{
  "service": "nexus-crm",
  "port": 3000,
  "nodeEnv": "development",
  "nodeVersion": "v22.13.1"
}
2025-06-27 11:40:06 [INFO]: Connesso al database SQLite
{
  "service": "nexus-crm",
  "dbPath": "C:\\progetti\\nexus-crm\\data\\nexus.db"
}
2025-06-27 11:40:06 [INFO]: Tabella users verificata/creata
{
  "service": "nexus-crm"
}
2025-06-27 11:40:06 [INFO]: Tabella clients verificata/creata
{
  "service": "nexus-crm"
}
2025-06-27 11:40:06 [INFO]: Tabella activities verificata/creata
{
  "service": "nexus-crm"
}
2025-06-27 11:40:06 [INFO]: Tabella products verificata/creata
{
  "service": "nexus-crm"
}
2025-06-27 11:40:06 [INFO]: Tabella contracts verificata/creata
{
  "service": "nexus-crm"
}
2025-06-27 11:40:06 [INFO]: Tabella user_sessions creata
{
  "service": "nexus-crm"
}
2025-06-27 11:40:06 [INFO]: Tabella electricity_utilities verificata/creata
{
  "service": "nexus-crm"
}
2025-06-27 11:40:06 [INFO]: Tabella gas_utilities verificata/creata
{
  "service": "nexus-crm"
}
2025-06-27 11:40:06 [INFO]: Utente admin già esistente
{
  "service": "nexus-crm"
}
2025-06-27 11:40:07 [INFO]: Connessione SMTP verificata con successo
{
  "service": "nexus-crm"
}
2025-06-27 11:40:07 [INFO]: ✅ Servizio email configurato correttamente
{
  "service": "nexus-crm"
}
2025-06-27 11:40:08 [INFO]: Connessione SMTP verificata con successo
{
  "service": "nexus-crm"
}
2025-06-27 11:40:09 [INFO]: HTTP Request
{
  "service": "nexus-crm",
  "method": "GET",
  "url": "/login",
  "ip": "::1",
  "userAgent": "Mozilla/5.0 (Windows NT 10.0; Win64; x64) AppleWebKit/537.36 (KHTML, like Gecko) Chrome/137.0.0.0 Safari/537.36",
  "statusCode": 200,
  "duration": "10ms",
  "contentLength": 6300
}
2025-06-27 11:40:18 [INFO]: Login riuscito
{
  "service": "nexus-crm",
  "userId": 1,
  "username": "admin",
  "role": "administrator",
  "ip": "::1",
  "userAgent": "Mozilla/5.0 (Windows NT 10.0; Win64; x64) AppleWebKit/537.36 (KHTML, like Gecko) Chrome/137.0.0.0 Safari/537.36"
}
2025-06-27 11:40:18 [INFO]: Login completato con successo
{
  "service": "nexus-crm",
  "userId": 1,
  "username": "admin",
  "role": "administrator",
  "ip": "::1",
  "sessionId": "EcdgBFZFK7HzpDxs6vROGt4kGDA7wrh0"
}
2025-06-27 11:40:18 [INFO]: HTTP Request
{
  "service": "nexus-crm",
  "method": "GET",
  "url": "/dashboard",
  "ip": "::1",
  "userAgent": "Mozilla/5.0 (Windows NT 10.0; Win64; x64) AppleWebKit/537.36 (KHTML, like Gecko) Chrome/137.0.0.0 Safari/537.36",
  "userId": 1,
  "username": "admin",
  "statusCode": 200,
  "duration": "51ms",
  "contentLength": 19525
}
2025-06-27 11:40:18 [INFO]: Sessione utente loggata
{
  "service": "nexus-crm",
  "userId": 1,
  "sessionLogId": 56,
  "ip": "::1"
}
2025-06-27 11:40:18 [DEBUG]: Session ID aggiornato
{
  "service": "nexus-crm",
  "sessionLogId": 56,
  "realSessionId": "EcdgBFZFK7HzpDxs6vROGt4kGDA7wrh0"
}
2025-06-27 11:40:21 [INFO]: HTTP Request
{
  "service": "nexus-crm",
  "method": "GET",
  "url": "/clients",
  "ip": "::1",
  "userAgent": "Mozilla/5.0 (Windows NT 10.0; Win64; x64) AppleWebKit/537.36 (KHTML, like Gecko) Chrome/137.0.0.0 Safari/537.36",
  "userId": 1,
  "username": "admin",
  "statusCode": 200,
  "duration": "7ms",
  "contentLength": 15283
}
2025-06-27 11:40:23 [INFO]: HTTP Request
{
  "service": "nexus-crm",
  "method": "GET",
  "url": "/supply-points",
  "ip": "::1",
  "userAgent": "Mozilla/5.0 (Windows NT 10.0; Win64; x64) AppleWebKit/537.36 (KHTML, like Gecko) Chrome/137.0.0.0 Safari/537.36",
  "userId": 1,
  "username": "admin",
  "statusCode": 200,
  "duration": "13ms",
  "contentLength": 17497
}
2025-06-27 11:40:24 [INFO]: HTTP Request
{
  "service": "nexus-crm",
  "method": "GET",
  "url": "/products",
  "ip": "::1",
  "userAgent": "Mozilla/5.0 (Windows NT 10.0; Win64; x64) AppleWebKit/537.36 (KHTML, like Gecko) Chrome/137.0.0.0 Safari/537.36",
  "userId": 1,
  "username": "admin",
  "statusCode": 200,
  "duration": "9ms",
  "contentLength": 33279
}
2025-06-27 11:40:27 [INFO]: HTTP Request
{
  "service": "nexus-crm",
  "method": "GET",
  "url": "/products/attachments",
  "ip": "::1",
  "userAgent": "Mozilla/5.0 (Windows NT 10.0; Win64; x64) AppleWebKit/537.36 (KHTML, like Gecko) Chrome/137.0.0.0 Safari/537.36",
  "userId": 1,
  "username": "admin",
  "statusCode": 200,
  "duration": "5ms",
  "contentLength": 15896
}
2025-06-27 11:40:29 [INFO]: HTTP Request
{
  "service": "nexus-crm",
  "method": "GET",
  "url": "/contracts",
  "ip": "::1",
  "userAgent": "Mozilla/5.0 (Windows NT 10.0; Win64; x64) AppleWebKit/537.36 (KHTML, like Gecko) Chrome/137.0.0.0 Safari/537.36",
  "userId": 1,
  "username": "admin",
  "statusCode": 500,
  "duration": "7ms",
  "contentLength": 10957
}
2025-06-27 11:40:32 [INFO]: HTTP Request
{
  "service": "nexus-crm",
  "method": "GET",
  "url": "/utilities/expiring-contracts",
  "ip": "::1",
  "userAgent": "Mozilla/5.0 (Windows NT 10.0; Win64; x64) AppleWebKit/537.36 (KHTML, like Gecko) Chrome/137.0.0.0 Safari/537.36",
  "userId": 1,
  "username": "admin",
  "statusCode": 200,
  "duration": "6ms",
  "contentLength": 9103
}
2025-06-27 11:40:34 [INFO]: HTTP Request
{
  "service": "nexus-crm",
  "method": "GET",
  "url": "/dashboard",
  "ip": "::1",
  "userAgent": "Mozilla/5.0 (Windows NT 10.0; Win64; x64) AppleWebKit/537.36 (KHTML, like Gecko) Chrome/137.0.0.0 Safari/537.36",
  "userId": 1,
  "username": "admin",
  "statusCode": 200,
  "duration": "9ms",
  "contentLength": 19525
}
2025-06-27 11:40:36 [INFO]: HTTP Request
{
  "service": "nexus-crm",
  "method": "GET",
  "url": "/activities",
  "ip": "::1",
  "userAgent": "Mozilla/5.0 (Windows NT 10.0; Win64; x64) AppleWebKit/537.36 (KHTML, like Gecko) Chrome/137.0.0.0 Safari/537.36",
  "userId": 1,
  "username": "admin",
  "statusCode": 200,
  "duration": "6ms",
  "contentLength": 14261
}
2025-06-27 11:40:37 [INFO]: HTTP Request
{
  "service": "nexus-crm",
  "method": "GET",
  "url": "/activities/date/2025-06-27",
  "ip": "::1",
  "userAgent": "Mozilla/5.0 (Windows NT 10.0; Win64; x64) AppleWebKit/537.36 (KHTML, like Gecko) Chrome/137.0.0.0 Safari/537.36",
  "userId": 1,
  "username": "admin",
  "statusCode": 200,
  "duration": "10ms",
  "contentLength": 12166
}
2025-06-27 11:40:38 [INFO]: HTTP Request
{
  "service": "nexus-crm",
  "method": "GET",
  "url": "/contracts/stats",
  "ip": "::1",
  "userAgent": "Mozilla/5.0 (Windows NT 10.0; Win64; x64) AppleWebKit/537.36 (KHTML, like Gecko) Chrome/137.0.0.0 Safari/537.36",
  "userId": 1,
  "username": "admin",
  "statusCode": 200,
  "duration": "8ms",
  "contentLength": 14655
}
2025-06-27 11:40:40 [INFO]: HTTP Request
{
  "service": "nexus-crm",
  "method": "GET",
  "url": "/notifications/settings",
  "ip": "::1",
  "userAgent": "Mozilla/5.0 (Windows NT 10.0; Win64; x64) AppleWebKit/537.36 (KHTML, like Gecko) Chrome/137.0.0.0 Safari/537.36",
  "userId": 1,
  "username": "admin",
  "statusCode": 500,
  "duration": "6ms",
  "contentLength": 11080
}
2025-06-27 11:40:43 [INFO]: HTTP Request
{
  "service": "nexus-crm",
  "method": "GET",
  "url": "/notifications/settings",
  "ip": "::1",
  "userAgent": "Mozilla/5.0 (Windows NT 10.0; Win64; x64) AppleWebKit/537.36 (KHTML, like Gecko) Chrome/137.0.0.0 Safari/537.36",
  "userId": 1,
  "username": "admin",
  "statusCode": 500,
  "duration": "5ms",
  "contentLength": 11080
}
2025-06-27 11:40:44 [INFO]: Connessione SMTP verificata con successo
{
  "service": "nexus-crm"
}
2025-06-27 11:40:44 [INFO]: HTTP Request
{
  "service": "nexus-crm",
  "method": "GET",
  "url": "/notifications",
  "ip": "::1",
  "userAgent": "Mozilla/5.0 (Windows NT 10.0; Win64; x64) AppleWebKit/537.36 (KHTML, like Gecko) Chrome/137.0.0.0 Safari/537.36",
  "userId": 1,
  "username": "admin",
  "statusCode": 200,
  "duration": "1534ms",
  "contentLength": 21803
}
2025-06-27 11:40:46 [INFO]: Connessione SMTP verificata con successo
{
  "service": "nexus-crm"
}
2025-06-27 11:40:46 [INFO]: HTTP Request
{
  "service": "nexus-crm",
  "method": "GET",
  "url": "/notifications",
  "ip": "::1",
  "userAgent": "Mozilla/5.0 (Windows NT 10.0; Win64; x64) AppleWebKit/537.36 (KHTML, like Gecko) Chrome/137.0.0.0 Safari/537.36",
  "userId": 1,
  "username": "admin",
  "statusCode": 200,
  "duration": "1129ms",
  "contentLength": 21803
}
2025-06-27 11:40:49 [INFO]: Connessione SMTP verificata con successo
{
  "service": "nexus-crm"
}
2025-06-27 11:40:49 [INFO]: HTTP Request
{
  "service": "nexus-crm",
  "method": "GET",
  "url": "/notifications/email-status",
  "ip": "::1",
  "userAgent": "Mozilla/5.0 (Windows NT 10.0; Win64; x64) AppleWebKit/537.36 (KHTML, like Gecko) Chrome/137.0.0.0 Safari/537.36",
  "userId": 1,
  "username": "admin",
  "statusCode": 200,
  "duration": "2797ms",
  "contentLength": 233
}
2025-06-27 11:40:58 [INFO]: Email inviata con successo
{
  "service": "nexus-crm",
  "to": "admin@nexus.it",
  "subject": "🧪 Test Email - NEXUS CRM System (Enhanced)",
  "messageId": "<faaa8ae6-597f-f84e-0c9f-3485bc76a87d@metodi.pro>"
}
2025-06-27 11:40:58 [INFO]: HTTP Request
{
  "service": "nexus-crm",
  "method": "POST",
  "url": "/notifications/test-email",
  "ip": "::1",
  "userAgent": "Mozilla/5.0 (Windows NT 10.0; Win64; x64) AppleWebKit/537.36 (KHTML, like Gecko) Chrome/137.0.0.0 Safari/537.36",
  "userId": 1,
  "username": "admin",
  "statusCode": 200,
  "duration": "4013ms",
  "contentLength": 153
}
2025-06-27 11:43:09 [INFO]: Ricevuto SIGINT, chiusura database...
{
  "service": "nexus-crm"
}
2025-06-27 11:46:39 [INFO]: Avvio NEXUS CRM
{
  "service": "nexus-crm",
  "port": 3000,
  "nodeEnv": "development"
}
2025-06-27 11:46:39 [INFO]: Avvio scheduler notifiche NEXUS CRM
{
  "service": "nexus-crm"
}
2025-06-27 11:46:39 [INFO]: ✅ Scheduler controlli orari attivato (9-18, lun-ven)
{
  "service": "nexus-crm"
}
2025-06-27 11:46:39 [INFO]: ✅ Scheduler digest settimanale attivato (lunedì 08:00)
{
  "service": "nexus-crm"
}
2025-06-27 11:46:39 [INFO]: ✅ Scheduler controllo giornaliero attivato (09:00)
{
  "service": "nexus-crm"
}
2025-06-27 11:46:39 [INFO]: ✅ Scheduler pulizia log attivato (domenica 23:00)
{
  "service": "nexus-crm"
}
2025-06-27 11:46:39 [INFO]: Tutti gli scheduler sono stati avviati
{
  "service": "nexus-crm"
}
2025-06-27 11:46:39 [INFO]: ✅ Scheduler notifiche avviato
{
  "service": "nexus-crm"
}
2025-06-27 11:46:39 [INFO]: Server avviato con successo
{
  "service": "nexus-crm",
  "port": 3000,
  "nodeEnv": "development",
  "nodeVersion": "v22.13.1"
}
2025-06-27 11:46:39 [INFO]: Connesso al database SQLite
{
  "service": "nexus-crm",
  "dbPath": "C:\\progetti\\nexus-crm\\data\\nexus.db"
}
2025-06-27 11:46:39 [INFO]: Tabella users verificata/creata
{
  "service": "nexus-crm"
}
2025-06-27 11:46:39 [INFO]: Tabella clients verificata/creata
{
  "service": "nexus-crm"
}
2025-06-27 11:46:39 [INFO]: Tabella activities verificata/creata
{
  "service": "nexus-crm"
}
2025-06-27 11:46:39 [INFO]: Tabella products verificata/creata
{
  "service": "nexus-crm"
}
2025-06-27 11:46:39 [INFO]: Tabella contracts verificata/creata
{
  "service": "nexus-crm"
}
2025-06-27 11:46:39 [INFO]: Tabella user_sessions creata
{
  "service": "nexus-crm"
}
2025-06-27 11:46:39 [INFO]: Tabella electricity_utilities verificata/creata
{
  "service": "nexus-crm"
}
2025-06-27 11:46:39 [INFO]: Tabella gas_utilities verificata/creata
{
  "service": "nexus-crm"
}
2025-06-27 11:46:39 [INFO]: Utente admin già esistente
{
  "service": "nexus-crm"
}
2025-06-27 11:46:40 [INFO]: Connessione SMTP verificata con successo
{
  "service": "nexus-crm"
}
2025-06-27 11:46:40 [INFO]: Connessione SMTP verificata con successo
{
  "service": "nexus-crm"
}
2025-06-27 11:46:40 [INFO]: ✅ Servizio email configurato correttamente
{
  "service": "nexus-crm"
}
2025-06-27 11:47:19 [INFO]: HTTP Request
{
  "service": "nexus-crm",
  "method": "GET",
  "url": "/login",
  "ip": "::1",
  "userAgent": "Mozilla/5.0 (Windows NT 10.0; Win64; x64) AppleWebKit/537.36 (KHTML, like Gecko) Chrome/137.0.0.0 Safari/537.36",
  "statusCode": 200,
  "duration": "12ms",
  "contentLength": 6300
}
2025-06-27 11:47:25 [INFO]: Login riuscito
{
  "service": "nexus-crm",
  "userId": 1,
  "username": "admin",
  "role": "administrator",
  "ip": "::1",
  "userAgent": "Mozilla/5.0 (Windows NT 10.0; Win64; x64) AppleWebKit/537.36 (KHTML, like Gecko) Chrome/137.0.0.0 Safari/537.36"
}
2025-06-27 11:47:25 [INFO]: Login completato con successo
{
  "service": "nexus-crm",
  "userId": 1,
  "username": "admin",
  "role": "administrator",
  "ip": "::1",
  "sessionId": "H12olIiJThM3VeWAlD1b2ZXbPQJ_iwWi"
}
2025-06-27 11:47:25 [INFO]: HTTP Request
{
  "service": "nexus-crm",
  "method": "GET",
  "url": "/dashboard",
  "ip": "::1",
  "userAgent": "Mozilla/5.0 (Windows NT 10.0; Win64; x64) AppleWebKit/537.36 (KHTML, like Gecko) Chrome/137.0.0.0 Safari/537.36",
  "userId": 1,
  "username": "admin",
  "statusCode": 200,
  "duration": "62ms",
  "contentLength": 19525
}
2025-06-27 11:47:25 [INFO]: Sessione utente loggata
{
  "service": "nexus-crm",
  "userId": 1,
  "sessionLogId": 57,
  "ip": "::1"
}
2025-06-27 11:47:25 [DEBUG]: Session ID aggiornato
{
  "service": "nexus-crm",
  "sessionLogId": 57,
  "realSessionId": "H12olIiJThM3VeWAlD1b2ZXbPQJ_iwWi"
}
2025-06-27 11:47:28 [INFO]: HTTP Request
{
  "service": "nexus-crm",
  "method": "GET",
  "url": "/clients",
  "ip": "::1",
  "userAgent": "Mozilla/5.0 (Windows NT 10.0; Win64; x64) AppleWebKit/537.36 (KHTML, like Gecko) Chrome/137.0.0.0 Safari/537.36",
  "userId": 1,
  "username": "admin",
  "statusCode": 200,
  "duration": "6ms",
  "contentLength": 15283
}
2025-06-27 11:47:30 [INFO]: HTTP Request
{
  "service": "nexus-crm",
  "method": "GET",
  "url": "/supply-points",
  "ip": "::1",
  "userAgent": "Mozilla/5.0 (Windows NT 10.0; Win64; x64) AppleWebKit/537.36 (KHTML, like Gecko) Chrome/137.0.0.0 Safari/537.36",
  "userId": 1,
  "username": "admin",
  "statusCode": 200,
  "duration": "11ms",
  "contentLength": 17497
}
2025-06-27 11:47:30 [INFO]: HTTP Request
{
  "service": "nexus-crm",
  "method": "GET",
  "url": "/products",
  "ip": "::1",
  "userAgent": "Mozilla/5.0 (Windows NT 10.0; Win64; x64) AppleWebKit/537.36 (KHTML, like Gecko) Chrome/137.0.0.0 Safari/537.36",
  "userId": 1,
  "username": "admin",
  "statusCode": 200,
  "duration": "10ms",
  "contentLength": 33279
}
2025-06-27 11:47:33 [INFO]: HTTP Request
{
  "service": "nexus-crm",
  "method": "GET",
  "url": "/products/attachments",
  "ip": "::1",
  "userAgent": "Mozilla/5.0 (Windows NT 10.0; Win64; x64) AppleWebKit/537.36 (KHTML, like Gecko) Chrome/137.0.0.0 Safari/537.36",
  "userId": 1,
  "username": "admin",
  "statusCode": 200,
  "duration": "7ms",
  "contentLength": 15896
}
2025-06-27 11:47:35 [INFO]: HTTP Request
{
  "service": "nexus-crm",
  "method": "GET",
  "url": "/contracts",
  "ip": "::1",
  "userAgent": "Mozilla/5.0 (Windows NT 10.0; Win64; x64) AppleWebKit/537.36 (KHTML, like Gecko) Chrome/137.0.0.0 Safari/537.36",
  "userId": 1,
  "username": "admin",
  "statusCode": 200,
  "duration": "5ms",
  "contentLength": 14409
}
2025-06-27 11:47:37 [INFO]: HTTP Request
{
  "service": "nexus-crm",
  "method": "GET",
  "url": "/utilities/expiring-contracts",
  "ip": "::1",
  "userAgent": "Mozilla/5.0 (Windows NT 10.0; Win64; x64) AppleWebKit/537.36 (KHTML, like Gecko) Chrome/137.0.0.0 Safari/537.36",
  "userId": 1,
  "username": "admin",
  "statusCode": 200,
  "duration": "6ms",
  "contentLength": 9103
}
2025-06-27 11:47:39 [INFO]: HTTP Request
{
  "service": "nexus-crm",
  "method": "GET",
  "url": "/dashboard",
  "ip": "::1",
  "userAgent": "Mozilla/5.0 (Windows NT 10.0; Win64; x64) AppleWebKit/537.36 (KHTML, like Gecko) Chrome/137.0.0.0 Safari/537.36",
  "userId": 1,
  "username": "admin",
  "statusCode": 200,
  "duration": "12ms",
  "contentLength": 19525
}
2025-06-27 11:47:40 [INFO]: HTTP Request
{
  "service": "nexus-crm",
  "method": "GET",
  "url": "/contracts",
  "ip": "::1",
  "userAgent": "Mozilla/5.0 (Windows NT 10.0; Win64; x64) AppleWebKit/537.36 (KHTML, like Gecko) Chrome/137.0.0.0 Safari/537.36",
  "userId": 1,
  "username": "admin",
  "statusCode": 200,
  "duration": "7ms",
  "contentLength": 14409
}
2025-06-27 11:47:41 [INFO]: HTTP Request
{
  "service": "nexus-crm",
  "method": "GET",
  "url": "/contracts/new",
  "ip": "::1",
  "userAgent": "Mozilla/5.0 (Windows NT 10.0; Win64; x64) AppleWebKit/537.36 (KHTML, like Gecko) Chrome/137.0.0.0 Safari/537.36",
  "userId": 1,
  "username": "admin",
  "statusCode": 200,
  "duration": "8ms",
  "contentLength": 22030
}
2025-06-27 11:47:57 [INFO]: HTTP Request
{
  "service": "nexus-crm",
  "method": "GET",
  "url": "/activities",
  "ip": "::1",
  "userAgent": "Mozilla/5.0 (Windows NT 10.0; Win64; x64) AppleWebKit/537.36 (KHTML, like Gecko) Chrome/137.0.0.0 Safari/537.36",
  "userId": 1,
  "username": "admin",
  "statusCode": 200,
  "duration": "5ms",
  "contentLength": 14261
}
2025-06-27 11:47:59 [INFO]: HTTP Request
{
  "service": "nexus-crm",
  "method": "GET",
  "url": "/activities/new",
  "ip": "::1",
  "userAgent": "Mozilla/5.0 (Windows NT 10.0; Win64; x64) AppleWebKit/537.36 (KHTML, like Gecko) Chrome/137.0.0.0 Safari/537.36",
  "userId": 1,
  "username": "admin",
  "statusCode": 200,
  "duration": "7ms",
  "contentLength": 14355
}
2025-06-27 11:48:05 [INFO]: HTTP Request
{
  "service": "nexus-crm",
  "method": "GET",
  "url": "/activities/date/2025-06-27",
  "ip": "::1",
  "userAgent": "Mozilla/5.0 (Windows NT 10.0; Win64; x64) AppleWebKit/537.36 (KHTML, like Gecko) Chrome/137.0.0.0 Safari/537.36",
  "userId": 1,
  "username": "admin",
  "statusCode": 200,
  "duration": "6ms",
  "contentLength": 12166
}
2025-06-27 11:48:07 [INFO]: HTTP Request
{
  "service": "nexus-crm",
  "method": "GET",
  "url": "/contracts/stats",
  "ip": "::1",
  "userAgent": "Mozilla/5.0 (Windows NT 10.0; Win64; x64) AppleWebKit/537.36 (KHTML, like Gecko) Chrome/137.0.0.0 Safari/537.36",
  "userId": 1,
  "username": "admin",
  "statusCode": 200,
  "duration": "6ms",
  "contentLength": 14655
}
2025-06-27 11:48:08 [INFO]: HTTP Request
{
  "service": "nexus-crm",
  "method": "GET",
  "url": "/notifications/settings",
  "ip": "::1",
  "userAgent": "Mozilla/5.0 (Windows NT 10.0; Win64; x64) AppleWebKit/537.36 (KHTML, like Gecko) Chrome/137.0.0.0 Safari/537.36",
  "userId": 1,
  "username": "admin",
  "statusCode": 200,
  "duration": "7ms",
  "contentLength": 15765
}
2025-06-27 11:48:19 [INFO]: HTTP Request
{
  "service": "nexus-crm",
  "method": "GET",
  "url": "/users",
  "ip": "::1",
  "userAgent": "Mozilla/5.0 (Windows NT 10.0; Win64; x64) AppleWebKit/537.36 (KHTML, like Gecko) Chrome/137.0.0.0 Safari/537.36",
  "userId": 1,
  "username": "admin",
  "statusCode": 200,
  "duration": "6ms",
  "contentLength": 13620
}
2025-06-27 11:48:22 [INFO]: HTTP Request
{
  "service": "nexus-crm",
  "method": "GET",
  "url": "/dashboard",
  "ip": "::1",
  "userAgent": "Mozilla/5.0 (Windows NT 10.0; Win64; x64) AppleWebKit/537.36 (KHTML, like Gecko) Chrome/137.0.0.0 Safari/537.36",
  "userId": 1,
  "username": "admin",
  "statusCode": 200,
  "duration": "7ms",
  "contentLength": 19525
}
2025-06-27 11:48:29 [INFO]: HTTP Request
{
  "service": "nexus-crm",
  "method": "GET",
  "url": "/contracts",
  "ip": "::1",
  "userAgent": "Mozilla/5.0 (Windows NT 10.0; Win64; x64) AppleWebKit/537.36 (KHTML, like Gecko) Chrome/137.0.0.0 Safari/537.36",
  "userId": 1,
  "username": "admin",
  "statusCode": 200,
  "duration": "4ms",
  "contentLength": 14409
}
2025-06-27 11:48:31 [INFO]: HTTP Request
{
  "service": "nexus-crm",
  "method": "GET",
  "url": "/contracts/new",
  "ip": "::1",
  "userAgent": "Mozilla/5.0 (Windows NT 10.0; Win64; x64) AppleWebKit/537.36 (KHTML, like Gecko) Chrome/137.0.0.0 Safari/537.36",
  "userId": 1,
  "username": "admin",
  "statusCode": 200,
  "duration": "5ms",
  "contentLength": 22030
}
2025-06-27 11:55:18 [INFO]: HTTP Request
{
  "service": "nexus-crm",
  "method": "GET",
  "url": "/products",
  "ip": "::1",
  "userAgent": "Mozilla/5.0 (Windows NT 10.0; Win64; x64) AppleWebKit/537.36 (KHTML, like Gecko) Chrome/137.0.0.0 Safari/537.36",
  "userId": 1,
  "username": "admin",
  "statusCode": 200,
  "duration": "66ms",
  "contentLength": 33279
}
2025-06-27 11:55:23 [INFO]: HTTP Request
{
  "service": "nexus-crm",
  "method": "GET",
  "url": "/products/attachments",
  "ip": "::1",
  "userAgent": "Mozilla/5.0 (Windows NT 10.0; Win64; x64) AppleWebKit/537.36 (KHTML, like Gecko) Chrome/137.0.0.0 Safari/537.36",
  "userId": 1,
  "username": "admin",
  "statusCode": 200,
  "duration": "12ms",
  "contentLength": 15896
}
2025-06-27 11:55:26 [INFO]: HTTP Request
{
  "service": "nexus-crm",
  "method": "GET",
  "url": "/contracts",
  "ip": "::1",
  "userAgent": "Mozilla/5.0 (Windows NT 10.0; Win64; x64) AppleWebKit/537.36 (KHTML, like Gecko) Chrome/137.0.0.0 Safari/537.36",
  "userId": 1,
  "username": "admin",
  "statusCode": 200,
  "duration": "6ms",
  "contentLength": 14409
}
2025-06-27 11:55:30 [INFO]: HTTP Request
{
  "service": "nexus-crm",
  "method": "GET",
  "url": "/contracts/new",
  "ip": "::1",
  "userAgent": "Mozilla/5.0 (Windows NT 10.0; Win64; x64) AppleWebKit/537.36 (KHTML, like Gecko) Chrome/137.0.0.0 Safari/537.36",
  "userId": 1,
  "username": "admin",
  "statusCode": 200,
  "duration": "9ms",
  "contentLength": 22030
}
2025-06-27 11:55:32 [INFO]: HTTP Request
{
  "service": "nexus-crm",
  "method": "GET",
  "url": "/contracts",
  "ip": "::1",
  "userAgent": "Mozilla/5.0 (Windows NT 10.0; Win64; x64) AppleWebKit/537.36 (KHTML, like Gecko) Chrome/137.0.0.0 Safari/537.36",
  "userId": 1,
  "username": "admin",
  "statusCode": 200,
  "duration": "3ms",
  "contentLength": 14409
}
2025-06-27 11:55:38 [INFO]: HTTP Request
{
  "service": "nexus-crm",
  "method": "GET",
  "url": "/contracts/stats",
  "ip": "::1",
  "userAgent": "Mozilla/5.0 (Windows NT 10.0; Win64; x64) AppleWebKit/537.36 (KHTML, like Gecko) Chrome/137.0.0.0 Safari/537.36",
  "userId": 1,
  "username": "admin",
  "statusCode": 200,
  "duration": "7ms",
  "contentLength": 14655
}
2025-06-27 11:55:42 [INFO]: HTTP Request
{
  "service": "nexus-crm",
  "method": "GET",
  "url": "/contracts",
  "ip": "::1",
  "userAgent": "Mozilla/5.0 (Windows NT 10.0; Win64; x64) AppleWebKit/537.36 (KHTML, like Gecko) Chrome/137.0.0.0 Safari/537.36",
  "userId": 1,
  "username": "admin",
  "statusCode": 200,
  "duration": "4ms",
  "contentLength": 14409
}
2025-06-27 11:55:44 [INFO]: HTTP Request
{
  "service": "nexus-crm",
  "method": "GET",
  "url": "/contracts/new",
  "ip": "::1",
  "userAgent": "Mozilla/5.0 (Windows NT 10.0; Win64; x64) AppleWebKit/537.36 (KHTML, like Gecko) Chrome/137.0.0.0 Safari/537.36",
  "userId": 1,
  "username": "admin",
  "statusCode": 200,
  "duration": "6ms",
  "contentLength": 22030
}
2025-06-27 12:00:00 [INFO]: Esecuzione controlli notifiche orari
{
  "service": "nexus-crm"
}
2025-06-27 12:00:00 [INFO]: Avvio controlli notifiche automatiche
{
  "service": "nexus-crm"
}
2025-06-27 12:00:00 [INFO]: Controlli notifiche completati
{
  "service": "nexus-crm",
  "contractNotifications": 0,
  "activityReminders": 0
}
2025-06-27 12:00:00 [INFO]: Controlli orari completati
{
  "service": "nexus-crm",
  "contractNotifications": 0,
  "activityReminders": 0,
  "success": true
}
2025-06-27 12:07:17 [INFO]: HTTP Request
{
  "service": "nexus-crm",
  "method": "GET",
  "url": "/contracts",
  "ip": "::1",
  "userAgent": "Mozilla/5.0 (Windows NT 10.0; Win64; x64) AppleWebKit/537.36 (KHTML, like Gecko) Chrome/137.0.0.0 Safari/537.36",
  "userId": 1,
  "username": "admin",
  "statusCode": 200,
  "duration": "15ms",
  "contentLength": 14409
}
2025-06-27 12:08:19 [INFO]: HTTP Request
{
  "service": "nexus-crm",
  "method": "GET",
  "url": "/contracts/new",
  "ip": "::1",
  "userAgent": "Mozilla/5.0 (Windows NT 10.0; Win64; x64) AppleWebKit/537.36 (KHTML, like Gecko) Chrome/137.0.0.0 Safari/537.36",
  "userId": 1,
  "username": "admin",
  "statusCode": 200,
  "duration": "8ms",
  "contentLength": 22030
}
2025-06-27 12:18:19 [INFO]: Ricevuto SIGINT, chiusura database...
{
  "service": "nexus-crm"
}
2025-06-27 12:18:22 [INFO]: Avvio NEXUS CRM
{
  "service": "nexus-crm",
  "port": 3000,
  "nodeEnv": "development"
}
2025-06-27 12:18:23 [INFO]: Avvio scheduler notifiche NEXUS CRM
{
  "service": "nexus-crm"
}
2025-06-27 12:18:23 [INFO]: ✅ Scheduler controlli orari attivato (9-18, lun-ven)
{
  "service": "nexus-crm"
}
2025-06-27 12:18:23 [INFO]: ✅ Scheduler digest settimanale attivato (lunedì 08:00)
{
  "service": "nexus-crm"
}
2025-06-27 12:18:23 [INFO]: ✅ Scheduler controllo giornaliero attivato (09:00)
{
  "service": "nexus-crm"
}
2025-06-27 12:18:23 [INFO]: ✅ Scheduler pulizia log attivato (domenica 23:00)
{
  "service": "nexus-crm"
}
2025-06-27 12:18:23 [INFO]: Tutti gli scheduler sono stati avviati
{
  "service": "nexus-crm"
}
2025-06-27 12:18:23 [INFO]: ✅ Scheduler notifiche avviato
{
  "service": "nexus-crm"
}
2025-06-27 12:18:23 [INFO]: Server avviato con successo
{
  "service": "nexus-crm",
  "port": 3000,
  "nodeEnv": "development",
  "nodeVersion": "v22.13.1"
}
2025-06-27 12:18:23 [INFO]: Connesso al database SQLite
{
  "service": "nexus-crm",
  "dbPath": "C:\\progetti\\nexus-crm\\data\\nexus.db"
}
2025-06-27 12:18:23 [INFO]: Tabella users verificata/creata
{
  "service": "nexus-crm"
}
2025-06-27 12:18:23 [INFO]: Tabella clients verificata/creata
{
  "service": "nexus-crm"
}
2025-06-27 12:18:23 [INFO]: Tabella activities verificata/creata
{
  "service": "nexus-crm"
}
2025-06-27 12:18:23 [INFO]: Tabella products verificata/creata
{
  "service": "nexus-crm"
}
2025-06-27 12:18:23 [INFO]: Tabella contracts verificata/creata
{
  "service": "nexus-crm"
}
2025-06-27 12:18:23 [INFO]: Tabella user_sessions creata
{
  "service": "nexus-crm"
}
2025-06-27 12:18:23 [INFO]: Tabella electricity_utilities verificata/creata
{
  "service": "nexus-crm"
}
2025-06-27 12:18:23 [INFO]: Tabella gas_utilities verificata/creata
{
  "service": "nexus-crm"
}
2025-06-27 12:18:23 [INFO]: Utente admin già esistente
{
  "service": "nexus-crm"
}
2025-06-27 12:18:24 [INFO]: Connessione SMTP verificata con successo
{
  "service": "nexus-crm"
}
2025-06-27 12:18:24 [INFO]: ✅ Servizio email configurato correttamente
{
  "service": "nexus-crm"
}
2025-06-27 12:18:24 [INFO]: Connessione SMTP verificata con successo
{
  "service": "nexus-crm"
}
2025-06-27 12:18:28 [INFO]: HTTP Request
{
  "service": "nexus-crm",
  "method": "GET",
  "url": "/login",
  "ip": "::1",
  "userAgent": "Mozilla/5.0 (Windows NT 10.0; Win64; x64) AppleWebKit/537.36 (KHTML, like Gecko) Chrome/137.0.0.0 Safari/537.36",
  "statusCode": 200,
  "duration": "11ms",
  "contentLength": 6300
}
2025-06-27 12:18:34 [INFO]: Login riuscito
{
  "service": "nexus-crm",
  "userId": 1,
  "username": "admin",
  "role": "administrator",
  "ip": "::1",
  "userAgent": "Mozilla/5.0 (Windows NT 10.0; Win64; x64) AppleWebKit/537.36 (KHTML, like Gecko) Chrome/137.0.0.0 Safari/537.36"
}
2025-06-27 12:18:34 [INFO]: Login completato con successo
{
  "service": "nexus-crm",
  "userId": 1,
  "username": "admin",
  "role": "administrator",
  "ip": "::1",
  "sessionId": "FTt9kqkvNxv1bmuBkMfFXkdKb9He64TR"
}
2025-06-27 12:18:35 [INFO]: HTTP Request
{
  "service": "nexus-crm",
  "method": "GET",
  "url": "/dashboard",
  "ip": "::1",
  "userAgent": "Mozilla/5.0 (Windows NT 10.0; Win64; x64) AppleWebKit/537.36 (KHTML, like Gecko) Chrome/137.0.0.0 Safari/537.36",
  "userId": 1,
  "username": "admin",
  "statusCode": 200,
  "duration": "70ms",
  "contentLength": 19503
}
2025-06-27 12:18:35 [INFO]: Sessione utente loggata
{
  "service": "nexus-crm",
  "userId": 1,
  "sessionLogId": 58,
  "ip": "::1"
}
2025-06-27 12:18:35 [DEBUG]: Session ID aggiornato
{
  "service": "nexus-crm",
  "sessionLogId": 58,
  "realSessionId": "FTt9kqkvNxv1bmuBkMfFXkdKb9He64TR"
}
2025-06-27 12:18:38 [INFO]: HTTP Request
{
  "service": "nexus-crm",
  "method": "GET",
  "url": "/clients",
  "ip": "::1",
  "userAgent": "Mozilla/5.0 (Windows NT 10.0; Win64; x64) AppleWebKit/537.36 (KHTML, like Gecko) Chrome/137.0.0.0 Safari/537.36",
  "userId": 1,
  "username": "admin",
  "statusCode": 200,
  "duration": "7ms",
  "contentLength": 15283
}
2025-06-27 12:18:42 [INFO]: HTTP Request
{
  "service": "nexus-crm",
  "method": "GET",
  "url": "/products",
  "ip": "::1",
  "userAgent": "Mozilla/5.0 (Windows NT 10.0; Win64; x64) AppleWebKit/537.36 (KHTML, like Gecko) Chrome/137.0.0.0 Safari/537.36",
  "userId": 1,
  "username": "admin",
  "statusCode": 200,
  "duration": "9ms",
  "contentLength": 33279
}
2025-06-27 12:18:44 [INFO]: HTTP Request
{
  "service": "nexus-crm",
  "method": "GET",
  "url": "/contracts",
  "ip": "::1",
  "userAgent": "Mozilla/5.0 (Windows NT 10.0; Win64; x64) AppleWebKit/537.36 (KHTML, like Gecko) Chrome/137.0.0.0 Safari/537.36",
  "userId": 1,
  "username": "admin",
  "statusCode": 200,
  "duration": "6ms",
  "contentLength": 14263
}
2025-06-27 12:18:45 [INFO]: HTTP Request
{
  "service": "nexus-crm",
  "method": "GET",
  "url": "/contracts/new",
  "ip": "::1",
  "userAgent": "Mozilla/5.0 (Windows NT 10.0; Win64; x64) AppleWebKit/537.36 (KHTML, like Gecko) Chrome/137.0.0.0 Safari/537.36",
  "userId": 1,
  "username": "admin",
  "statusCode": 200,
  "duration": "11ms",
  "contentLength": 21987
}
2025-06-27 12:18:53 [INFO]: HTTP Request
{
  "service": "nexus-crm",
  "method": "GET",
  "url": "/activities",
  "ip": "::1",
  "userAgent": "Mozilla/5.0 (Windows NT 10.0; Win64; x64) AppleWebKit/537.36 (KHTML, like Gecko) Chrome/137.0.0.0 Safari/537.36",
  "userId": 1,
  "username": "admin",
  "statusCode": 200,
  "duration": "7ms",
  "contentLength": 14261
}
2025-06-27 12:18:55 [INFO]: HTTP Request
{
  "service": "nexus-crm",
  "method": "GET",
  "url": "/activities/date/2025-06-27",
  "ip": "::1",
  "userAgent": "Mozilla/5.0 (Windows NT 10.0; Win64; x64) AppleWebKit/537.36 (KHTML, like Gecko) Chrome/137.0.0.0 Safari/537.36",
  "userId": 1,
  "username": "admin",
  "statusCode": 200,
  "duration": "10ms",
  "contentLength": 12166
}
2025-06-27 12:18:56 [INFO]: HTTP Request
{
  "service": "nexus-crm",
  "method": "GET",
  "url": "/contracts/stats",
  "ip": "::1",
  "userAgent": "Mozilla/5.0 (Windows NT 10.0; Win64; x64) AppleWebKit/537.36 (KHTML, like Gecko) Chrome/137.0.0.0 Safari/537.36",
  "userId": 1,
  "username": "admin",
  "statusCode": 200,
  "duration": "5ms",
  "contentLength": 14655
}
2025-06-27 12:18:56 [INFO]: HTTP Request
{
  "service": "nexus-crm",
  "method": "GET",
  "url": "/notifications/settings",
  "ip": "::1",
  "userAgent": "Mozilla/5.0 (Windows NT 10.0; Win64; x64) AppleWebKit/537.36 (KHTML, like Gecko) Chrome/137.0.0.0 Safari/537.36",
  "userId": 1,
  "username": "admin",
  "statusCode": 200,
  "duration": "9ms",
  "contentLength": 15765
}
2025-06-27 12:18:58 [INFO]: HTTP Request
{
  "service": "nexus-crm",
  "method": "GET",
  "url": "/users",
  "ip": "::1",
  "userAgent": "Mozilla/5.0 (Windows NT 10.0; Win64; x64) AppleWebKit/537.36 (KHTML, like Gecko) Chrome/137.0.0.0 Safari/537.36",
  "userId": 1,
  "username": "admin",
  "statusCode": 200,
  "duration": "7ms",
  "contentLength": 13620
}
2025-06-27 12:18:58 [INFO]: Connessione SMTP verificata con successo
{
  "service": "nexus-crm"
}
2025-06-27 12:18:58 [INFO]: HTTP Request
{
  "service": "nexus-crm",
  "method": "GET",
  "url": "/notifications",
  "ip": "::1",
  "userAgent": "Mozilla/5.0 (Windows NT 10.0; Win64; x64) AppleWebKit/537.36 (KHTML, like Gecko) Chrome/137.0.0.0 Safari/537.36",
  "userId": 1,
  "username": "admin",
  "statusCode": 200,
  "duration": "1054ms",
  "contentLength": 21803
}
2025-06-27 12:38:39 [INFO]: Connessione SMTP verificata con successo
{
  "service": "nexus-crm"
}
2025-06-27 12:38:40 [INFO]: HTTP Request
{
  "service": "nexus-crm",
  "method": "GET",
  "url": "/notifications",
  "ip": "::1",
  "userAgent": "Mozilla/5.0 (Windows NT 10.0; Win64; x64) AppleWebKit/537.36 (KHTML, like Gecko) Chrome/137.0.0.0 Safari/537.36",
  "userId": 1,
  "username": "admin",
  "statusCode": 200,
  "duration": "956ms",
  "contentLength": 21803
}
2025-06-27 12:38:40 [INFO]: Connessione SMTP verificata con successo
{
  "service": "nexus-crm"
}
2025-06-27 12:38:40 [INFO]: HTTP Request
{
  "service": "nexus-crm",
  "method": "GET",
  "url": "/notifications/email-status",
  "ip": "::1",
  "userAgent": "Mozilla/5.0 (Windows NT 10.0; Win64; x64) AppleWebKit/537.36 (KHTML, like Gecko) Chrome/137.0.0.0 Safari/537.36",
  "userId": 1,
  "username": "admin",
  "statusCode": 200,
  "duration": "402ms",
  "contentLength": 233
}
2025-06-27 12:38:47 [WARN]: Pagina non trovata
{
  "service": "nexus-crm",
  "url": "/notifications/run-checks",
  "method": "POST",
  "ip": "::1",
  "userAgent": "Mozilla/5.0 (Windows NT 10.0; Win64; x64) AppleWebKit/537.36 (KHTML, like Gecko) Chrome/137.0.0.0 Safari/537.36",
  "userId": 1,
  "referer": "http://localhost:3000/notifications"
}
2025-06-27 12:38:47 [INFO]: HTTP Request
{
  "service": "nexus-crm",
  "method": "POST",
  "url": "/notifications/run-checks",
  "ip": "::1",
  "userAgent": "Mozilla/5.0 (Windows NT 10.0; Win64; x64) AppleWebKit/537.36 (KHTML, like Gecko) Chrome/137.0.0.0 Safari/537.36",
  "userId": 1,
  "username": "admin",
  "statusCode": 404,
  "duration": "14ms",
  "contentLength": 10924
}
2025-06-27 12:38:53 [WARN]: Pagina non trovata
{
  "service": "nexus-crm",
  "url": "/notifications/run-checks",
  "method": "POST",
  "ip": "::1",
  "userAgent": "Mozilla/5.0 (Windows NT 10.0; Win64; x64) AppleWebKit/537.36 (KHTML, like Gecko) Chrome/137.0.0.0 Safari/537.36",
  "userId": 1,
  "referer": "http://localhost:3000/notifications"
}
2025-06-27 12:38:53 [INFO]: HTTP Request
{
  "service": "nexus-crm",
  "method": "POST",
  "url": "/notifications/run-checks",
  "ip": "::1",
  "userAgent": "Mozilla/5.0 (Windows NT 10.0; Win64; x64) AppleWebKit/537.36 (KHTML, like Gecko) Chrome/137.0.0.0 Safari/537.36",
  "userId": 1,
  "username": "admin",
  "statusCode": 404,
  "duration": "14ms",
  "contentLength": 10924
}
2025-06-27 12:38:56 [INFO]: HTTP Request
{
  "service": "nexus-crm",
  "method": "GET",
  "url": "/notifications/settings",
  "ip": "::1",
  "userAgent": "Mozilla/5.0 (Windows NT 10.0; Win64; x64) AppleWebKit/537.36 (KHTML, like Gecko) Chrome/137.0.0.0 Safari/537.36",
  "userId": 1,
  "username": "admin",
  "statusCode": 200,
  "duration": "10ms",
  "contentLength": 15765
}
2025-06-27 12:39:02 [INFO]: HTTP Request
{
  "service": "nexus-crm",
  "method": "POST",
  "url": "/notifications/settings",
  "ip": "::1",
  "userAgent": "Mozilla/5.0 (Windows NT 10.0; Win64; x64) AppleWebKit/537.36 (KHTML, like Gecko) Chrome/137.0.0.0 Safari/537.36",
  "userId": 1,
  "username": "admin",
  "statusCode": 500,
  "duration": "5ms",
  "contentLength": 80
}
2025-06-27 12:39:10 [INFO]: HTTP Request
{
  "service": "nexus-crm",
  "method": "GET",
  "url": "/dashboard",
  "ip": "::1",
  "userAgent": "Mozilla/5.0 (Windows NT 10.0; Win64; x64) AppleWebKit/537.36 (KHTML, like Gecko) Chrome/137.0.0.0 Safari/537.36",
  "userId": 1,
  "username": "admin",
  "statusCode": 200,
  "duration": "39ms",
  "contentLength": 19503
}
2025-06-27 12:40:16 [INFO]: HTTP Request
{
  "service": "nexus-crm",
  "method": "GET",
  "url": "/clients",
  "ip": "::1",
  "userAgent": "Mozilla/5.0 (Windows NT 10.0; Win64; x64) AppleWebKit/537.36 (KHTML, like Gecko) Chrome/137.0.0.0 Safari/537.36",
  "userId": 1,
  "username": "admin",
  "statusCode": 200,
  "duration": "25ms",
  "contentLength": 15283
}
2025-06-27 12:40:18 [INFO]: HTTP Request
{
  "service": "nexus-crm",
  "method": "GET",
  "url": "/clients/new",
  "ip": "::1",
  "userAgent": "Mozilla/5.0 (Windows NT 10.0; Win64; x64) AppleWebKit/537.36 (KHTML, like Gecko) Chrome/137.0.0.0 Safari/537.36",
  "userId": 1,
  "username": "admin",
  "statusCode": 200,
  "duration": "29ms",
  "contentLength": 27409
}
2025-06-27 12:40:47 [INFO]: HTTP Request
{
  "service": "nexus-crm",
  "method": "GET",
  "url": "/supply-points",
  "ip": "::1",
  "userAgent": "Mozilla/5.0 (Windows NT 10.0; Win64; x64) AppleWebKit/537.36 (KHTML, like Gecko) Chrome/137.0.0.0 Safari/537.36",
  "userId": 1,
  "username": "admin",
  "statusCode": 200,
  "duration": "19ms",
  "contentLength": 17497
}
2025-06-27 12:40:49 [INFO]: HTTP Request
{
  "service": "nexus-crm",
  "method": "GET",
  "url": "/products",
  "ip": "::1",
  "userAgent": "Mozilla/5.0 (Windows NT 10.0; Win64; x64) AppleWebKit/537.36 (KHTML, like Gecko) Chrome/137.0.0.0 Safari/537.36",
  "userId": 1,
  "username": "admin",
  "statusCode": 200,
  "duration": "9ms",
  "contentLength": 33279
}
2025-06-27 12:40:49 [INFO]: HTTP Request
{
  "service": "nexus-crm",
  "method": "GET",
  "url": "/products",
  "ip": "::1",
  "userAgent": "Mozilla/5.0 (Windows NT 10.0; Win64; x64) AppleWebKit/537.36 (KHTML, like Gecko) Chrome/137.0.0.0 Safari/537.36",
  "userId": 1,
  "username": "admin",
  "statusCode": 200,
  "duration": "8ms",
  "contentLength": 33279
}
2025-06-27 12:40:50 [INFO]: HTTP Request
{
  "service": "nexus-crm",
  "method": "GET",
  "url": "/products",
  "ip": "::1",
  "userAgent": "Mozilla/5.0 (Windows NT 10.0; Win64; x64) AppleWebKit/537.36 (KHTML, like Gecko) Chrome/137.0.0.0 Safari/537.36",
  "userId": 1,
  "username": "admin",
  "statusCode": 200,
  "duration": "9ms",
  "contentLength": 33279
}
2025-06-27 12:40:51 [INFO]: HTTP Request
{
  "service": "nexus-crm",
  "method": "GET",
  "url": "/products",
  "ip": "::1",
  "userAgent": "Mozilla/5.0 (Windows NT 10.0; Win64; x64) AppleWebKit/537.36 (KHTML, like Gecko) Chrome/137.0.0.0 Safari/537.36",
  "userId": 1,
  "username": "admin",
  "statusCode": 200,
  "duration": "7ms",
  "contentLength": 33279
}
2025-06-27 12:40:52 [INFO]: HTTP Request
{
  "service": "nexus-crm",
  "method": "GET",
  "url": "/products",
  "ip": "::1",
  "userAgent": "Mozilla/5.0 (Windows NT 10.0; Win64; x64) AppleWebKit/537.36 (KHTML, like Gecko) Chrome/137.0.0.0 Safari/537.36",
  "userId": 1,
  "username": "admin",
  "statusCode": 200,
  "duration": "7ms",
  "contentLength": 33279
}
2025-06-27 12:40:52 [INFO]: HTTP Request
{
  "service": "nexus-crm",
  "method": "GET",
  "url": "/products",
  "ip": "::1",
  "userAgent": "Mozilla/5.0 (Windows NT 10.0; Win64; x64) AppleWebKit/537.36 (KHTML, like Gecko) Chrome/137.0.0.0 Safari/537.36",
  "userId": 1,
  "username": "admin",
  "statusCode": 200,
  "duration": "5ms",
  "contentLength": 33279
}
2025-06-27 12:40:54 [INFO]: HTTP Request
{
  "service": "nexus-crm",
  "method": "GET",
  "url": "/products/attachments",
  "ip": "::1",
  "userAgent": "Mozilla/5.0 (Windows NT 10.0; Win64; x64) AppleWebKit/537.36 (KHTML, like Gecko) Chrome/137.0.0.0 Safari/537.36",
  "userId": 1,
  "username": "admin",
  "statusCode": 200,
  "duration": "6ms",
  "contentLength": 15896
}
2025-06-27 12:40:58 [INFO]: HTTP Request
{
  "service": "nexus-crm",
  "method": "GET",
  "url": "/products/new",
  "ip": "::1",
  "userAgent": "Mozilla/5.0 (Windows NT 10.0; Win64; x64) AppleWebKit/537.36 (KHTML, like Gecko) Chrome/137.0.0.0 Safari/537.36",
  "userId": 1,
  "username": "admin",
  "statusCode": 200,
  "duration": "7ms",
  "contentLength": 26424
}
2025-06-27 13:00:00 [INFO]: Esecuzione controlli notifiche orari
{
  "service": "nexus-crm"
}
2025-06-27 13:00:00 [INFO]: Avvio controlli notifiche automatiche
{
  "service": "nexus-crm"
}
2025-06-27 13:00:00 [INFO]: Controlli notifiche completati
{
  "service": "nexus-crm",
  "contractNotifications": 0,
  "activityReminders": 0
}
2025-06-27 13:00:00 [INFO]: Controlli orari completati
{
  "service": "nexus-crm",
  "contractNotifications": 0,
  "activityReminders": 0,
  "success": true
}
2025-06-27 13:03:23 [INFO]: Ricevuto SIGINT, chiusura database...
{
  "service": "nexus-crm"
}
