2025-06-25 10:31:40 [INFO]: Avvio NEXUS CRM
{
  "service": "nexus-crm",
  "port": 3000
}
2025-06-25 10:31:40 [INFO]: Server avviato con successo
{
  "service": "nexus-crm",
  "port": 3000,
  "nodeEnv": "development",
  "nodeVersion": "v22.13.1"
}
2025-06-25 10:31:40 [INFO]: Connesso al database SQLite
{
  "service": "nexus-crm",
  "dbPath": "C:\\progetti\\nexus-crm\\data\\nexus.db"
}
2025-06-25 10:31:40 [INFO]: Tabella users verificata/creata
{
  "service": "nexus-crm"
}
2025-06-25 10:31:40 [INFO]: Tabella clients verificata/creata
{
  "service": "nexus-crm"
}
2025-06-25 10:31:40 [INFO]: Tabella activities verificata/creata
{
  "service": "nexus-crm"
}
2025-06-25 10:31:40 [INFO]: Tabella products verificata/creata
{
  "service": "nexus-crm"
}
2025-06-25 10:31:40 [INFO]: Tabella contracts verificata/creata
{
  "service": "nexus-crm"
}
2025-06-25 10:31:40 [INFO]: Tabella user_sessions creata
{
  "service": "nexus-crm"
}
2025-06-25 10:31:40 [INFO]: Utente admin già esistente
{
  "service": "nexus-crm"
}
2025-06-25 10:31:44 [INFO]: HTTP Request
{
  "service": "nexus-crm",
  "method": "GET",
  "url": "/login",
  "ip": "::1",
  "userAgent": "Mozilla/5.0 (Windows NT 10.0; Win64; x64) AppleWebKit/537.36 (KHTML, like Gecko) Chrome/137.0.0.0 Safari/537.36",
  "statusCode": 200,
  "duration": "35ms",
  "contentLength": 2847
}
2025-06-25 10:31:52 [INFO]: Login riuscito
{
  "service": "nexus-crm",
  "userId": 1,
  "username": "admin",
  "role": "administrator",
  "ip": "::1",
  "userAgent": "Mozilla/5.0 (Windows NT 10.0; Win64; x64) AppleWebKit/537.36 (KHTML, like Gecko) Chrome/137.0.0.0 Safari/537.36"
}
2025-06-25 10:31:52 [INFO]: Login completato con successo
{
  "service": "nexus-crm",
  "userId": 1,
  "username": "admin",
  "role": "administrator",
  "ip": "::1",
  "sessionId": "aigBVJeQwi6wDlr_WxGKk3z2baWWWnEF"
}
2025-06-25 10:31:52 [INFO]: HTTP Request
{
  "service": "nexus-crm",
  "method": "GET",
  "url": "/",
  "ip": "::1",
  "userAgent": "Mozilla/5.0 (Windows NT 10.0; Win64; x64) AppleWebKit/537.36 (KHTML, like Gecko) Chrome/137.0.0.0 Safari/537.36",
  "userId": 1,
  "username": "admin",
  "statusCode": 200,
  "duration": "12ms",
  "contentLength": 7926
}
2025-06-25 10:31:52 [INFO]: Sessione utente loggata
{
  "service": "nexus-crm",
  "userId": 1,
  "sessionLogId": 13,
  "ip": "::1"
}
2025-06-25 10:31:52 [DEBUG]: Session ID aggiornato
{
  "service": "nexus-crm",
  "sessionLogId": 13,
  "realSessionId": "aigBVJeQwi6wDlr_WxGKk3z2baWWWnEF"
}
2025-06-25 10:31:55 [INFO]: HTTP Request
{
  "service": "nexus-crm",
  "method": "GET",
  "url": "/clients",
  "ip": "::1",
  "userAgent": "Mozilla/5.0 (Windows NT 10.0; Win64; x64) AppleWebKit/537.36 (KHTML, like Gecko) Chrome/137.0.0.0 Safari/537.36",
  "userId": 1,
  "username": "admin",
  "statusCode": 200,
  "duration": "9ms",
  "contentLength": 7881
}
2025-06-25 10:31:57 [INFO]: HTTP Request
{
  "service": "nexus-crm",
  "method": "GET",
  "url": "/clients/import-bill",
  "ip": "::1",
  "userAgent": "Mozilla/5.0 (Windows NT 10.0; Win64; x64) AppleWebKit/537.36 (KHTML, like Gecko) Chrome/137.0.0.0 Safari/537.36",
  "userId": 1,
  "username": "admin",
  "statusCode": 200,
  "duration": "7ms",
  "contentLength": 14093
}
2025-06-25 10:32:09 [WARN]: Token CSRF non valido
{
  "service": "nexus-crm",
  "userId": 1,
  "ip": "::1",
  "userAgent": "Mozilla/5.0 (Windows NT 10.0; Win64; x64) AppleWebKit/537.36 (KHTML, like Gecko) Chrome/137.0.0.0 Safari/537.36",
  "path": "/clients/import-bill",
  "method": "POST"
}
2025-06-25 10:32:09 [INFO]: HTTP Request
{
  "service": "nexus-crm",
  "method": "POST",
  "url": "/clients/import-bill",
  "ip": "::1",
  "userAgent": "Mozilla/5.0 (Windows NT 10.0; Win64; x64) AppleWebKit/537.36 (KHTML, like Gecko) Chrome/137.0.0.0 Safari/537.36",
  "userId": 1,
  "username": "admin",
  "statusCode": 403,
  "duration": "6ms",
  "contentLength": 5123
}
2025-06-25 10:32:17 [WARN]: Pagina non trovata
{
  "service": "nexus-crm",
  "url": "/.well-known/appspecific/com.chrome.devtools.json",
  "method": "GET",
  "ip": "::1",
  "userAgent": "Mozilla/5.0 (Windows NT 10.0; Win64; x64) AppleWebKit/537.36 (KHTML, like Gecko) Chrome/137.0.0.0 Safari/537.36",
  "userId": 1
}
2025-06-25 10:32:17 [INFO]: HTTP Request
{
  "service": "nexus-crm",
  "method": "GET",
  "url": "/.well-known/appspecific/com.chrome.devtools.json",
  "ip": "::1",
  "userAgent": "Mozilla/5.0 (Windows NT 10.0; Win64; x64) AppleWebKit/537.36 (KHTML, like Gecko) Chrome/137.0.0.0 Safari/537.36",
  "userId": 1,
  "username": "admin",
  "statusCode": 404,
  "duration": "7ms",
  "contentLength": 5081
}
2025-06-25 10:34:39 [INFO]: Ricevuto SIGINT, chiusura database...
{
  "service": "nexus-crm"
}
2025-06-25 10:34:42 [INFO]: Avvio NEXUS CRM
{
  "service": "nexus-crm",
  "port": 3000
}
2025-06-25 10:34:43 [INFO]: Server avviato con successo
{
  "service": "nexus-crm",
  "port": 3000,
  "nodeEnv": "development",
  "nodeVersion": "v22.13.1"
}
2025-06-25 10:34:43 [INFO]: Connesso al database SQLite
{
  "service": "nexus-crm",
  "dbPath": "C:\\progetti\\nexus-crm\\data\\nexus.db"
}
2025-06-25 10:34:43 [INFO]: Tabella users verificata/creata
{
  "service": "nexus-crm"
}
2025-06-25 10:34:43 [INFO]: Tabella clients verificata/creata
{
  "service": "nexus-crm"
}
2025-06-25 10:34:43 [INFO]: Tabella activities verificata/creata
{
  "service": "nexus-crm"
}
2025-06-25 10:34:43 [INFO]: Tabella products verificata/creata
{
  "service": "nexus-crm"
}
2025-06-25 10:34:43 [INFO]: Tabella contracts verificata/creata
{
  "service": "nexus-crm"
}
2025-06-25 10:34:43 [INFO]: Tabella user_sessions creata
{
  "service": "nexus-crm"
}
2025-06-25 10:34:43 [INFO]: Utente admin già esistente
{
  "service": "nexus-crm"
}
2025-06-25 10:34:49 [INFO]: HTTP Request
{
  "service": "nexus-crm",
  "method": "GET",
  "url": "/login",
  "ip": "::1",
  "userAgent": "Mozilla/5.0 (Windows NT 10.0; Win64; x64) AppleWebKit/537.36 (KHTML, like Gecko) Chrome/137.0.0.0 Safari/537.36",
  "statusCode": 200,
  "duration": "10ms",
  "contentLength": 2847
}
2025-06-25 10:37:17 [INFO]: Login riuscito
{
  "service": "nexus-crm",
  "userId": 1,
  "username": "admin",
  "role": "administrator",
  "ip": "::1",
  "userAgent": "Mozilla/5.0 (Windows NT 10.0; Win64; x64) AppleWebKit/537.36 (KHTML, like Gecko) Chrome/137.0.0.0 Safari/537.36"
}
2025-06-25 10:37:17 [INFO]: Login completato con successo
{
  "service": "nexus-crm",
  "userId": 1,
  "username": "admin",
  "role": "administrator",
  "ip": "::1",
  "sessionId": "FNAYWpCynC20bYIAHEo5QpTsn0TWiyV4"
}
2025-06-25 10:37:17 [INFO]: HTTP Request
{
  "service": "nexus-crm",
  "method": "GET",
  "url": "/",
  "ip": "::1",
  "userAgent": "Mozilla/5.0 (Windows NT 10.0; Win64; x64) AppleWebKit/537.36 (KHTML, like Gecko) Chrome/137.0.0.0 Safari/537.36",
  "userId": 1,
  "username": "admin",
  "statusCode": 200,
  "duration": "14ms",
  "contentLength": 7926
}
2025-06-25 10:37:17 [INFO]: Sessione utente loggata
{
  "service": "nexus-crm",
  "userId": 1,
  "sessionLogId": 14,
  "ip": "::1"
}
2025-06-25 10:37:17 [DEBUG]: Session ID aggiornato
{
  "service": "nexus-crm",
  "sessionLogId": 14,
  "realSessionId": "FNAYWpCynC20bYIAHEo5QpTsn0TWiyV4"
}
2025-06-25 10:37:19 [INFO]: HTTP Request
{
  "service": "nexus-crm",
  "method": "GET",
  "url": "/clients",
  "ip": "::1",
  "userAgent": "Mozilla/5.0 (Windows NT 10.0; Win64; x64) AppleWebKit/537.36 (KHTML, like Gecko) Chrome/137.0.0.0 Safari/537.36",
  "userId": 1,
  "username": "admin",
  "statusCode": 200,
  "duration": "10ms",
  "contentLength": 7881
}
2025-06-25 10:37:20 [INFO]: HTTP Request
{
  "service": "nexus-crm",
  "method": "GET",
  "url": "/clients/import-bill",
  "ip": "::1",
  "userAgent": "Mozilla/5.0 (Windows NT 10.0; Win64; x64) AppleWebKit/537.36 (KHTML, like Gecko) Chrome/137.0.0.0 Safari/537.36",
  "userId": 1,
  "username": "admin",
  "statusCode": 200,
  "duration": "8ms",
  "contentLength": 14491
}
2025-06-25 10:37:29 [WARN]: Token CSRF non valido
{
  "service": "nexus-crm",
  "userId": 1,
  "ip": "::1",
  "userAgent": "Mozilla/5.0 (Windows NT 10.0; Win64; x64) AppleWebKit/537.36 (KHTML, like Gecko) Chrome/137.0.0.0 Safari/537.36",
  "path": "/api/upload-bill",
  "method": "POST"
}
2025-06-25 10:37:29 [INFO]: HTTP Request
{
  "service": "nexus-crm",
  "method": "POST",
  "url": "/api/upload-bill",
  "ip": "::1",
  "userAgent": "Mozilla/5.0 (Windows NT 10.0; Win64; x64) AppleWebKit/537.36 (KHTML, like Gecko) Chrome/137.0.0.0 Safari/537.36",
  "userId": 1,
  "username": "admin",
  "statusCode": 403,
  "duration": "7ms",
  "contentLength": 5123
}
2025-06-25 10:37:34 [WARN]: Pagina non trovata
{
  "service": "nexus-crm",
  "url": "/.well-known/appspecific/com.chrome.devtools.json",
  "method": "GET",
  "ip": "::1",
  "userAgent": "Mozilla/5.0 (Windows NT 10.0; Win64; x64) AppleWebKit/537.36 (KHTML, like Gecko) Chrome/137.0.0.0 Safari/537.36",
  "userId": 1
}
2025-06-25 10:37:34 [INFO]: HTTP Request
{
  "service": "nexus-crm",
  "method": "GET",
  "url": "/.well-known/appspecific/com.chrome.devtools.json",
  "ip": "::1",
  "userAgent": "Mozilla/5.0 (Windows NT 10.0; Win64; x64) AppleWebKit/537.36 (KHTML, like Gecko) Chrome/137.0.0.0 Safari/537.36",
  "userId": 1,
  "username": "admin",
  "statusCode": 404,
  "duration": "8ms",
  "contentLength": 5081
}
2025-06-25 10:40:21 [WARN]: Token CSRF non valido
{
  "service": "nexus-crm",
  "userId": 1,
  "ip": "::1",
  "userAgent": "Mozilla/5.0 (Windows NT 10.0; Win64; x64) AppleWebKit/537.36 (KHTML, like Gecko) Chrome/137.0.0.0 Safari/537.36",
  "path": "/api/upload-bill",
  "method": "POST"
}
2025-06-25 10:40:21 [INFO]: HTTP Request
{
  "service": "nexus-crm",
  "method": "POST",
  "url": "/api/upload-bill",
  "ip": "::1",
  "userAgent": "Mozilla/5.0 (Windows NT 10.0; Win64; x64) AppleWebKit/537.36 (KHTML, like Gecko) Chrome/137.0.0.0 Safari/537.36",
  "userId": 1,
  "username": "admin",
  "statusCode": 403,
  "duration": "10ms",
  "contentLength": 5123
}
2025-06-25 10:42:02 [INFO]: Ricevuto SIGINT, chiusura database...
{
  "service": "nexus-crm"
}
2025-06-25 10:42:06 [INFO]: Avvio NEXUS CRM
{
  "service": "nexus-crm",
  "port": 3000
}
2025-06-25 10:42:06 [INFO]: Server avviato con successo
{
  "service": "nexus-crm",
  "port": 3000,
  "nodeEnv": "development",
  "nodeVersion": "v22.13.1"
}
2025-06-25 10:42:06 [INFO]: Connesso al database SQLite
{
  "service": "nexus-crm",
  "dbPath": "C:\\progetti\\nexus-crm\\data\\nexus.db"
}
2025-06-25 10:42:06 [INFO]: Tabella users verificata/creata
{
  "service": "nexus-crm"
}
2025-06-25 10:42:06 [INFO]: Tabella clients verificata/creata
{
  "service": "nexus-crm"
}
2025-06-25 10:42:06 [INFO]: Tabella activities verificata/creata
{
  "service": "nexus-crm"
}
2025-06-25 10:42:06 [INFO]: Tabella products verificata/creata
{
  "service": "nexus-crm"
}
2025-06-25 10:42:06 [INFO]: Tabella contracts verificata/creata
{
  "service": "nexus-crm"
}
2025-06-25 10:42:06 [INFO]: Tabella user_sessions creata
{
  "service": "nexus-crm"
}
2025-06-25 10:42:06 [INFO]: Utente admin già esistente
{
  "service": "nexus-crm"
}
2025-06-25 10:42:09 [INFO]: HTTP Request
{
  "service": "nexus-crm",
  "method": "GET",
  "url": "/login",
  "ip": "::1",
  "userAgent": "Mozilla/5.0 (Windows NT 10.0; Win64; x64) AppleWebKit/537.36 (KHTML, like Gecko) Chrome/137.0.0.0 Safari/537.36",
  "statusCode": 200,
  "duration": "12ms",
  "contentLength": 2847
}
2025-06-25 10:42:24 [INFO]: HTTP Request
{
  "service": "nexus-crm",
  "method": "GET",
  "url": "/api/test/test",
  "ip": "::1",
  "userAgent": "Mozilla/5.0 (Windows NT 10.0; Win64; x64) AppleWebKit/537.36 (KHTML, like Gecko) Chrome/137.0.0.0 Safari/537.36",
  "statusCode": 200,
  "duration": "2ms",
  "contentLength": 73
}
2025-06-25 10:42:34 [INFO]: HTTP Request
{
  "service": "nexus-crm",
  "method": "GET",
  "url": "/login",
  "ip": "::1",
  "userAgent": "Mozilla/5.0 (Windows NT 10.0; Win64; x64) AppleWebKit/537.36 (KHTML, like Gecko) Chrome/137.0.0.0 Safari/537.36",
  "statusCode": 200,
  "duration": "5ms",
  "contentLength": 2847
}
2025-06-25 10:42:40 [INFO]: Login riuscito
{
  "service": "nexus-crm",
  "userId": 1,
  "username": "admin",
  "role": "administrator",
  "ip": "::1",
  "userAgent": "Mozilla/5.0 (Windows NT 10.0; Win64; x64) AppleWebKit/537.36 (KHTML, like Gecko) Chrome/137.0.0.0 Safari/537.36"
}
2025-06-25 10:42:40 [INFO]: Login completato con successo
{
  "service": "nexus-crm",
  "userId": 1,
  "username": "admin",
  "role": "administrator",
  "ip": "::1",
  "sessionId": "3gey8RCigI2MemMjBbOQsDBun0WalLJ1"
}
2025-06-25 10:42:40 [INFO]: HTTP Request
{
  "service": "nexus-crm",
  "method": "GET",
  "url": "/",
  "ip": "::1",
  "userAgent": "Mozilla/5.0 (Windows NT 10.0; Win64; x64) AppleWebKit/537.36 (KHTML, like Gecko) Chrome/137.0.0.0 Safari/537.36",
  "userId": 1,
  "username": "admin",
  "statusCode": 200,
  "duration": "11ms",
  "contentLength": 7926
}
2025-06-25 10:42:40 [INFO]: Sessione utente loggata
{
  "service": "nexus-crm",
  "userId": 1,
  "sessionLogId": 15,
  "ip": "::1"
}
2025-06-25 10:42:40 [DEBUG]: Session ID aggiornato
{
  "service": "nexus-crm",
  "sessionLogId": 15,
  "realSessionId": "3gey8RCigI2MemMjBbOQsDBun0WalLJ1"
}
2025-06-25 10:42:41 [INFO]: HTTP Request
{
  "service": "nexus-crm",
  "method": "GET",
  "url": "/clients",
  "ip": "::1",
  "userAgent": "Mozilla/5.0 (Windows NT 10.0; Win64; x64) AppleWebKit/537.36 (KHTML, like Gecko) Chrome/137.0.0.0 Safari/537.36",
  "userId": 1,
  "username": "admin",
  "statusCode": 200,
  "duration": "6ms",
  "contentLength": 7881
}
2025-06-25 10:42:42 [INFO]: HTTP Request
{
  "service": "nexus-crm",
  "method": "GET",
  "url": "/clients/import-bill",
  "ip": "::1",
  "userAgent": "Mozilla/5.0 (Windows NT 10.0; Win64; x64) AppleWebKit/537.36 (KHTML, like Gecko) Chrome/137.0.0.0 Safari/537.36",
  "userId": 1,
  "username": "admin",
  "statusCode": 200,
  "duration": "5ms",
  "contentLength": 14489
}
2025-06-25 10:42:47 [INFO]: HTTP Request
{
  "service": "nexus-crm",
  "method": "POST",
  "url": "/api/test/test",
  "ip": "::1",
  "userAgent": "Mozilla/5.0 (Windows NT 10.0; Win64; x64) AppleWebKit/537.36 (KHTML, like Gecko) Chrome/137.0.0.0 Safari/537.36",
  "statusCode": 200,
  "duration": "3ms",
  "contentLength": 65
}
2025-06-25 10:43:04 [WARN]: Pagina non trovata
{
  "service": "nexus-crm",
  "url": "/.well-known/appspecific/com.chrome.devtools.json",
  "method": "GET",
  "ip": "::1",
  "userAgent": "Mozilla/5.0 (Windows NT 10.0; Win64; x64) AppleWebKit/537.36 (KHTML, like Gecko) Chrome/137.0.0.0 Safari/537.36",
  "userId": 1
}
2025-06-25 10:43:04 [INFO]: HTTP Request
{
  "service": "nexus-crm",
  "method": "GET",
  "url": "/.well-known/appspecific/com.chrome.devtools.json",
  "ip": "::1",
  "userAgent": "Mozilla/5.0 (Windows NT 10.0; Win64; x64) AppleWebKit/537.36 (KHTML, like Gecko) Chrome/137.0.0.0 Safari/537.36",
  "userId": 1,
  "username": "admin",
  "statusCode": 404,
  "duration": "8ms",
  "contentLength": 5081
}
2025-06-25 10:45:20 [INFO]: Ricevuto SIGINT, chiusura database...
{
  "service": "nexus-crm"
}
2025-06-25 10:45:25 [INFO]: Avvio NEXUS CRM
{
  "service": "nexus-crm",
  "port": 3000
}
2025-06-25 10:45:25 [INFO]: Server avviato con successo
{
  "service": "nexus-crm",
  "port": 3000,
  "nodeEnv": "development",
  "nodeVersion": "v22.13.1"
}
2025-06-25 10:45:25 [INFO]: Connesso al database SQLite
{
  "service": "nexus-crm",
  "dbPath": "C:\\progetti\\nexus-crm\\data\\nexus.db"
}
2025-06-25 10:45:25 [INFO]: Tabella users verificata/creata
{
  "service": "nexus-crm"
}
2025-06-25 10:45:25 [INFO]: Tabella clients verificata/creata
{
  "service": "nexus-crm"
}
2025-06-25 10:45:25 [INFO]: Tabella activities verificata/creata
{
  "service": "nexus-crm"
}
2025-06-25 10:45:25 [INFO]: Tabella products verificata/creata
{
  "service": "nexus-crm"
}
2025-06-25 10:45:25 [INFO]: Tabella contracts verificata/creata
{
  "service": "nexus-crm"
}
2025-06-25 10:45:25 [INFO]: Tabella user_sessions creata
{
  "service": "nexus-crm"
}
2025-06-25 10:45:25 [INFO]: Utente admin già esistente
{
  "service": "nexus-crm"
}
2025-06-25 10:45:30 [INFO]: HTTP Request
{
  "service": "nexus-crm",
  "method": "GET",
  "url": "/login",
  "ip": "::1",
  "userAgent": "Mozilla/5.0 (Windows NT 10.0; Win64; x64) AppleWebKit/537.36 (KHTML, like Gecko) Chrome/137.0.0.0 Safari/537.36",
  "statusCode": 200,
  "duration": "13ms",
  "contentLength": 2847
}
2025-06-25 10:45:36 [INFO]: Login riuscito
{
  "service": "nexus-crm",
  "userId": 1,
  "username": "admin",
  "role": "administrator",
  "ip": "::1",
  "userAgent": "Mozilla/5.0 (Windows NT 10.0; Win64; x64) AppleWebKit/537.36 (KHTML, like Gecko) Chrome/137.0.0.0 Safari/537.36"
}
2025-06-25 10:45:36 [INFO]: Login completato con successo
{
  "service": "nexus-crm",
  "userId": 1,
  "username": "admin",
  "role": "administrator",
  "ip": "::1",
  "sessionId": "q01fLq4BLfryTglvR7AFGhLATgKMtWWS"
}
2025-06-25 10:45:36 [INFO]: Sessione utente loggata
{
  "service": "nexus-crm",
  "userId": 1,
  "sessionLogId": 16,
  "ip": "::1"
}
2025-06-25 10:45:36 [INFO]: HTTP Request
{
  "service": "nexus-crm",
  "method": "GET",
  "url": "/",
  "ip": "::1",
  "userAgent": "Mozilla/5.0 (Windows NT 10.0; Win64; x64) AppleWebKit/537.36 (KHTML, like Gecko) Chrome/137.0.0.0 Safari/537.36",
  "userId": 1,
  "username": "admin",
  "statusCode": 200,
  "duration": "10ms",
  "contentLength": 7926
}
2025-06-25 10:45:36 [DEBUG]: Session ID aggiornato
{
  "service": "nexus-crm",
  "sessionLogId": 16,
  "realSessionId": "q01fLq4BLfryTglvR7AFGhLATgKMtWWS"
}
2025-06-25 10:45:38 [INFO]: HTTP Request
{
  "service": "nexus-crm",
  "method": "GET",
  "url": "/clients",
  "ip": "::1",
  "userAgent": "Mozilla/5.0 (Windows NT 10.0; Win64; x64) AppleWebKit/537.36 (KHTML, like Gecko) Chrome/137.0.0.0 Safari/537.36",
  "userId": 1,
  "username": "admin",
  "statusCode": 200,
  "duration": "7ms",
  "contentLength": 7881
}
2025-06-25 10:45:40 [INFO]: HTTP Request
{
  "service": "nexus-crm",
  "method": "GET",
  "url": "/clients/import-bill",
  "ip": "::1",
  "userAgent": "Mozilla/5.0 (Windows NT 10.0; Win64; x64) AppleWebKit/537.36 (KHTML, like Gecko) Chrome/137.0.0.0 Safari/537.36",
  "userId": 1,
  "username": "admin",
  "statusCode": 200,
  "duration": "6ms",
  "contentLength": 14489
}
2025-06-25 10:45:44 [INFO]: HTTP Request
{
  "service": "nexus-crm",
  "method": "POST",
  "url": "/api/test/test",
  "ip": "::1",
  "userAgent": "Mozilla/5.0 (Windows NT 10.0; Win64; x64) AppleWebKit/537.36 (KHTML, like Gecko) Chrome/137.0.0.0 Safari/537.36",
  "statusCode": 200,
  "duration": "35ms",
  "contentLength": 428
}
2025-06-25 10:45:48 [INFO]: HTTP Request
{
  "service": "nexus-crm",
  "method": "GET",
  "url": "/clients/new-from-bill?data=%7B%22firstName%22%3A%22Mario%22%2C%22lastName%22%3A%22Rossi%22%2C%22fiscalCode%22%3A%22RSSMRA80A01H501X%22%2C%22address%22%3A%22Via%20Roma%20123%22%2C%22city%22%3A%22Milano%22%2C%22province%22%3A%22MI%22%2C%22postalCode%22%3A%2220100%22%2C%22pod%22%3A%22IT001E12345678%22%2C%22electricConsumption%22%3A3500%2C%22supplier%22%3A%22ENEL%20ENERGIA%22%7D",
  "ip": "::1",
  "userAgent": "Mozilla/5.0 (Windows NT 10.0; Win64; x64) AppleWebKit/537.36 (KHTML, like Gecko) Chrome/137.0.0.0 Safari/537.36",
  "userId": 1,
  "username": "admin",
  "statusCode": 200,
  "duration": "8ms",
  "contentLength": 16086
}
2025-06-25 10:48:39 [INFO]: Ricevuto SIGINT, chiusura database...
{
  "service": "nexus-crm"
}
2025-06-25 10:58:36 [INFO]: Avvio NEXUS CRM
{
  "service": "nexus-crm",
  "port": 3000
}
2025-06-25 10:58:36 [INFO]: Server avviato con successo
{
  "service": "nexus-crm",
  "port": 3000,
  "nodeEnv": "development",
  "nodeVersion": "v22.13.1"
}
2025-06-25 10:58:36 [INFO]: Connesso al database SQLite
{
  "service": "nexus-crm",
  "dbPath": "C:\\progetti\\nexus-crm\\data\\nexus.db"
}
2025-06-25 10:58:36 [INFO]: Tabella users verificata/creata
{
  "service": "nexus-crm"
}
2025-06-25 10:58:36 [INFO]: Tabella clients verificata/creata
{
  "service": "nexus-crm"
}
2025-06-25 10:58:36 [INFO]: Tabella activities verificata/creata
{
  "service": "nexus-crm"
}
2025-06-25 10:58:36 [INFO]: Tabella products verificata/creata
{
  "service": "nexus-crm"
}
2025-06-25 10:58:36 [INFO]: Tabella contracts verificata/creata
{
  "service": "nexus-crm"
}
2025-06-25 10:58:36 [INFO]: Tabella user_sessions creata
{
  "service": "nexus-crm"
}
2025-06-25 10:58:36 [INFO]: Utente admin già esistente
{
  "service": "nexus-crm"
}
2025-06-25 10:58:40 [INFO]: HTTP Request
{
  "service": "nexus-crm",
  "method": "GET",
  "url": "/login",
  "ip": "::1",
  "userAgent": "Mozilla/5.0 (Windows NT 10.0; Win64; x64) AppleWebKit/537.36 (KHTML, like Gecko) Chrome/137.0.0.0 Safari/537.36",
  "statusCode": 200,
  "duration": "9ms",
  "contentLength": 2847
}
2025-06-25 10:58:48 [INFO]: Login riuscito
{
  "service": "nexus-crm",
  "userId": 1,
  "username": "admin",
  "role": "administrator",
  "ip": "::1",
  "userAgent": "Mozilla/5.0 (Windows NT 10.0; Win64; x64) AppleWebKit/537.36 (KHTML, like Gecko) Chrome/137.0.0.0 Safari/537.36"
}
2025-06-25 10:58:48 [INFO]: Login completato con successo
{
  "service": "nexus-crm",
  "userId": 1,
  "username": "admin",
  "role": "administrator",
  "ip": "::1",
  "sessionId": "3MsgHTrY3aW02fSlY1y__8P4fWXyhLt3"
}
2025-06-25 10:58:48 [INFO]: HTTP Request
{
  "service": "nexus-crm",
  "method": "GET",
  "url": "/",
  "ip": "::1",
  "userAgent": "Mozilla/5.0 (Windows NT 10.0; Win64; x64) AppleWebKit/537.36 (KHTML, like Gecko) Chrome/137.0.0.0 Safari/537.36",
  "userId": 1,
  "username": "admin",
  "statusCode": 200,
  "duration": "10ms",
  "contentLength": 7926
}
2025-06-25 10:58:48 [INFO]: Sessione utente loggata
{
  "service": "nexus-crm",
  "userId": 1,
  "sessionLogId": 17,
  "ip": "::1"
}
2025-06-25 10:58:48 [DEBUG]: Session ID aggiornato
{
  "service": "nexus-crm",
  "sessionLogId": 17,
  "realSessionId": "3MsgHTrY3aW02fSlY1y__8P4fWXyhLt3"
}
2025-06-25 10:58:49 [INFO]: HTTP Request
{
  "service": "nexus-crm",
  "method": "GET",
  "url": "/clients",
  "ip": "::1",
  "userAgent": "Mozilla/5.0 (Windows NT 10.0; Win64; x64) AppleWebKit/537.36 (KHTML, like Gecko) Chrome/137.0.0.0 Safari/537.36",
  "userId": 1,
  "username": "admin",
  "statusCode": 200,
  "duration": "7ms",
  "contentLength": 7881
}
2025-06-25 10:58:50 [INFO]: HTTP Request
{
  "service": "nexus-crm",
  "method": "GET",
  "url": "/clients/import-bill",
  "ip": "::1",
  "userAgent": "Mozilla/5.0 (Windows NT 10.0; Win64; x64) AppleWebKit/537.36 (KHTML, like Gecko) Chrome/137.0.0.0 Safari/537.36",
  "userId": 1,
  "username": "admin",
  "statusCode": 200,
  "duration": "7ms",
  "contentLength": 14489
}
2025-06-25 10:58:56 [INFO]: HTTP Request
{
  "service": "nexus-crm",
  "method": "POST",
  "url": "/api/test/test",
  "ip": "::1",
  "userAgent": "Mozilla/5.0 (Windows NT 10.0; Win64; x64) AppleWebKit/537.36 (KHTML, like Gecko) Chrome/137.0.0.0 Safari/537.36",
  "statusCode": 200,
  "duration": "408ms",
  "contentLength": 671
}
2025-06-25 10:59:00 [INFO]: HTTP Request
{
  "service": "nexus-crm",
  "method": "GET",
  "url": "/clients/new-from-bill?data=%7B%22fiscalCode%22%3A%22NGLDIA74A56I293T%22%2C%22vatNumber%22%3A%2204494920616%22%2C%22pod%22%3A%22IT001E81073372%22%2C%22firstName%22%3A%22Altri%22%2C%22lastName%22%3A%22usi%20Riduci%20il%20consumo%20di%20carta%20e%20diminuisci%22%2C%22clientName%22%3A%22Altri%20usi%5CnRiduci%20il%20consumo%20di%20carta%20e%20diminuisci%22%2C%22address%22%3A%22di%20energia%20elettrica%20%C3%A8%20in%3A%22%2C%22supplier%22%3A%22e%20%20le%20Associazioni%22%2C%22provider%22%3A%22ENEL%22%2C%22electricConsumption%22%3A5170%7D",
  "ip": "::1",
  "userAgent": "Mozilla/5.0 (Windows NT 10.0; Win64; x64) AppleWebKit/537.36 (KHTML, like Gecko) Chrome/137.0.0.0 Safari/537.36",
  "userId": 1,
  "username": "admin",
  "statusCode": 200,
  "duration": "8ms",
  "contentLength": 16086
}
2025-06-25 11:03:07 [INFO]: HTTP Request
{
  "service": "nexus-crm",
  "method": "GET",
  "url": "/",
  "ip": "::1",
  "userAgent": "Mozilla/5.0 (Windows NT 10.0; Win64; x64) AppleWebKit/537.36 (KHTML, like Gecko) Chrome/137.0.0.0 Safari/537.36",
  "userId": 1,
  "username": "admin",
  "statusCode": 200,
  "duration": "48ms",
  "contentLength": 7926
}
2025-06-25 11:03:10 [INFO]: HTTP Request
{
  "service": "nexus-crm",
  "method": "GET",
  "url": "/clients",
  "ip": "::1",
  "userAgent": "Mozilla/5.0 (Windows NT 10.0; Win64; x64) AppleWebKit/537.36 (KHTML, like Gecko) Chrome/137.0.0.0 Safari/537.36",
  "userId": 1,
  "username": "admin",
  "statusCode": 200,
  "duration": "9ms",
  "contentLength": 7881
}
2025-06-25 11:03:12 [INFO]: HTTP Request
{
  "service": "nexus-crm",
  "method": "GET",
  "url": "/clients/import-bill",
  "ip": "::1",
  "userAgent": "Mozilla/5.0 (Windows NT 10.0; Win64; x64) AppleWebKit/537.36 (KHTML, like Gecko) Chrome/137.0.0.0 Safari/537.36",
  "userId": 1,
  "username": "admin",
  "statusCode": 200,
  "duration": "11ms",
  "contentLength": 14489
}
2025-06-25 11:03:17 [INFO]: HTTP Request
{
  "service": "nexus-crm",
  "method": "POST",
  "url": "/api/test/test",
  "ip": "::1",
  "userAgent": "Mozilla/5.0 (Windows NT 10.0; Win64; x64) AppleWebKit/537.36 (KHTML, like Gecko) Chrome/137.0.0.0 Safari/537.36",
  "statusCode": 200,
  "duration": "179ms",
  "contentLength": 671
}
2025-06-25 11:03:20 [INFO]: HTTP Request
{
  "service": "nexus-crm",
  "method": "GET",
  "url": "/clients/new-from-bill?data=%7B%22fiscalCode%22%3A%22NGLDIA74A56I293T%22%2C%22vatNumber%22%3A%2204494920616%22%2C%22pod%22%3A%22IT001E81073372%22%2C%22firstName%22%3A%22Altri%22%2C%22lastName%22%3A%22usi%20Riduci%20il%20consumo%20di%20carta%20e%20diminuisci%22%2C%22clientName%22%3A%22Altri%20usi%5CnRiduci%20il%20consumo%20di%20carta%20e%20diminuisci%22%2C%22address%22%3A%22di%20energia%20elettrica%20%C3%A8%20in%3A%22%2C%22supplier%22%3A%22e%20%20le%20Associazioni%22%2C%22provider%22%3A%22ENEL%22%2C%22electricConsumption%22%3A5170%7D",
  "ip": "::1",
  "userAgent": "Mozilla/5.0 (Windows NT 10.0; Win64; x64) AppleWebKit/537.36 (KHTML, like Gecko) Chrome/137.0.0.0 Safari/537.36",
  "userId": 1,
  "username": "admin",
  "statusCode": 200,
  "duration": "4ms",
  "contentLength": 16086
}
2025-06-25 11:03:27 [INFO]: Ricevuto SIGINT, chiusura database...
{
  "service": "nexus-crm"
}
2025-06-25 11:03:31 [INFO]: Avvio NEXUS CRM
{
  "service": "nexus-crm",
  "port": 3000
}
2025-06-25 11:03:32 [INFO]: Server avviato con successo
{
  "service": "nexus-crm",
  "port": 3000,
  "nodeEnv": "development",
  "nodeVersion": "v22.13.1"
}
2025-06-25 11:03:32 [INFO]: Connesso al database SQLite
{
  "service": "nexus-crm",
  "dbPath": "C:\\progetti\\nexus-crm\\data\\nexus.db"
}
2025-06-25 11:03:32 [INFO]: Tabella users verificata/creata
{
  "service": "nexus-crm"
}
2025-06-25 11:03:32 [INFO]: Tabella clients verificata/creata
{
  "service": "nexus-crm"
}
2025-06-25 11:03:32 [INFO]: Tabella activities verificata/creata
{
  "service": "nexus-crm"
}
2025-06-25 11:03:32 [INFO]: Tabella products verificata/creata
{
  "service": "nexus-crm"
}
2025-06-25 11:03:32 [INFO]: Tabella contracts verificata/creata
{
  "service": "nexus-crm"
}
2025-06-25 11:03:32 [INFO]: Tabella user_sessions creata
{
  "service": "nexus-crm"
}
2025-06-25 11:03:32 [INFO]: Utente admin già esistente
{
  "service": "nexus-crm"
}
2025-06-25 11:03:35 [INFO]: HTTP Request
{
  "service": "nexus-crm",
  "method": "GET",
  "url": "/login",
  "ip": "::1",
  "userAgent": "Mozilla/5.0 (Windows NT 10.0; Win64; x64) AppleWebKit/537.36 (KHTML, like Gecko) Chrome/137.0.0.0 Safari/537.36",
  "statusCode": 200,
  "duration": "10ms",
  "contentLength": 2847
}
2025-06-25 11:03:41 [INFO]: Login riuscito
{
  "service": "nexus-crm",
  "userId": 1,
  "username": "admin",
  "role": "administrator",
  "ip": "::1",
  "userAgent": "Mozilla/5.0 (Windows NT 10.0; Win64; x64) AppleWebKit/537.36 (KHTML, like Gecko) Chrome/137.0.0.0 Safari/537.36"
}
2025-06-25 11:03:41 [INFO]: Login completato con successo
{
  "service": "nexus-crm",
  "userId": 1,
  "username": "admin",
  "role": "administrator",
  "ip": "::1",
  "sessionId": "ubWbZ0DFNIVeo7FvPER9vAiuFkY240p2"
}
2025-06-25 11:03:41 [INFO]: HTTP Request
{
  "service": "nexus-crm",
  "method": "GET",
  "url": "/",
  "ip": "::1",
  "userAgent": "Mozilla/5.0 (Windows NT 10.0; Win64; x64) AppleWebKit/537.36 (KHTML, like Gecko) Chrome/137.0.0.0 Safari/537.36",
  "userId": 1,
  "username": "admin",
  "statusCode": 200,
  "duration": "5ms",
  "contentLength": 7926
}
2025-06-25 11:03:41 [INFO]: Sessione utente loggata
{
  "service": "nexus-crm",
  "userId": 1,
  "sessionLogId": 18,
  "ip": "::1"
}
2025-06-25 11:03:42 [DEBUG]: Session ID aggiornato
{
  "service": "nexus-crm",
  "sessionLogId": 18,
  "realSessionId": "ubWbZ0DFNIVeo7FvPER9vAiuFkY240p2"
}
2025-06-25 11:03:43 [INFO]: HTTP Request
{
  "service": "nexus-crm",
  "method": "GET",
  "url": "/clients",
  "ip": "::1",
  "userAgent": "Mozilla/5.0 (Windows NT 10.0; Win64; x64) AppleWebKit/537.36 (KHTML, like Gecko) Chrome/137.0.0.0 Safari/537.36",
  "userId": 1,
  "username": "admin",
  "statusCode": 200,
  "duration": "7ms",
  "contentLength": 7881
}
2025-06-25 11:03:46 [INFO]: HTTP Request
{
  "service": "nexus-crm",
  "method": "GET",
  "url": "/clients/import-bill",
  "ip": "::1",
  "userAgent": "Mozilla/5.0 (Windows NT 10.0; Win64; x64) AppleWebKit/537.36 (KHTML, like Gecko) Chrome/137.0.0.0 Safari/537.36",
  "userId": 1,
  "username": "admin",
  "statusCode": 200,
  "duration": "6ms",
  "contentLength": 14489
}
2025-06-25 11:03:51 [INFO]: HTTP Request
{
  "service": "nexus-crm",
  "method": "POST",
  "url": "/api/test/test",
  "ip": "::1",
  "userAgent": "Mozilla/5.0 (Windows NT 10.0; Win64; x64) AppleWebKit/537.36 (KHTML, like Gecko) Chrome/137.0.0.0 Safari/537.36",
  "statusCode": 200,
  "duration": "443ms",
  "contentLength": 551
}
2025-06-25 11:03:53 [INFO]: HTTP Request
{
  "service": "nexus-crm",
  "method": "GET",
  "url": "/clients/new-from-bill?data=%7B%22fiscalCode%22%3A%22NGLDIA74A56I293T%22%2C%22pod%22%3A%22IT001E81073372%22%2C%22firstName%22%3A%22IDA%22%2C%22lastName%22%3A%22ANGELINO%22%2C%22clientName%22%3A%22IDA%20ANGELINO%22%2C%22address%22%3A%2222%2F01%2F2024%22%2C%22city%22%3A%22Codice%20POD%22%2C%22province%22%3A%22IT%22%2C%22postalCode%22%3A%2206508%22%2C%22provider%22%3A%22ENEL%22%7D",
  "ip": "::1",
  "userAgent": "Mozilla/5.0 (Windows NT 10.0; Win64; x64) AppleWebKit/537.36 (KHTML, like Gecko) Chrome/137.0.0.0 Safari/537.36",
  "userId": 1,
  "username": "admin",
  "statusCode": 200,
  "duration": "6ms",
  "contentLength": 16086
}
2025-06-25 11:04:24 [INFO]: Ricevuto SIGINT, chiusura database...
{
  "service": "nexus-crm"
}
2025-06-25 12:08:08 [INFO]: Avvio NEXUS CRM
{
  "service": "nexus-crm",
  "port": 3000
}
2025-06-25 12:08:08 [INFO]: Server avviato con successo
{
  "service": "nexus-crm",
  "port": 3000,
  "nodeEnv": "development",
  "nodeVersion": "v22.13.1"
}
2025-06-25 12:08:08 [INFO]: Connesso al database SQLite
{
  "service": "nexus-crm",
  "dbPath": "C:\\progetti\\nexus-crm\\data\\nexus.db"
}
2025-06-25 12:08:08 [INFO]: Tabella users verificata/creata
{
  "service": "nexus-crm"
}
2025-06-25 12:08:08 [INFO]: Tabella clients verificata/creata
{
  "service": "nexus-crm"
}
2025-06-25 12:08:08 [INFO]: Tabella activities verificata/creata
{
  "service": "nexus-crm"
}
2025-06-25 12:08:08 [INFO]: Tabella products verificata/creata
{
  "service": "nexus-crm"
}
2025-06-25 12:08:08 [INFO]: Tabella contracts verificata/creata
{
  "service": "nexus-crm"
}
2025-06-25 12:08:08 [INFO]: Tabella user_sessions creata
{
  "service": "nexus-crm"
}
2025-06-25 12:08:08 [INFO]: Utente admin già esistente
{
  "service": "nexus-crm"
}
2025-06-25 12:08:13 [INFO]: HTTP Request
{
  "service": "nexus-crm",
  "method": "GET",
  "url": "/login",
  "ip": "::1",
  "userAgent": "Mozilla/5.0 (Windows NT 10.0; Win64; x64) AppleWebKit/537.36 (KHTML, like Gecko) Chrome/137.0.0.0 Safari/537.36",
  "statusCode": 200,
  "duration": "13ms",
  "contentLength": 2847
}
2025-06-25 12:08:25 [INFO]: Login riuscito
{
  "service": "nexus-crm",
  "userId": 1,
  "username": "admin",
  "role": "administrator",
  "ip": "::1",
  "userAgent": "Mozilla/5.0 (Windows NT 10.0; Win64; x64) AppleWebKit/537.36 (KHTML, like Gecko) Chrome/137.0.0.0 Safari/537.36"
}
2025-06-25 12:08:25 [INFO]: Login completato con successo
{
  "service": "nexus-crm",
  "userId": 1,
  "username": "admin",
  "role": "administrator",
  "ip": "::1",
  "sessionId": "R6n9wpqSQdSRIhK3DC2Qo20koVZAqsyn"
}
2025-06-25 12:08:25 [INFO]: HTTP Request
{
  "service": "nexus-crm",
  "method": "GET",
  "url": "/",
  "ip": "::1",
  "userAgent": "Mozilla/5.0 (Windows NT 10.0; Win64; x64) AppleWebKit/537.36 (KHTML, like Gecko) Chrome/137.0.0.0 Safari/537.36",
  "userId": 1,
  "username": "admin",
  "statusCode": 200,
  "duration": "20ms",
  "contentLength": 8168
}
2025-06-25 12:08:25 [INFO]: Sessione utente loggata
{
  "service": "nexus-crm",
  "userId": 1,
  "sessionLogId": 19,
  "ip": "::1"
}
2025-06-25 12:08:25 [DEBUG]: Session ID aggiornato
{
  "service": "nexus-crm",
  "sessionLogId": 19,
  "realSessionId": "R6n9wpqSQdSRIhK3DC2Qo20koVZAqsyn"
}
2025-06-25 12:08:27 [INFO]: HTTP Request
{
  "service": "nexus-crm",
  "method": "GET",
  "url": "/clients",
  "ip": "::1",
  "userAgent": "Mozilla/5.0 (Windows NT 10.0; Win64; x64) AppleWebKit/537.36 (KHTML, like Gecko) Chrome/137.0.0.0 Safari/537.36",
  "userId": 1,
  "username": "admin",
  "statusCode": 200,
  "duration": "10ms",
  "contentLength": 8128
}
2025-06-25 12:08:28 [INFO]: HTTP Request
{
  "service": "nexus-crm",
  "method": "GET",
  "url": "/clients/import-bill",
  "ip": "::1",
  "userAgent": "Mozilla/5.0 (Windows NT 10.0; Win64; x64) AppleWebKit/537.36 (KHTML, like Gecko) Chrome/137.0.0.0 Safari/537.36",
  "userId": 1,
  "username": "admin",
  "statusCode": 200,
  "duration": "7ms",
  "contentLength": 17065
}
2025-06-25 12:08:35 [INFO]: HTTP Request
{
  "service": "nexus-crm",
  "method": "POST",
  "url": "/api/test/test",
  "ip": "::1",
  "userAgent": "Mozilla/5.0 (Windows NT 10.0; Win64; x64) AppleWebKit/537.36 (KHTML, like Gecko) Chrome/137.0.0.0 Safari/537.36",
  "statusCode": 200,
  "duration": "410ms",
  "contentLength": 776
}
2025-06-25 12:08:39 [INFO]: HTTP Request
{
  "service": "nexus-crm",
  "method": "GET",
  "url": "/clients/new-from-bill?data=%7B%22fiscalCode%22%3A%22NGLDIA74A56I293T%22%2C%22vatNumber%22%3A%2204494920616%22%2C%22pod%22%3A%22IT001E81073372%22%2C%22postalCode%22%3A%2206508%22%2C%22firstName%22%3A%22IDA%22%2C%22lastName%22%3A%22ANGELINO%22%2C%22clientName%22%3A%22IDA%20ANGELINO%22%2C%22address%22%3A%22di%20energia%20elettrica%20%C3%A8%20in%3A%22%2C%22city%22%3A%22Codice%20POD%22%2C%22province%22%3A%22IT%22%2C%22supplier%22%3A%22ENEL%20ENERGIA%22%2C%22provider%22%3A%22ENEL%22%2C%22billType%22%3A%22energia_elettrica%22%2C%22powerCommitted%22%3A16.5%2C%22customerNumber%22%3A%22111206508%22%7D",
  "ip": "::1",
  "userAgent": "Mozilla/5.0 (Windows NT 10.0; Win64; x64) AppleWebKit/537.36 (KHTML, like Gecko) Chrome/137.0.0.0 Safari/537.36",
  "userId": 1,
  "username": "admin",
  "statusCode": 200,
  "duration": "6ms",
  "contentLength": 16328
}
2025-06-25 12:12:02 [INFO]: Ricevuto SIGINT, chiusura database...
{
  "service": "nexus-crm"
}
2025-06-25 12:12:05 [INFO]: Avvio NEXUS CRM
{
  "service": "nexus-crm",
  "port": 3000
}
2025-06-25 12:12:05 [INFO]: Server avviato con successo
{
  "service": "nexus-crm",
  "port": 3000,
  "nodeEnv": "development",
  "nodeVersion": "v22.13.1"
}
2025-06-25 12:12:05 [INFO]: Connesso al database SQLite
{
  "service": "nexus-crm",
  "dbPath": "C:\\progetti\\nexus-crm\\data\\nexus.db"
}
2025-06-25 12:12:05 [INFO]: Tabella users verificata/creata
{
  "service": "nexus-crm"
}
2025-06-25 12:12:05 [INFO]: Tabella clients verificata/creata
{
  "service": "nexus-crm"
}
2025-06-25 12:12:05 [INFO]: Tabella activities verificata/creata
{
  "service": "nexus-crm"
}
2025-06-25 12:12:05 [INFO]: Tabella products verificata/creata
{
  "service": "nexus-crm"
}
2025-06-25 12:12:05 [INFO]: Tabella contracts verificata/creata
{
  "service": "nexus-crm"
}
2025-06-25 12:12:05 [INFO]: Tabella user_sessions creata
{
  "service": "nexus-crm"
}
2025-06-25 12:12:05 [INFO]: Utente admin già esistente
{
  "service": "nexus-crm"
}
2025-06-25 12:12:11 [INFO]: HTTP Request
{
  "service": "nexus-crm",
  "method": "GET",
  "url": "/login",
  "ip": "::1",
  "userAgent": "Mozilla/5.0 (Windows NT 10.0; Win64; x64) AppleWebKit/537.36 (KHTML, like Gecko) Chrome/137.0.0.0 Safari/537.36",
  "statusCode": 200,
  "duration": "7ms",
  "contentLength": 2847
}
2025-06-25 12:12:17 [INFO]: Login riuscito
{
  "service": "nexus-crm",
  "userId": 1,
  "username": "admin",
  "role": "administrator",
  "ip": "::1",
  "userAgent": "Mozilla/5.0 (Windows NT 10.0; Win64; x64) AppleWebKit/537.36 (KHTML, like Gecko) Chrome/137.0.0.0 Safari/537.36"
}
2025-06-25 12:12:17 [INFO]: Login completato con successo
{
  "service": "nexus-crm",
  "userId": 1,
  "username": "admin",
  "role": "administrator",
  "ip": "::1",
  "sessionId": "ge1xXMRcqGEclnplC6B_XbqUu12OpvEh"
}
2025-06-25 12:12:17 [INFO]: HTTP Request
{
  "service": "nexus-crm",
  "method": "GET",
  "url": "/",
  "ip": "::1",
  "userAgent": "Mozilla/5.0 (Windows NT 10.0; Win64; x64) AppleWebKit/537.36 (KHTML, like Gecko) Chrome/137.0.0.0 Safari/537.36",
  "userId": 1,
  "username": "admin",
  "statusCode": 200,
  "duration": "20ms",
  "contentLength": 8168
}
2025-06-25 12:12:17 [INFO]: Sessione utente loggata
{
  "service": "nexus-crm",
  "userId": 1,
  "sessionLogId": 20,
  "ip": "::1"
}
2025-06-25 12:12:17 [DEBUG]: Session ID aggiornato
{
  "service": "nexus-crm",
  "sessionLogId": 20,
  "realSessionId": "ge1xXMRcqGEclnplC6B_XbqUu12OpvEh"
}
2025-06-25 12:12:19 [INFO]: HTTP Request
{
  "service": "nexus-crm",
  "method": "GET",
  "url": "/clients",
  "ip": "::1",
  "userAgent": "Mozilla/5.0 (Windows NT 10.0; Win64; x64) AppleWebKit/537.36 (KHTML, like Gecko) Chrome/137.0.0.0 Safari/537.36",
  "userId": 1,
  "username": "admin",
  "statusCode": 200,
  "duration": "7ms",
  "contentLength": 8128
}
2025-06-25 12:12:20 [INFO]: HTTP Request
{
  "service": "nexus-crm",
  "method": "GET",
  "url": "/clients/import-bill",
  "ip": "::1",
  "userAgent": "Mozilla/5.0 (Windows NT 10.0; Win64; x64) AppleWebKit/537.36 (KHTML, like Gecko) Chrome/137.0.0.0 Safari/537.36",
  "userId": 1,
  "username": "admin",
  "statusCode": 200,
  "duration": "7ms",
  "contentLength": 17065
}
2025-06-25 12:12:28 [INFO]: HTTP Request
{
  "service": "nexus-crm",
  "method": "POST",
  "url": "/api/test/test",
  "ip": "::1",
  "userAgent": "Mozilla/5.0 (Windows NT 10.0; Win64; x64) AppleWebKit/537.36 (KHTML, like Gecko) Chrome/137.0.0.0 Safari/537.36",
  "statusCode": 200,
  "duration": "412ms",
  "contentLength": 825
}
2025-06-25 12:12:30 [INFO]: HTTP Request
{
  "service": "nexus-crm",
  "method": "GET",
  "url": "/clients/new-from-bill?data=%7B%22fiscalCode%22%3A%22NGLDIA74A56I293T%22%2C%22vatNumber%22%3A%2204494920616%22%2C%22pod%22%3A%22IT001E81073372%22%2C%22postalCode%22%3A%2280138%22%2C%22firstName%22%3A%22IDA%22%2C%22lastName%22%3A%22ANGELINO%22%2C%22clientName%22%3A%22IDA%20ANGELINO%22%2C%22address%22%3A%22Via%20Duomo%20215%20%2080138%20Napoli%20NA%22%2C%22city%22%3A%22Napoli%22%2C%22province%22%3A%22NA%22%2C%22supplier%22%3A%22ENEL%20ENERGIA%22%2C%22provider%22%3A%22ENEL%22%2C%22billType%22%3A%22energia_elettrica%22%2C%22supplyType%22%3A%22Altri%20usi%22%2C%22customerNumber%22%3A%22111206508%22%2C%22electricConsumption%22%3A5170%2C%22powerCommitted%22%3A15%7D",
  "ip": "::1",
  "userAgent": "Mozilla/5.0 (Windows NT 10.0; Win64; x64) AppleWebKit/537.36 (KHTML, like Gecko) Chrome/137.0.0.0 Safari/537.36",
  "userId": 1,
  "username": "admin",
  "statusCode": 200,
  "duration": "5ms",
  "contentLength": 16328
}
2025-06-25 12:12:47 [INFO]: HTTP Request
{
  "service": "nexus-crm",
  "method": "GET",
  "url": "/clients",
  "ip": "::1",
  "userAgent": "Mozilla/5.0 (Windows NT 10.0; Win64; x64) AppleWebKit/537.36 (KHTML, like Gecko) Chrome/137.0.0.0 Safari/537.36",
  "userId": 1,
  "username": "admin",
  "statusCode": 200,
  "duration": "6ms",
  "contentLength": 9668
}
2025-06-25 12:12:56 [INFO]: HTTP Request
{
  "service": "nexus-crm",
  "method": "GET",
  "url": "/clients/edit/2",
  "ip": "::1",
  "userAgent": "Mozilla/5.0 (Windows NT 10.0; Win64; x64) AppleWebKit/537.36 (KHTML, like Gecko) Chrome/137.0.0.0 Safari/537.36",
  "userId": 1,
  "username": "admin",
  "statusCode": 200,
  "duration": "7ms",
  "contentLength": 22118
}
2025-06-25 12:12:59 [INFO]: HTTP Request
{
  "service": "nexus-crm",
  "method": "GET",
  "url": "/clients/2/utilities",
  "ip": "::1",
  "userAgent": "Mozilla/5.0 (Windows NT 10.0; Win64; x64) AppleWebKit/537.36 (KHTML, like Gecko) Chrome/137.0.0.0 Safari/537.36",
  "userId": 1,
  "username": "admin",
  "statusCode": 200,
  "duration": "30ms",
  "contentLength": 7112
}
2025-06-25 12:13:14 [INFO]: HTTP Request
{
  "service": "nexus-crm",
  "method": "GET",
  "url": "/clients/view/2",
  "ip": "::1",
  "userAgent": "Mozilla/5.0 (Windows NT 10.0; Win64; x64) AppleWebKit/537.36 (KHTML, like Gecko) Chrome/137.0.0.0 Safari/537.36",
  "userId": 1,
  "username": "admin",
  "statusCode": 200,
  "duration": "108ms",
  "contentLength": 10818
}
2025-06-25 12:13:29 [INFO]: HTTP Request
{
  "service": "nexus-crm",
  "method": "GET",
  "url": "/clients",
  "ip": "::1",
  "userAgent": "Mozilla/5.0 (Windows NT 10.0; Win64; x64) AppleWebKit/537.36 (KHTML, like Gecko) Chrome/137.0.0.0 Safari/537.36",
  "userId": 1,
  "username": "admin",
  "statusCode": 200,
  "duration": "5ms",
  "contentLength": 9668
}
2025-06-25 12:13:38 [INFO]: HTTP Request
{
  "service": "nexus-crm",
  "method": "GET",
  "url": "/clients",
  "ip": "::1",
  "userAgent": "Mozilla/5.0 (Windows NT 10.0; Win64; x64) AppleWebKit/537.36 (KHTML, like Gecko) Chrome/137.0.0.0 Safari/537.36",
  "userId": 1,
  "username": "admin",
  "statusCode": 200,
  "duration": "2ms",
  "contentLength": 8128
}
2025-06-25 12:13:39 [INFO]: HTTP Request
{
  "service": "nexus-crm",
  "method": "GET",
  "url": "/clients/import-bill",
  "ip": "::1",
  "userAgent": "Mozilla/5.0 (Windows NT 10.0; Win64; x64) AppleWebKit/537.36 (KHTML, like Gecko) Chrome/137.0.0.0 Safari/537.36",
  "userId": 1,
  "username": "admin",
  "statusCode": 200,
  "duration": "5ms",
  "contentLength": 17065
}
2025-06-25 12:13:45 [INFO]: HTTP Request
{
  "service": "nexus-crm",
  "method": "POST",
  "url": "/api/test/test",
  "ip": "::1",
  "userAgent": "Mozilla/5.0 (Windows NT 10.0; Win64; x64) AppleWebKit/537.36 (KHTML, like Gecko) Chrome/137.0.0.0 Safari/537.36",
  "statusCode": 200,
  "duration": "175ms",
  "contentLength": 825
}
2025-06-25 12:13:47 [INFO]: HTTP Request
{
  "service": "nexus-crm",
  "method": "GET",
  "url": "/clients/new-from-bill?data=%7B%22fiscalCode%22%3A%22NGLDIA74A56I293T%22%2C%22vatNumber%22%3A%2204494920616%22%2C%22pod%22%3A%22IT001E81073372%22%2C%22postalCode%22%3A%2280138%22%2C%22firstName%22%3A%22IDA%22%2C%22lastName%22%3A%22ANGELINO%22%2C%22clientName%22%3A%22IDA%20ANGELINO%22%2C%22address%22%3A%22Via%20Duomo%20215%20%2080138%20Napoli%20NA%22%2C%22city%22%3A%22Napoli%22%2C%22province%22%3A%22NA%22%2C%22supplier%22%3A%22ENEL%20ENERGIA%22%2C%22provider%22%3A%22ENEL%22%2C%22billType%22%3A%22energia_elettrica%22%2C%22supplyType%22%3A%22Altri%20usi%22%2C%22customerNumber%22%3A%22111206508%22%2C%22electricConsumption%22%3A5170%2C%22powerCommitted%22%3A15%7D",
  "ip": "::1",
  "userAgent": "Mozilla/5.0 (Windows NT 10.0; Win64; x64) AppleWebKit/537.36 (KHTML, like Gecko) Chrome/137.0.0.0 Safari/537.36",
  "userId": 1,
  "username": "admin",
  "statusCode": 200,
  "duration": "7ms",
  "contentLength": 16328
}
2025-06-25 12:20:10 [INFO]: Ricevuto SIGINT, chiusura database...
{
  "service": "nexus-crm"
}
2025-06-25 12:20:13 [INFO]: Avvio NEXUS CRM
{
  "service": "nexus-crm",
  "port": 3000
}
2025-06-25 12:20:13 [INFO]: Server avviato con successo
{
  "service": "nexus-crm",
  "port": 3000,
  "nodeEnv": "development",
  "nodeVersion": "v22.13.1"
}
2025-06-25 12:20:13 [INFO]: Connesso al database SQLite
{
  "service": "nexus-crm",
  "dbPath": "C:\\progetti\\nexus-crm\\data\\nexus.db"
}
2025-06-25 12:20:14 [INFO]: Tabella users verificata/creata
{
  "service": "nexus-crm"
}
2025-06-25 12:20:14 [INFO]: Tabella clients verificata/creata
{
  "service": "nexus-crm"
}
2025-06-25 12:20:14 [INFO]: Tabella activities verificata/creata
{
  "service": "nexus-crm"
}
2025-06-25 12:20:14 [INFO]: Tabella products verificata/creata
{
  "service": "nexus-crm"
}
2025-06-25 12:20:14 [INFO]: Tabella contracts verificata/creata
{
  "service": "nexus-crm"
}
2025-06-25 12:20:14 [INFO]: Tabella user_sessions creata
{
  "service": "nexus-crm"
}
2025-06-25 12:20:14 [INFO]: Utente admin già esistente
{
  "service": "nexus-crm"
}
2025-06-25 12:20:17 [INFO]: HTTP Request
{
  "service": "nexus-crm",
  "method": "GET",
  "url": "/login",
  "ip": "::1",
  "userAgent": "Mozilla/5.0 (Windows NT 10.0; Win64; x64) AppleWebKit/537.36 (KHTML, like Gecko) Chrome/137.0.0.0 Safari/537.36",
  "statusCode": 200,
  "duration": "8ms",
  "contentLength": 4597
}
2025-06-25 12:20:24 [INFO]: Login riuscito
{
  "service": "nexus-crm",
  "userId": 1,
  "username": "admin",
  "role": "administrator",
  "ip": "::1",
  "userAgent": "Mozilla/5.0 (Windows NT 10.0; Win64; x64) AppleWebKit/537.36 (KHTML, like Gecko) Chrome/137.0.0.0 Safari/537.36"
}
2025-06-25 12:20:24 [INFO]: Login completato con successo
{
  "service": "nexus-crm",
  "userId": 1,
  "username": "admin",
  "role": "administrator",
  "ip": "::1",
  "sessionId": "MdRKv6NhzpjFLze9hf7eInOhtJKdRKtQ"
}
2025-06-25 12:20:24 [INFO]: HTTP Request
{
  "service": "nexus-crm",
  "method": "GET",
  "url": "/",
  "ip": "::1",
  "userAgent": "Mozilla/5.0 (Windows NT 10.0; Win64; x64) AppleWebKit/537.36 (KHTML, like Gecko) Chrome/137.0.0.0 Safari/537.36",
  "userId": 1,
  "username": "admin",
  "statusCode": 200,
  "duration": "5ms",
  "contentLength": 10592
}
2025-06-25 12:20:24 [INFO]: Sessione utente loggata
{
  "service": "nexus-crm",
  "userId": 1,
  "sessionLogId": 21,
  "ip": "::1"
}
2025-06-25 12:20:24 [DEBUG]: Session ID aggiornato
{
  "service": "nexus-crm",
  "sessionLogId": 21,
  "realSessionId": "MdRKv6NhzpjFLze9hf7eInOhtJKdRKtQ"
}
2025-06-25 12:20:25 [INFO]: HTTP Request
{
  "service": "nexus-crm",
  "method": "GET",
  "url": "/clients",
  "ip": "::1",
  "userAgent": "Mozilla/5.0 (Windows NT 10.0; Win64; x64) AppleWebKit/537.36 (KHTML, like Gecko) Chrome/137.0.0.0 Safari/537.36",
  "userId": 1,
  "username": "admin",
  "statusCode": 200,
  "duration": "8ms",
  "contentLength": 10552
}
2025-06-25 12:20:25 [INFO]: HTTP Request
{
  "service": "nexus-crm",
  "method": "GET",
  "url": "/clients",
  "ip": "::1",
  "userAgent": "Mozilla/5.0 (Windows NT 10.0; Win64; x64) AppleWebKit/537.36 (KHTML, like Gecko) Chrome/137.0.0.0 Safari/537.36",
  "userId": 1,
  "username": "admin",
  "statusCode": 200,
  "duration": "5ms",
  "contentLength": 10552
}
2025-06-25 12:20:26 [INFO]: HTTP Request
{
  "service": "nexus-crm",
  "method": "GET",
  "url": "/clients",
  "ip": "::1",
  "userAgent": "Mozilla/5.0 (Windows NT 10.0; Win64; x64) AppleWebKit/537.36 (KHTML, like Gecko) Chrome/137.0.0.0 Safari/537.36",
  "userId": 1,
  "username": "admin",
  "statusCode": 200,
  "duration": "6ms",
  "contentLength": 10552
}
2025-06-25 12:20:33 [INFO]: HTTP Request
{
  "service": "nexus-crm",
  "method": "GET",
  "url": "/clients/import-bill",
  "ip": "::1",
  "userAgent": "Mozilla/5.0 (Windows NT 10.0; Win64; x64) AppleWebKit/537.36 (KHTML, like Gecko) Chrome/137.0.0.0 Safari/537.36",
  "userId": 1,
  "username": "admin",
  "statusCode": 200,
  "duration": "7ms",
  "contentLength": 19489
}
2025-06-25 12:20:41 [INFO]: HTTP Request
{
  "service": "nexus-crm",
  "method": "POST",
  "url": "/api/test/test",
  "ip": "::1",
  "userAgent": "Mozilla/5.0 (Windows NT 10.0; Win64; x64) AppleWebKit/537.36 (KHTML, like Gecko) Chrome/137.0.0.0 Safari/537.36",
  "statusCode": 200,
  "duration": "431ms",
  "contentLength": 824
}
2025-06-25 12:20:42 [INFO]: HTTP Request
{
  "service": "nexus-crm",
  "method": "GET",
  "url": "/clients/new-from-bill?data=%7B%22fiscalCode%22%3A%22NGLDIA74A56I293T%22%2C%22vatNumber%22%3A%2204494920616%22%2C%22pod%22%3A%22IT001E81073372%22%2C%22postalCode%22%3A%2280138%22%2C%22firstName%22%3A%22IDA%22%2C%22lastName%22%3A%22ANGELINO%22%2C%22clientName%22%3A%22IDA%20ANGELINO%22%2C%22address%22%3A%22Via%20Duomo%20215%2080138%20Napoli%20NA%22%2C%22city%22%3A%22Napoli%22%2C%22province%22%3A%22NA%22%2C%22supplier%22%3A%22ENEL%20ENERGIA%22%2C%22provider%22%3A%22ENEL%22%2C%22billType%22%3A%22energia_elettrica%22%2C%22supplyType%22%3A%22Altri%20usi%22%2C%22customerNumber%22%3A%22111206508%22%2C%22electricConsumption%22%3A5170%2C%22powerCommitted%22%3A15%7D",
  "ip": "::1",
  "userAgent": "Mozilla/5.0 (Windows NT 10.0; Win64; x64) AppleWebKit/537.36 (KHTML, like Gecko) Chrome/137.0.0.0 Safari/537.36",
  "userId": 1,
  "username": "admin",
  "statusCode": 200,
  "duration": "6ms",
  "contentLength": 19169
}
2025-06-25 12:21:52 [INFO]: HTTP Request
{
  "service": "nexus-crm",
  "method": "GET",
  "url": "/",
  "ip": "::1",
  "userAgent": "Mozilla/5.0 (Windows NT 10.0; Win64; x64) AppleWebKit/537.36 (KHTML, like Gecko) Chrome/137.0.0.0 Safari/537.36",
  "userId": 1,
  "username": "admin",
  "statusCode": 200,
  "duration": "5ms",
  "contentLength": 10592
}
2025-06-25 12:21:54 [INFO]: HTTP Request
{
  "service": "nexus-crm",
  "method": "GET",
  "url": "/clients",
  "ip": "::1",
  "userAgent": "Mozilla/5.0 (Windows NT 10.0; Win64; x64) AppleWebKit/537.36 (KHTML, like Gecko) Chrome/137.0.0.0 Safari/537.36",
  "userId": 1,
  "username": "admin",
  "statusCode": 200,
  "duration": "22ms",
  "contentLength": 10552
}
2025-06-25 12:21:55 [INFO]: HTTP Request
{
  "service": "nexus-crm",
  "method": "GET",
  "url": "/clients/import-bill",
  "ip": "::1",
  "userAgent": "Mozilla/5.0 (Windows NT 10.0; Win64; x64) AppleWebKit/537.36 (KHTML, like Gecko) Chrome/137.0.0.0 Safari/537.36",
  "userId": 1,
  "username": "admin",
  "statusCode": 200,
  "duration": "7ms",
  "contentLength": 19489
}
2025-06-25 12:22:02 [INFO]: HTTP Request
{
  "service": "nexus-crm",
  "method": "POST",
  "url": "/api/test/test",
  "ip": "::1",
  "userAgent": "Mozilla/5.0 (Windows NT 10.0; Win64; x64) AppleWebKit/537.36 (KHTML, like Gecko) Chrome/137.0.0.0 Safari/537.36",
  "statusCode": 200,
  "duration": "125ms",
  "contentLength": 824
}
2025-06-25 12:22:03 [INFO]: HTTP Request
{
  "service": "nexus-crm",
  "method": "GET",
  "url": "/clients/new-from-bill?data=%7B%22fiscalCode%22%3A%22NGLDIA74A56I293T%22%2C%22vatNumber%22%3A%2204494920616%22%2C%22pod%22%3A%22IT001E81073372%22%2C%22postalCode%22%3A%2280138%22%2C%22firstName%22%3A%22IDA%22%2C%22lastName%22%3A%22ANGELINO%22%2C%22clientName%22%3A%22IDA%20ANGELINO%22%2C%22address%22%3A%22Via%20Duomo%20215%2080138%20Napoli%20NA%22%2C%22city%22%3A%22Napoli%22%2C%22province%22%3A%22NA%22%2C%22supplier%22%3A%22ENEL%20ENERGIA%22%2C%22provider%22%3A%22ENEL%22%2C%22billType%22%3A%22energia_elettrica%22%2C%22supplyType%22%3A%22Altri%20usi%22%2C%22customerNumber%22%3A%22111206508%22%2C%22electricConsumption%22%3A5170%2C%22powerCommitted%22%3A15%7D",
  "ip": "::1",
  "userAgent": "Mozilla/5.0 (Windows NT 10.0; Win64; x64) AppleWebKit/537.36 (KHTML, like Gecko) Chrome/137.0.0.0 Safari/537.36",
  "userId": 1,
  "username": "admin",
  "statusCode": 200,
  "duration": "20ms",
  "contentLength": 19169
}
2025-06-25 12:24:08 [INFO]: HTTP Request
{
  "service": "nexus-crm",
  "method": "GET",
  "url": "/clients/view/undefined",
  "ip": "::1",
  "userAgent": "Mozilla/5.0 (Windows NT 10.0; Win64; x64) AppleWebKit/537.36 (KHTML, like Gecko) Chrome/137.0.0.0 Safari/537.36",
  "userId": 1,
  "username": "admin",
  "statusCode": 404,
  "duration": "4ms",
  "contentLength": 7748
}
2025-06-25 12:40:06 [INFO]: Ricevuto SIGINT, chiusura database...
{
  "service": "nexus-crm"
}
2025-06-25 12:40:09 [INFO]: Avvio NEXUS CRM
{
  "service": "nexus-crm",
  "port": 3000
}
2025-06-25 12:40:10 [INFO]: Server avviato con successo
{
  "service": "nexus-crm",
  "port": 3000,
  "nodeEnv": "development",
  "nodeVersion": "v22.13.1"
}
2025-06-25 12:40:10 [INFO]: Connesso al database SQLite
{
  "service": "nexus-crm",
  "dbPath": "C:\\progetti\\nexus-crm\\data\\nexus.db"
}
2025-06-25 12:40:10 [INFO]: Tabella users verificata/creata
{
  "service": "nexus-crm"
}
2025-06-25 12:40:10 [INFO]: Tabella clients verificata/creata
{
  "service": "nexus-crm"
}
2025-06-25 12:40:10 [INFO]: Tabella activities verificata/creata
{
  "service": "nexus-crm"
}
2025-06-25 12:40:10 [INFO]: Tabella products verificata/creata
{
  "service": "nexus-crm"
}
2025-06-25 12:40:10 [INFO]: Tabella contracts verificata/creata
{
  "service": "nexus-crm"
}
2025-06-25 12:40:10 [INFO]: Tabella user_sessions creata
{
  "service": "nexus-crm"
}
2025-06-25 12:40:10 [INFO]: Utente admin già esistente
{
  "service": "nexus-crm"
}
2025-06-25 12:40:17 [INFO]: HTTP Request
{
  "service": "nexus-crm",
  "method": "GET",
  "url": "/login",
  "ip": "::1",
  "userAgent": "Mozilla/5.0 (Windows NT 10.0; Win64; x64) AppleWebKit/537.36 (KHTML, like Gecko) Chrome/137.0.0.0 Safari/537.36",
  "statusCode": 200,
  "duration": "13ms",
  "contentLength": 4597
}
2025-06-25 12:40:25 [INFO]: Login riuscito
{
  "service": "nexus-crm",
  "userId": 1,
  "username": "admin",
  "role": "administrator",
  "ip": "::1",
  "userAgent": "Mozilla/5.0 (Windows NT 10.0; Win64; x64) AppleWebKit/537.36 (KHTML, like Gecko) Chrome/137.0.0.0 Safari/537.36"
}
2025-06-25 12:40:25 [INFO]: Login completato con successo
{
  "service": "nexus-crm",
  "userId": 1,
  "username": "admin",
  "role": "administrator",
  "ip": "::1",
  "sessionId": "K8k3SRduCjTsliCb5N4Feb2GPtMi1N_u"
}
2025-06-25 12:40:25 [INFO]: HTTP Request
{
  "service": "nexus-crm",
  "method": "GET",
  "url": "/",
  "ip": "::1",
  "userAgent": "Mozilla/5.0 (Windows NT 10.0; Win64; x64) AppleWebKit/537.36 (KHTML, like Gecko) Chrome/137.0.0.0 Safari/537.36",
  "userId": 1,
  "username": "admin",
  "statusCode": 200,
  "duration": "16ms",
  "contentLength": 10592
}
2025-06-25 12:40:25 [INFO]: Sessione utente loggata
{
  "service": "nexus-crm",
  "userId": 1,
  "sessionLogId": 22,
  "ip": "::1"
}
2025-06-25 12:40:25 [DEBUG]: Session ID aggiornato
{
  "service": "nexus-crm",
  "sessionLogId": 22,
  "realSessionId": "K8k3SRduCjTsliCb5N4Feb2GPtMi1N_u"
}
2025-06-25 12:40:27 [INFO]: HTTP Request
{
  "service": "nexus-crm",
  "method": "GET",
  "url": "/clients",
  "ip": "::1",
  "userAgent": "Mozilla/5.0 (Windows NT 10.0; Win64; x64) AppleWebKit/537.36 (KHTML, like Gecko) Chrome/137.0.0.0 Safari/537.36",
  "userId": 1,
  "username": "admin",
  "statusCode": 200,
  "duration": "8ms",
  "contentLength": 12092
}
2025-06-25 12:40:32 [INFO]: HTTP Request
{
  "service": "nexus-crm",
  "method": "GET",
  "url": "/clients",
  "ip": "::1",
  "userAgent": "Mozilla/5.0 (Windows NT 10.0; Win64; x64) AppleWebKit/537.36 (KHTML, like Gecko) Chrome/137.0.0.0 Safari/537.36",
  "userId": 1,
  "username": "admin",
  "statusCode": 200,
  "duration": "5ms",
  "contentLength": 10552
}
2025-06-25 12:40:35 [INFO]: HTTP Request
{
  "service": "nexus-crm",
  "method": "GET",
  "url": "/clients",
  "ip": "::1",
  "userAgent": "Mozilla/5.0 (Windows NT 10.0; Win64; x64) AppleWebKit/537.36 (KHTML, like Gecko) Chrome/137.0.0.0 Safari/537.36",
  "userId": 1,
  "username": "admin",
  "statusCode": 200,
  "duration": "6ms",
  "contentLength": 10552
}
2025-06-25 12:40:36 [INFO]: HTTP Request
{
  "service": "nexus-crm",
  "method": "GET",
  "url": "/clients",
  "ip": "::1",
  "userAgent": "Mozilla/5.0 (Windows NT 10.0; Win64; x64) AppleWebKit/537.36 (KHTML, like Gecko) Chrome/137.0.0.0 Safari/537.36",
  "userId": 1,
  "username": "admin",
  "statusCode": 200,
  "duration": "4ms",
  "contentLength": 10552
}
2025-06-25 12:40:39 [INFO]: HTTP Request
{
  "service": "nexus-crm",
  "method": "GET",
  "url": "/clients/import-bill",
  "ip": "::1",
  "userAgent": "Mozilla/5.0 (Windows NT 10.0; Win64; x64) AppleWebKit/537.36 (KHTML, like Gecko) Chrome/137.0.0.0 Safari/537.36",
  "userId": 1,
  "username": "admin",
  "statusCode": 200,
  "duration": "5ms",
  "contentLength": 19489
}
2025-06-25 12:40:48 [INFO]: HTTP Request
{
  "service": "nexus-crm",
  "method": "POST",
  "url": "/api/test/test",
  "ip": "::1",
  "userAgent": "Mozilla/5.0 (Windows NT 10.0; Win64; x64) AppleWebKit/537.36 (KHTML, like Gecko) Chrome/137.0.0.0 Safari/537.36",
  "statusCode": 200,
  "duration": "406ms",
  "contentLength": 834
}
2025-06-25 12:40:49 [INFO]: HTTP Request
{
  "service": "nexus-crm",
  "method": "GET",
  "url": "/clients/new-from-bill?data=%7B%22fiscalCode%22%3A%22NGLDIA74A56I293T%22%2C%22vatNumber%22%3A%2204494920616%22%2C%22pod%22%3A%22IT001E81073372%22%2C%22postalCode%22%3A%2280138%22%2C%22firstName%22%3A%22IDA%22%2C%22lastName%22%3A%22ANGELINO%22%2C%22clientName%22%3A%22IDA%20ANGELINO%22%2C%22address%22%3A%22Via%20Duomo%20215%22%2C%22city%22%3A%22Napoli%22%2C%22province%22%3A%22NA%22%2C%22supplier%22%3A%22ENEL%20ENERGIA%22%2C%22provider%22%3A%22ENEL%22%2C%22billType%22%3A%22energia_elettrica%22%2C%22supplyType%22%3A%22Altri%20usi%22%2C%22customerNumber%22%3A%22111206508%22%2C%22company%22%3A%22IDA%20ANGELINO%22%2C%22electricConsumption%22%3A17378%2C%22powerCommitted%22%3A15%7D",
  "ip": "::1",
  "userAgent": "Mozilla/5.0 (Windows NT 10.0; Win64; x64) AppleWebKit/537.36 (KHTML, like Gecko) Chrome/137.0.0.0 Safari/537.36",
  "userId": 1,
  "username": "admin",
  "statusCode": 200,
  "duration": "5ms",
  "contentLength": 20077
}
2025-06-25 12:40:55 [INFO]: HTTP Request
{
  "service": "nexus-crm",
  "method": "GET",
  "url": "/clients",
  "ip": "::1",
  "userAgent": "Mozilla/5.0 (Windows NT 10.0; Win64; x64) AppleWebKit/537.36 (KHTML, like Gecko) Chrome/137.0.0.0 Safari/537.36",
  "userId": 1,
  "username": "admin",
  "statusCode": 200,
  "duration": "8ms",
  "contentLength": 12103
}
2025-06-25 12:41:02 [INFO]: HTTP Request
{
  "service": "nexus-crm",
  "method": "GET",
  "url": "/clients/view/4",
  "ip": "::1",
  "userAgent": "Mozilla/5.0 (Windows NT 10.0; Win64; x64) AppleWebKit/537.36 (KHTML, like Gecko) Chrome/137.0.0.0 Safari/537.36",
  "userId": 1,
  "username": "admin",
  "statusCode": 200,
  "duration": "101ms",
  "contentLength": 13543
}
2025-06-25 12:41:18 [INFO]: HTTP Request
{
  "service": "nexus-crm",
  "method": "GET",
  "url": "/clients/edit/4",
  "ip": "::1",
  "userAgent": "Mozilla/5.0 (Windows NT 10.0; Win64; x64) AppleWebKit/537.36 (KHTML, like Gecko) Chrome/137.0.0.0 Safari/537.36",
  "userId": 1,
  "username": "admin",
  "statusCode": 200,
  "duration": "7ms",
  "contentLength": 24555
}
2025-06-25 12:41:30 [INFO]: HTTP Request
{
  "service": "nexus-crm",
  "method": "GET",
  "url": "/clients/4/utilities",
  "ip": "::1",
  "userAgent": "Mozilla/5.0 (Windows NT 10.0; Win64; x64) AppleWebKit/537.36 (KHTML, like Gecko) Chrome/137.0.0.0 Safari/537.36",
  "userId": 1,
  "username": "admin",
  "statusCode": 200,
  "duration": "12ms",
  "contentLength": 8896
}
2025-06-25 12:53:26 [INFO]: Ricevuto SIGINT, chiusura database...
{
  "service": "nexus-crm"
}
