2025-06-26 12:32:13 [INFO]: Avvio NEXUS CRM
{
  "service": "nexus-crm",
  "port": 3000
}
2025-06-26 12:32:14 [INFO]: Server avviato con successo
{
  "service": "nexus-crm",
  "port": 3000,
  "nodeEnv": "development",
  "nodeVersion": "v22.13.1"
}
2025-06-26 12:32:14 [INFO]: Connesso al database SQLite
{
  "service": "nexus-crm",
  "dbPath": "C:\\progetti\\nexus-crm\\data\\nexus.db"
}
2025-06-26 12:32:14 [INFO]: Tabella users verificata/creata
{
  "service": "nexus-crm"
}
2025-06-26 12:32:14 [INFO]: Tabella clients verificata/creata
{
  "service": "nexus-crm"
}
2025-06-26 12:32:14 [INFO]: Tabella activities verificata/creata
{
  "service": "nexus-crm"
}
2025-06-26 12:32:14 [INFO]: Tabella products verificata/creata
{
  "service": "nexus-crm"
}
2025-06-26 12:32:14 [INFO]: Tabella contracts verificata/creata
{
  "service": "nexus-crm"
}
2025-06-26 12:32:14 [INFO]: Tabella user_sessions creata
{
  "service": "nexus-crm"
}
2025-06-26 12:32:14 [INFO]: Tabella electricity_utilities verificata/creata
{
  "service": "nexus-crm"
}
2025-06-26 12:32:14 [INFO]: Tabella gas_utilities verificata/creata
{
  "service": "nexus-crm"
}
2025-06-26 12:32:14 [INFO]: Utente admin già esistente
{
  "service": "nexus-crm"
}
2025-06-26 12:32:29 [INFO]: HTTP Request
{
  "service": "nexus-crm",
  "method": "GET",
  "url": "/login",
  "ip": "::1",
  "userAgent": "Mozilla/5.0 (Windows NT 10.0; Win64; x64) AppleWebKit/537.36 (KHTML, like Gecko) Chrome/137.0.0.0 Safari/537.36",
  "statusCode": 200,
  "duration": "10ms",
  "contentLength": 4680
}
2025-06-26 12:32:36 [INFO]: Login riuscito
{
  "service": "nexus-crm",
  "userId": 1,
  "username": "admin",
  "role": "administrator",
  "ip": "::1",
  "userAgent": "Mozilla/5.0 (Windows NT 10.0; Win64; x64) AppleWebKit/537.36 (KHTML, like Gecko) Chrome/137.0.0.0 Safari/537.36"
}
2025-06-26 12:32:36 [INFO]: Login completato con successo
{
  "service": "nexus-crm",
  "userId": 1,
  "username": "admin",
  "role": "administrator",
  "ip": "::1",
  "sessionId": "VM9GA1fDo2abzGFalWMs7c9r0J3OtQul"
}
2025-06-26 12:32:36 [INFO]: HTTP Request
{
  "service": "nexus-crm",
  "method": "GET",
  "url": "/",
  "ip": "::1",
  "userAgent": "Mozilla/5.0 (Windows NT 10.0; Win64; x64) AppleWebKit/537.36 (KHTML, like Gecko) Chrome/137.0.0.0 Safari/537.36",
  "userId": 1,
  "username": "admin",
  "statusCode": 200,
  "duration": "12ms",
  "contentLength": 12130
}
2025-06-26 12:32:36 [INFO]: Sessione utente loggata
{
  "service": "nexus-crm",
  "userId": 1,
  "sessionLogId": 48,
  "ip": "::1"
}
2025-06-26 12:32:36 [DEBUG]: Session ID aggiornato
{
  "service": "nexus-crm",
  "sessionLogId": 48,
  "realSessionId": "VM9GA1fDo2abzGFalWMs7c9r0J3OtQul"
}
2025-06-26 12:32:40 [INFO]: HTTP Request
{
  "service": "nexus-crm",
  "method": "GET",
  "url": "/contracts/stats",
  "ip": "::1",
  "userAgent": "Mozilla/5.0 (Windows NT 10.0; Win64; x64) AppleWebKit/537.36 (KHTML, like Gecko) Chrome/137.0.0.0 Safari/537.36",
  "userId": 1,
  "username": "admin",
  "statusCode": 200,
  "duration": "11ms",
  "contentLength": 13016
}
2025-06-26 12:32:44 [INFO]: HTTP Request
{
  "service": "nexus-crm",
  "method": "GET",
  "url": "/clients",
  "ip": "::1",
  "userAgent": "Mozilla/5.0 (Windows NT 10.0; Win64; x64) AppleWebKit/537.36 (KHTML, like Gecko) Chrome/137.0.0.0 Safari/537.36",
  "userId": 1,
  "username": "admin",
  "statusCode": 200,
  "duration": "9ms",
  "contentLength": 13644
}
2025-06-26 12:32:46 [INFO]: HTTP Request
{
  "service": "nexus-crm",
  "method": "GET",
  "url": "/contracts",
  "ip": "::1",
  "userAgent": "Mozilla/5.0 (Windows NT 10.0; Win64; x64) AppleWebKit/537.36 (KHTML, like Gecko) Chrome/137.0.0.0 Safari/537.36",
  "userId": 1,
  "username": "admin",
  "statusCode": 200,
  "duration": "98ms",
  "contentLength": 12770
}
2025-06-26 12:32:48 [INFO]: HTTP Request
{
  "service": "nexus-crm",
  "method": "GET",
  "url": "/contracts",
  "ip": "::1",
  "userAgent": "Mozilla/5.0 (Windows NT 10.0; Win64; x64) AppleWebKit/537.36 (KHTML, like Gecko) Chrome/137.0.0.0 Safari/537.36",
  "userId": 1,
  "username": "admin",
  "statusCode": 200,
  "duration": "10ms",
  "contentLength": 12770
}
2025-06-26 12:32:49 [INFO]: HTTP Request
{
  "service": "nexus-crm",
  "method": "GET",
  "url": "/contracts",
  "ip": "::1",
  "userAgent": "Mozilla/5.0 (Windows NT 10.0; Win64; x64) AppleWebKit/537.36 (KHTML, like Gecko) Chrome/137.0.0.0 Safari/537.36",
  "userId": 1,
  "username": "admin",
  "statusCode": 200,
  "duration": "8ms",
  "contentLength": 12770
}
2025-06-26 12:32:49 [INFO]: HTTP Request
{
  "service": "nexus-crm",
  "method": "GET",
  "url": "/contracts",
  "ip": "::1",
  "userAgent": "Mozilla/5.0 (Windows NT 10.0; Win64; x64) AppleWebKit/537.36 (KHTML, like Gecko) Chrome/137.0.0.0 Safari/537.36",
  "userId": 1,
  "username": "admin",
  "statusCode": 200,
  "duration": "18ms",
  "contentLength": 12770
}
2025-06-26 12:34:19 [INFO]: Ricevuto SIGINT, chiusura database...
{
  "service": "nexus-crm"
}
2025-06-26 12:46:44 [INFO]: Avvio NEXUS CRM
{
  "service": "nexus-crm",
  "port": 3000
}
2025-06-26 12:46:44 [INFO]: Server avviato con successo
{
  "service": "nexus-crm",
  "port": 3000,
  "nodeEnv": "development",
  "nodeVersion": "v22.13.1"
}
2025-06-26 12:46:44 [INFO]: Connesso al database SQLite
{
  "service": "nexus-crm",
  "dbPath": "C:\\progetti\\nexus-crm\\data\\nexus.db"
}
2025-06-26 12:46:44 [INFO]: Tabella users verificata/creata
{
  "service": "nexus-crm"
}
2025-06-26 12:46:44 [INFO]: Tabella clients verificata/creata
{
  "service": "nexus-crm"
}
2025-06-26 12:46:44 [INFO]: Tabella activities verificata/creata
{
  "service": "nexus-crm"
}
2025-06-26 12:46:44 [INFO]: Tabella products verificata/creata
{
  "service": "nexus-crm"
}
2025-06-26 12:46:44 [INFO]: Tabella contracts verificata/creata
{
  "service": "nexus-crm"
}
2025-06-26 12:46:44 [INFO]: Tabella user_sessions creata
{
  "service": "nexus-crm"
}
2025-06-26 12:46:44 [INFO]: Tabella electricity_utilities verificata/creata
{
  "service": "nexus-crm"
}
2025-06-26 12:46:44 [INFO]: Tabella gas_utilities verificata/creata
{
  "service": "nexus-crm"
}
2025-06-26 12:46:44 [INFO]: Utente admin già esistente
{
  "service": "nexus-crm"
}
2025-06-26 12:46:51 [INFO]: HTTP Request
{
  "service": "nexus-crm",
  "method": "GET",
  "url": "/login",
  "ip": "::1",
  "userAgent": "Mozilla/5.0 (Windows NT 10.0; Win64; x64) AppleWebKit/537.36 (KHTML, like Gecko) Chrome/137.0.0.0 Safari/537.36",
  "statusCode": 200,
  "duration": "8ms",
  "contentLength": 4680
}
2025-06-26 12:46:58 [INFO]: Login riuscito
{
  "service": "nexus-crm",
  "userId": 1,
  "username": "admin",
  "role": "administrator",
  "ip": "::1",
  "userAgent": "Mozilla/5.0 (Windows NT 10.0; Win64; x64) AppleWebKit/537.36 (KHTML, like Gecko) Chrome/137.0.0.0 Safari/537.36"
}
2025-06-26 12:46:58 [INFO]: Login completato con successo
{
  "service": "nexus-crm",
  "userId": 1,
  "username": "admin",
  "role": "administrator",
  "ip": "::1",
  "sessionId": "Sjoh2mMjr_LmSQ8Q9AXVzb2YHWwtDO1D"
}
2025-06-26 12:46:58 [INFO]: Sessione utente loggata
{
  "service": "nexus-crm",
  "userId": 1,
  "sessionLogId": 49,
  "ip": "::1"
}
2025-06-26 12:46:58 [INFO]: HTTP Request
{
  "service": "nexus-crm",
  "method": "GET",
  "url": "/",
  "ip": "::1",
  "userAgent": "Mozilla/5.0 (Windows NT 10.0; Win64; x64) AppleWebKit/537.36 (KHTML, like Gecko) Chrome/137.0.0.0 Safari/537.36",
  "userId": 1,
  "username": "admin",
  "statusCode": 200,
  "duration": "30ms",
  "contentLength": 12130
}
2025-06-26 12:46:58 [DEBUG]: Session ID aggiornato
{
  "service": "nexus-crm",
  "sessionLogId": 49,
  "realSessionId": "Sjoh2mMjr_LmSQ8Q9AXVzb2YHWwtDO1D"
}
2025-06-26 12:47:01 [INFO]: HTTP Request
{
  "service": "nexus-crm",
  "method": "GET",
  "url": "/contracts",
  "ip": "::1",
  "userAgent": "Mozilla/5.0 (Windows NT 10.0; Win64; x64) AppleWebKit/537.36 (KHTML, like Gecko) Chrome/137.0.0.0 Safari/537.36",
  "userId": 1,
  "username": "admin",
  "statusCode": 200,
  "duration": "94ms",
  "contentLength": 12770
}
2025-06-26 12:47:03 [INFO]: HTTP Request
{
  "service": "nexus-crm",
  "method": "GET",
  "url": "/products",
  "ip": "::1",
  "userAgent": "Mozilla/5.0 (Windows NT 10.0; Win64; x64) AppleWebKit/537.36 (KHTML, like Gecko) Chrome/137.0.0.0 Safari/537.36",
  "userId": 1,
  "username": "admin",
  "statusCode": 200,
  "duration": "7ms",
  "contentLength": 11388
}
2025-06-26 12:47:06 [INFO]: HTTP Request
{
  "service": "nexus-crm",
  "method": "GET",
  "url": "/products/new",
  "ip": "::1",
  "userAgent": "Mozilla/5.0 (Windows NT 10.0; Win64; x64) AppleWebKit/537.36 (KHTML, like Gecko) Chrome/137.0.0.0 Safari/537.36",
  "userId": 1,
  "username": "admin",
  "statusCode": 200,
  "duration": "8ms",
  "contentLength": 11656
}
2025-06-26 14:59:36 [INFO]: Ricevuto SIGINT, chiusura database...
{
  "service": "nexus-crm"
}
2025-06-26 16:22:59 [INFO]: Avvio NEXUS CRM
{
  "service": "nexus-crm",
  "port": 3000
}
2025-06-26 16:22:59 [INFO]: Server avviato con successo
{
  "service": "nexus-crm",
  "port": 3000,
  "nodeEnv": "development",
  "nodeVersion": "v22.13.1"
}
2025-06-26 16:22:59 [INFO]: Connesso al database SQLite
{
  "service": "nexus-crm",
  "dbPath": "C:\\progetti\\nexus-crm\\data\\nexus.db"
}
2025-06-26 16:22:59 [INFO]: Tabella users verificata/creata
{
  "service": "nexus-crm"
}
2025-06-26 16:22:59 [INFO]: Tabella clients verificata/creata
{
  "service": "nexus-crm"
}
2025-06-26 16:22:59 [INFO]: Tabella activities verificata/creata
{
  "service": "nexus-crm"
}
2025-06-26 16:22:59 [INFO]: Tabella products verificata/creata
{
  "service": "nexus-crm"
}
2025-06-26 16:22:59 [INFO]: Tabella contracts verificata/creata
{
  "service": "nexus-crm"
}
2025-06-26 16:22:59 [INFO]: Tabella user_sessions creata
{
  "service": "nexus-crm"
}
2025-06-26 16:22:59 [INFO]: Tabella electricity_utilities verificata/creata
{
  "service": "nexus-crm"
}
2025-06-26 16:22:59 [INFO]: Tabella gas_utilities verificata/creata
{
  "service": "nexus-crm"
}
2025-06-26 16:22:59 [INFO]: Utente admin già esistente
{
  "service": "nexus-crm"
}
2025-06-26 16:23:02 [ERROR]: Errore connessione SMTP:
Error: Invalid login: 535 5.7.1 Authentication failed
    at SMTPConnection._formatError (C:\progetti\nexus-crm\node_modules\nodemailer\lib\smtp-connection\index.js:790:19)
    at SMTPConnection._actionAUTHComplete (C:\progetti\nexus-crm\node_modules\nodemailer\lib\smtp-connection\index.js:1564:34)
    at SMTPConnection.<anonymous> (C:\progetti\nexus-crm\node_modules\nodemailer\lib\smtp-connection\index.js:546:26)
    at SMTPConnection._processResponse (C:\progetti\nexus-crm\node_modules\nodemailer\lib\smtp-connection\index.js:969:20)
    at SMTPConnection._onData (C:\progetti\nexus-crm\node_modules\nodemailer\lib\smtp-connection\index.js:755:14)
    at SMTPConnection._onSocketData (C:\progetti\nexus-crm\node_modules\nodemailer\lib\smtp-connection\index.js:193:44)
    at TLSSocket.emit (node:events:524:28)
    at addChunk (node:internal/streams/readable:561:12)
    at readableAddChunkPushByteMode (node:internal/streams/readable:512:3)
    at Readable.push (node:internal/streams/readable:392:5)
{
  "service": "nexus-crm",
  "error": "Invalid login: 535 5.7.1 Authentication failed"
}
2025-06-26 16:23:02 [WARN]: ⚠️ Servizio email non configurato - controlla variabili ambiente SMTP
{
  "service": "nexus-crm"
}
2025-06-26 16:23:09 [INFO]: HTTP Request
{
  "service": "nexus-crm",
  "method": "GET",
  "url": "/login",
  "ip": "::1",
  "userAgent": "Mozilla/5.0 (Windows NT 10.0; Win64; x64) AppleWebKit/537.36 (KHTML, like Gecko) Chrome/137.0.0.0 Safari/537.36",
  "statusCode": 200,
  "duration": "12ms",
  "contentLength": 4680
}
2025-06-26 16:23:21 [INFO]: Login riuscito
{
  "service": "nexus-crm",
  "userId": 1,
  "username": "admin",
  "role": "administrator",
  "ip": "::1",
  "userAgent": "Mozilla/5.0 (Windows NT 10.0; Win64; x64) AppleWebKit/537.36 (KHTML, like Gecko) Chrome/137.0.0.0 Safari/537.36"
}
2025-06-26 16:23:21 [INFO]: Login completato con successo
{
  "service": "nexus-crm",
  "userId": 1,
  "username": "admin",
  "role": "administrator",
  "ip": "::1",
  "sessionId": "QfZAC8FqypUxr52oAMUVg_hGilknBzcc"
}
2025-06-26 16:23:21 [INFO]: Sessione utente loggata
{
  "service": "nexus-crm",
  "userId": 1,
  "sessionLogId": 50,
  "ip": "::1"
}
2025-06-26 16:23:21 [DEBUG]: Session ID aggiornato
{
  "service": "nexus-crm",
  "sessionLogId": 50,
  "realSessionId": "QfZAC8FqypUxr52oAMUVg_hGilknBzcc"
}
2025-06-26 16:23:22 [INFO]: HTTP Request
{
  "service": "nexus-crm",
  "method": "GET",
  "url": "/dashboard",
  "ip": "::1",
  "userAgent": "Mozilla/5.0 (Windows NT 10.0; Win64; x64) AppleWebKit/537.36 (KHTML, like Gecko) Chrome/137.0.0.0 Safari/537.36",
  "userId": 1,
  "username": "admin",
  "statusCode": 200,
  "duration": "124ms",
  "contentLength": 17561
}
2025-06-26 16:23:31 [INFO]: HTTP Request
{
  "service": "nexus-crm",
  "method": "GET",
  "url": "/clients",
  "ip": "::1",
  "userAgent": "Mozilla/5.0 (Windows NT 10.0; Win64; x64) AppleWebKit/537.36 (KHTML, like Gecko) Chrome/137.0.0.0 Safari/537.36",
  "userId": 1,
  "username": "admin",
  "statusCode": 200,
  "duration": "5ms",
  "contentLength": 13319
}
2025-06-26 16:23:33 [INFO]: HTTP Request
{
  "service": "nexus-crm",
  "method": "GET",
  "url": "/clients/import-bill",
  "ip": "::1",
  "userAgent": "Mozilla/5.0 (Windows NT 10.0; Win64; x64) AppleWebKit/537.36 (KHTML, like Gecko) Chrome/137.0.0.0 Safari/537.36",
  "userId": 1,
  "username": "admin",
  "statusCode": 200,
  "duration": "4ms",
  "contentLength": 21205
}
2025-06-26 16:23:38 [INFO]: HTTP Request
{
  "service": "nexus-crm",
  "method": "GET",
  "url": "/supply-points",
  "ip": "::1",
  "userAgent": "Mozilla/5.0 (Windows NT 10.0; Win64; x64) AppleWebKit/537.36 (KHTML, like Gecko) Chrome/137.0.0.0 Safari/537.36",
  "userId": 1,
  "username": "admin",
  "statusCode": 200,
  "duration": "14ms",
  "contentLength": 15533
}
2025-06-26 16:23:39 [INFO]: HTTP Request
{
  "service": "nexus-crm",
  "method": "GET",
  "url": "/products",
  "ip": "::1",
  "userAgent": "Mozilla/5.0 (Windows NT 10.0; Win64; x64) AppleWebKit/537.36 (KHTML, like Gecko) Chrome/137.0.0.0 Safari/537.36",
  "userId": 1,
  "username": "admin",
  "statusCode": 200,
  "duration": "6ms",
  "contentLength": 11063
}
2025-06-26 16:23:40 [INFO]: HTTP Request
{
  "service": "nexus-crm",
  "method": "GET",
  "url": "/contracts",
  "ip": "::1",
  "userAgent": "Mozilla/5.0 (Windows NT 10.0; Win64; x64) AppleWebKit/537.36 (KHTML, like Gecko) Chrome/137.0.0.0 Safari/537.36",
  "userId": 1,
  "username": "admin",
  "statusCode": 200,
  "duration": "6ms",
  "contentLength": 12445
}
2025-06-26 16:23:40 [INFO]: HTTP Request
{
  "service": "nexus-crm",
  "method": "GET",
  "url": "/contracts",
  "ip": "::1",
  "userAgent": "Mozilla/5.0 (Windows NT 10.0; Win64; x64) AppleWebKit/537.36 (KHTML, like Gecko) Chrome/137.0.0.0 Safari/537.36",
  "userId": 1,
  "username": "admin",
  "statusCode": 200,
  "duration": "5ms",
  "contentLength": 12445
}
2025-06-26 16:23:44 [INFO]: HTTP Request
{
  "service": "nexus-crm",
  "method": "GET",
  "url": "/clients",
  "ip": "::1",
  "userAgent": "Mozilla/5.0 (Windows NT 10.0; Win64; x64) AppleWebKit/537.36 (KHTML, like Gecko) Chrome/137.0.0.0 Safari/537.36",
  "userId": 1,
  "username": "admin",
  "statusCode": 200,
  "duration": "4ms",
  "contentLength": 13319
}
2025-06-26 16:23:46 [INFO]: HTTP Request
{
  "service": "nexus-crm",
  "method": "GET",
  "url": "/clients/edit/15",
  "ip": "::1",
  "userAgent": "Mozilla/5.0 (Windows NT 10.0; Win64; x64) AppleWebKit/537.36 (KHTML, like Gecko) Chrome/137.0.0.0 Safari/537.36",
  "userId": 1,
  "username": "admin",
  "statusCode": 200,
  "duration": "8ms",
  "contentLength": 25770
}
2025-06-26 16:23:50 [INFO]: HTTP Request
{
  "service": "nexus-crm",
  "method": "GET",
  "url": "/notifications",
  "ip": "::1",
  "userAgent": "Mozilla/5.0 (Windows NT 10.0; Win64; x64) AppleWebKit/537.36 (KHTML, like Gecko) Chrome/137.0.0.0 Safari/537.36",
  "userId": 1,
  "username": "admin",
  "statusCode": 200,
  "duration": "9ms",
  "contentLength": 20068
}
2025-06-26 16:23:55 [ERROR]: Errore connessione SMTP:
Error: Invalid login: 535 5.7.1 Authentication failed
    at SMTPConnection._formatError (C:\progetti\nexus-crm\node_modules\nodemailer\lib\smtp-connection\index.js:790:19)
    at SMTPConnection._actionAUTHComplete (C:\progetti\nexus-crm\node_modules\nodemailer\lib\smtp-connection\index.js:1564:34)
    at SMTPConnection.<anonymous> (C:\progetti\nexus-crm\node_modules\nodemailer\lib\smtp-connection\index.js:546:26)
    at SMTPConnection._processResponse (C:\progetti\nexus-crm\node_modules\nodemailer\lib\smtp-connection\index.js:969:20)
    at SMTPConnection._onData (C:\progetti\nexus-crm\node_modules\nodemailer\lib\smtp-connection\index.js:755:14)
    at SMTPConnection._onSocketData (C:\progetti\nexus-crm\node_modules\nodemailer\lib\smtp-connection\index.js:193:44)
    at TLSSocket.emit (node:events:524:28)
    at addChunk (node:internal/streams/readable:561:12)
    at readableAddChunkPushByteMode (node:internal/streams/readable:512:3)
    at Readable.push (node:internal/streams/readable:392:5)
{
  "service": "nexus-crm",
  "error": "Invalid login: 535 5.7.1 Authentication failed"
}
2025-06-26 16:23:55 [INFO]: HTTP Request
{
  "service": "nexus-crm",
  "method": "GET",
  "url": "/notifications/email-status",
  "ip": "::1",
  "userAgent": "Mozilla/5.0 (Windows NT 10.0; Win64; x64) AppleWebKit/537.36 (KHTML, like Gecko) Chrome/137.0.0.0 Safari/537.36",
  "userId": 1,
  "username": "admin",
  "statusCode": 200,
  "duration": "5008ms",
  "contentLength": 80
}
2025-06-26 16:24:00 [ERROR]: Errore invio email:
Error: Invalid login: 535 5.7.1 Authentication failed
    at SMTPConnection._formatError (C:\progetti\nexus-crm\node_modules\nodemailer\lib\smtp-connection\index.js:790:19)
    at SMTPConnection._actionAUTHComplete (C:\progetti\nexus-crm\node_modules\nodemailer\lib\smtp-connection\index.js:1564:34)
    at SMTPConnection.<anonymous> (C:\progetti\nexus-crm\node_modules\nodemailer\lib\smtp-connection\index.js:546:26)
    at SMTPConnection._processResponse (C:\progetti\nexus-crm\node_modules\nodemailer\lib\smtp-connection\index.js:969:20)
    at SMTPConnection._onData (C:\progetti\nexus-crm\node_modules\nodemailer\lib\smtp-connection\index.js:755:14)
    at SMTPConnection._onSocketData (C:\progetti\nexus-crm\node_modules\nodemailer\lib\smtp-connection\index.js:193:44)
    at TLSSocket.emit (node:events:524:28)
    at addChunk (node:internal/streams/readable:561:12)
    at readableAddChunkPushByteMode (node:internal/streams/readable:512:3)
    at Readable.push (node:internal/streams/readable:392:5)
{
  "service": "nexus-crm",
  "error": "Invalid login: 535 5.7.1 Authentication failed",
  "to": "admin@nexus.it",
  "subject": "🧪 Test Email - NEXUS CRM System"
}
2025-06-26 16:24:00 [INFO]: HTTP Request
{
  "service": "nexus-crm",
  "method": "POST",
  "url": "/notifications/test-email",
  "ip": "::1",
  "userAgent": "Mozilla/5.0 (Windows NT 10.0; Win64; x64) AppleWebKit/537.36 (KHTML, like Gecko) Chrome/137.0.0.0 Safari/537.36",
  "userId": 1,
  "username": "admin",
  "statusCode": 500,
  "duration": "2785ms",
  "contentLength": 102
}
2025-06-26 16:24:05 [WARN]: Pagina non trovata
{
  "service": "nexus-crm",
  "url": "/notifications/scheduler-status",
  "method": "GET",
  "ip": "::1",
  "userAgent": "Mozilla/5.0 (Windows NT 10.0; Win64; x64) AppleWebKit/537.36 (KHTML, like Gecko) Chrome/137.0.0.0 Safari/537.36",
  "userId": 1,
  "referer": "http://localhost:3000/notifications"
}
2025-06-26 16:24:05 [INFO]: HTTP Request
{
  "service": "nexus-crm",
  "method": "GET",
  "url": "/notifications/scheduler-status",
  "ip": "::1",
  "userAgent": "Mozilla/5.0 (Windows NT 10.0; Win64; x64) AppleWebKit/537.36 (KHTML, like Gecko) Chrome/137.0.0.0 Safari/537.36",
  "userId": 1,
  "username": "admin",
  "statusCode": 404,
  "duration": "6ms",
  "contentLength": 8960
}
2025-06-26 16:24:17 [INFO]: HTTP Request
{
  "service": "nexus-crm",
  "method": "GET",
  "url": "/dashboard",
  "ip": "::1",
  "userAgent": "Mozilla/5.0 (Windows NT 10.0; Win64; x64) AppleWebKit/537.36 (KHTML, like Gecko) Chrome/137.0.0.0 Safari/537.36",
  "userId": 1,
  "username": "admin",
  "statusCode": 200,
  "duration": "12ms",
  "contentLength": 17561
}
2025-06-26 16:24:27 [INFO]: Ricevuto SIGINT, chiusura database...
{
  "service": "nexus-crm"
}
